[2022-03-18 04:45:39,324] {taskinstance.py:1032} INFO - Dependencies all met for <TaskInstance: pbp_bucket_ingestion_dag.get_pbp_data scheduled__2014-10-04T04:00:00+00:00 [queued]>
[2022-03-18 04:45:39,346] {taskinstance.py:1032} INFO - Dependencies all met for <TaskInstance: pbp_bucket_ingestion_dag.get_pbp_data scheduled__2014-10-04T04:00:00+00:00 [queued]>
[2022-03-18 04:45:39,348] {taskinstance.py:1238} INFO - 
--------------------------------------------------------------------------------
[2022-03-18 04:45:39,350] {taskinstance.py:1239} INFO - Starting attempt 2 of 2
[2022-03-18 04:45:39,354] {taskinstance.py:1240} INFO - 
--------------------------------------------------------------------------------
[2022-03-18 04:45:39,437] {taskinstance.py:1259} INFO - Executing <Task(PythonOperator): get_pbp_data> on 2014-10-04 04:00:00+00:00
[2022-03-18 04:45:39,458] {standard_task_runner.py:52} INFO - Started process 383 to run task
[2022-03-18 04:45:39,498] {standard_task_runner.py:76} INFO - Running: ['***', 'tasks', 'run', 'pbp_bucket_ingestion_dag', 'get_pbp_data', 'scheduled__2014-10-04T04:00:00+00:00', '--job-id', '6235', '--raw', '--subdir', 'DAGS_FOLDER/pbp_ingestion_dag.py', '--cfg-path', '/tmp/tmpvigtu5dt', '--error-file', '/tmp/tmp594yl529']
[2022-03-18 04:45:39,504] {standard_task_runner.py:77} INFO - Job 6235: Subtask get_pbp_data
[2022-03-18 04:45:39,676] {logging_mixin.py:109} INFO - Running <TaskInstance: pbp_bucket_ingestion_dag.get_pbp_data scheduled__2014-10-04T04:00:00+00:00 [running]> on host a2ba0547c319
[2022-03-18 04:45:39,859] {taskinstance.py:1426} INFO - Exporting the following env vars:
AIRFLOW_CTX_DAG_OWNER=***
AIRFLOW_CTX_DAG_ID=pbp_bucket_ingestion_dag
AIRFLOW_CTX_TASK_ID=get_pbp_data
AIRFLOW_CTX_EXECUTION_DATE=2014-10-04T04:00:00+00:00
AIRFLOW_CTX_DAG_RUN_ID=scheduled__2014-10-04T04:00:00+00:00
[2022-03-18 04:45:45,747] {python.py:175} INFO - Done. Returned value was: None
[2022-03-18 04:45:45,766] {taskinstance.py:1277} INFO - Marking task as SUCCESS. dag_id=pbp_bucket_ingestion_dag, task_id=get_pbp_data, execution_date=20141004T040000, start_date=20220318T044539, end_date=20220318T044545
[2022-03-18 04:45:45,851] {local_task_job.py:154} INFO - Task exited with return code 0
[2022-03-18 04:45:45,960] {local_task_job.py:264} INFO - 0 downstream tasks scheduled from follow-on schedule check
