[2022-03-18 15:29:26,451] {taskinstance.py:1032} INFO - Dependencies all met for <TaskInstance: pbp_bucket_ingestion_dag.get_pbp_data scheduled__2011-07-15T04:00:00+00:00 [queued]>
[2022-03-18 15:29:26,471] {taskinstance.py:1032} INFO - Dependencies all met for <TaskInstance: pbp_bucket_ingestion_dag.get_pbp_data scheduled__2011-07-15T04:00:00+00:00 [queued]>
[2022-03-18 15:29:26,472] {taskinstance.py:1238} INFO - 
--------------------------------------------------------------------------------
[2022-03-18 15:29:26,475] {taskinstance.py:1239} INFO - Starting attempt 2 of 3
[2022-03-18 15:29:26,476] {taskinstance.py:1240} INFO - 
--------------------------------------------------------------------------------
[2022-03-18 15:29:26,497] {taskinstance.py:1259} INFO - Executing <Task(PythonOperator): get_pbp_data> on 2011-07-15 04:00:00+00:00
[2022-03-18 15:29:26,506] {standard_task_runner.py:52} INFO - Started process 225 to run task
[2022-03-18 15:29:26,512] {standard_task_runner.py:76} INFO - Running: ['***', 'tasks', 'run', 'pbp_bucket_ingestion_dag', 'get_pbp_data', 'scheduled__2011-07-15T04:00:00+00:00', '--job-id', '6537', '--raw', '--subdir', 'DAGS_FOLDER/pbp_ingestion_dag.py', '--cfg-path', '/tmp/tmp3r37nk45', '--error-file', '/tmp/tmp15zx_gus']
[2022-03-18 15:29:26,514] {standard_task_runner.py:77} INFO - Job 6537: Subtask get_pbp_data
[2022-03-18 15:29:26,624] {logging_mixin.py:109} INFO - Running <TaskInstance: pbp_bucket_ingestion_dag.get_pbp_data scheduled__2011-07-15T04:00:00+00:00 [running]> on host 64466ce74801
[2022-03-18 15:29:26,717] {taskinstance.py:1426} INFO - Exporting the following env vars:
AIRFLOW_CTX_DAG_OWNER=***
AIRFLOW_CTX_DAG_ID=pbp_bucket_ingestion_dag
AIRFLOW_CTX_TASK_ID=get_pbp_data
AIRFLOW_CTX_EXECUTION_DATE=2011-07-15T04:00:00+00:00
AIRFLOW_CTX_DAG_RUN_ID=scheduled__2011-07-15T04:00:00+00:00
[2022-03-18 15:29:39,169] {python.py:175} INFO - Done. Returned value was: None
[2022-03-18 15:29:39,187] {taskinstance.py:1277} INFO - Marking task as SUCCESS. dag_id=pbp_bucket_ingestion_dag, task_id=get_pbp_data, execution_date=20110715T040000, start_date=20220318T152926, end_date=20220318T152939
[2022-03-18 15:29:39,253] {local_task_job.py:154} INFO - Task exited with return code 0
[2022-03-18 15:29:39,496] {local_task_job.py:264} INFO - 0 downstream tasks scheduled from follow-on schedule check
