[2022-03-18 15:29:32,403] {taskinstance.py:1032} INFO - Dependencies all met for <TaskInstance: pbp_bucket_ingestion_dag.get_pbp_data scheduled__2011-07-18T04:00:00+00:00 [queued]>
[2022-03-18 15:29:32,478] {taskinstance.py:1032} INFO - Dependencies all met for <TaskInstance: pbp_bucket_ingestion_dag.get_pbp_data scheduled__2011-07-18T04:00:00+00:00 [queued]>
[2022-03-18 15:29:32,482] {taskinstance.py:1238} INFO - 
--------------------------------------------------------------------------------
[2022-03-18 15:29:32,486] {taskinstance.py:1239} INFO - Starting attempt 2 of 3
[2022-03-18 15:29:32,489] {taskinstance.py:1240} INFO - 
--------------------------------------------------------------------------------
[2022-03-18 15:29:32,533] {taskinstance.py:1259} INFO - Executing <Task(PythonOperator): get_pbp_data> on 2011-07-18 04:00:00+00:00
[2022-03-18 15:29:32,542] {standard_task_runner.py:52} INFO - Started process 243 to run task
[2022-03-18 15:29:32,573] {standard_task_runner.py:76} INFO - Running: ['***', 'tasks', 'run', 'pbp_bucket_ingestion_dag', 'get_pbp_data', 'scheduled__2011-07-18T04:00:00+00:00', '--job-id', '6540', '--raw', '--subdir', 'DAGS_FOLDER/pbp_ingestion_dag.py', '--cfg-path', '/tmp/tmpk53o52rx', '--error-file', '/tmp/tmpor6jnu_v']
[2022-03-18 15:29:32,583] {standard_task_runner.py:77} INFO - Job 6540: Subtask get_pbp_data
[2022-03-18 15:29:32,728] {logging_mixin.py:109} INFO - Running <TaskInstance: pbp_bucket_ingestion_dag.get_pbp_data scheduled__2011-07-18T04:00:00+00:00 [running]> on host 64466ce74801
[2022-03-18 15:29:32,853] {taskinstance.py:1426} INFO - Exporting the following env vars:
AIRFLOW_CTX_DAG_OWNER=***
AIRFLOW_CTX_DAG_ID=pbp_bucket_ingestion_dag
AIRFLOW_CTX_TASK_ID=get_pbp_data
AIRFLOW_CTX_EXECUTION_DATE=2011-07-18T04:00:00+00:00
AIRFLOW_CTX_DAG_RUN_ID=scheduled__2011-07-18T04:00:00+00:00
[2022-03-18 15:29:44,029] {python.py:175} INFO - Done. Returned value was: None
[2022-03-18 15:29:44,081] {taskinstance.py:1277} INFO - Marking task as SUCCESS. dag_id=pbp_bucket_ingestion_dag, task_id=get_pbp_data, execution_date=20110718T040000, start_date=20220318T152932, end_date=20220318T152944
[2022-03-18 15:29:44,177] {local_task_job.py:154} INFO - Task exited with return code 0
[2022-03-18 15:29:44,283] {local_task_job.py:264} INFO - 0 downstream tasks scheduled from follow-on schedule check
