[2022-03-18 15:22:18,539] {taskinstance.py:1032} INFO - Dependencies all met for <TaskInstance: pbp_bucket_ingestion_dag.get_pbp_data scheduled__2011-02-03T04:00:00+00:00 [queued]>
[2022-03-18 15:22:18,577] {taskinstance.py:1032} INFO - Dependencies all met for <TaskInstance: pbp_bucket_ingestion_dag.get_pbp_data scheduled__2011-02-03T04:00:00+00:00 [queued]>
[2022-03-18 15:22:18,579] {taskinstance.py:1238} INFO - 
--------------------------------------------------------------------------------
[2022-03-18 15:22:18,580] {taskinstance.py:1239} INFO - Starting attempt 2 of 3
[2022-03-18 15:22:18,582] {taskinstance.py:1240} INFO - 
--------------------------------------------------------------------------------
[2022-03-18 15:22:18,615] {taskinstance.py:1259} INFO - Executing <Task(PythonOperator): get_pbp_data> on 2011-02-03 04:00:00+00:00
[2022-03-18 15:22:18,629] {standard_task_runner.py:52} INFO - Started process 467 to run task
[2022-03-18 15:22:18,650] {standard_task_runner.py:76} INFO - Running: ['***', 'tasks', 'run', 'pbp_bucket_ingestion_dag', 'get_pbp_data', 'scheduled__2011-02-03T04:00:00+00:00', '--job-id', '6473', '--raw', '--subdir', 'DAGS_FOLDER/pbp_ingestion_dag.py', '--cfg-path', '/tmp/tmpn6wncmha', '--error-file', '/tmp/tmps2q8v3ch']
[2022-03-18 15:22:18,653] {standard_task_runner.py:77} INFO - Job 6473: Subtask get_pbp_data
[2022-03-18 15:22:18,803] {logging_mixin.py:109} INFO - Running <TaskInstance: pbp_bucket_ingestion_dag.get_pbp_data scheduled__2011-02-03T04:00:00+00:00 [running]> on host 9a1698cd207d
[2022-03-18 15:22:18,879] {taskinstance.py:1426} INFO - Exporting the following env vars:
AIRFLOW_CTX_DAG_OWNER=***
AIRFLOW_CTX_DAG_ID=pbp_bucket_ingestion_dag
AIRFLOW_CTX_TASK_ID=get_pbp_data
AIRFLOW_CTX_EXECUTION_DATE=2011-02-03T04:00:00+00:00
AIRFLOW_CTX_DAG_RUN_ID=scheduled__2011-02-03T04:00:00+00:00
[2022-03-18 15:22:19,319] {python.py:175} INFO - Done. Returned value was: None
[2022-03-18 15:22:19,344] {taskinstance.py:1277} INFO - Marking task as SUCCESS. dag_id=pbp_bucket_ingestion_dag, task_id=get_pbp_data, execution_date=20110203T040000, start_date=20220318T152218, end_date=20220318T152219
[2022-03-18 15:22:19,387] {local_task_job.py:154} INFO - Task exited with return code 0
[2022-03-18 15:22:19,448] {local_task_job.py:264} INFO - 0 downstream tasks scheduled from follow-on schedule check
