[2022-03-17 02:26:23,676] {taskinstance.py:1032} INFO - Dependencies all met for <TaskInstance: pbp_bucket_ingestion_dag.get_pbp_data scheduled__2010-03-26T04:00:00+00:00 [queued]>
[2022-03-17 02:26:23,697] {taskinstance.py:1032} INFO - Dependencies all met for <TaskInstance: pbp_bucket_ingestion_dag.get_pbp_data scheduled__2010-03-26T04:00:00+00:00 [queued]>
[2022-03-17 02:26:23,698] {taskinstance.py:1238} INFO - 
--------------------------------------------------------------------------------
[2022-03-17 02:26:23,699] {taskinstance.py:1239} INFO - Starting attempt 3 of 3
[2022-03-17 02:26:23,701] {taskinstance.py:1240} INFO - 
--------------------------------------------------------------------------------
[2022-03-17 02:26:23,726] {taskinstance.py:1259} INFO - Executing <Task(PythonOperator): get_pbp_data> on 2010-03-26 04:00:00+00:00
[2022-03-17 02:26:23,735] {standard_task_runner.py:52} INFO - Started process 380 to run task
[2022-03-17 02:26:23,746] {standard_task_runner.py:76} INFO - Running: ['***', 'tasks', 'run', 'pbp_bucket_ingestion_dag', 'get_pbp_data', 'scheduled__2010-03-26T04:00:00+00:00', '--job-id', '5946', '--raw', '--subdir', 'DAGS_FOLDER/pbp_ingestion_dag.py', '--cfg-path', '/tmp/tmpck1vmges', '--error-file', '/tmp/tmpmznrz1wu']
[2022-03-17 02:26:23,754] {standard_task_runner.py:77} INFO - Job 5946: Subtask get_pbp_data
[2022-03-17 02:26:23,885] {logging_mixin.py:109} INFO - Running <TaskInstance: pbp_bucket_ingestion_dag.get_pbp_data scheduled__2010-03-26T04:00:00+00:00 [running]> on host 99bd6a169b27
[2022-03-17 02:26:23,991] {taskinstance.py:1426} INFO - Exporting the following env vars:
AIRFLOW_CTX_DAG_OWNER=***
AIRFLOW_CTX_DAG_ID=pbp_bucket_ingestion_dag
AIRFLOW_CTX_TASK_ID=get_pbp_data
AIRFLOW_CTX_EXECUTION_DATE=2010-03-26T04:00:00+00:00
AIRFLOW_CTX_DAG_RUN_ID=scheduled__2010-03-26T04:00:00+00:00
[2022-03-17 02:27:10,692] {python.py:175} INFO - Done. Returned value was: None
[2022-03-17 02:27:10,708] {taskinstance.py:1277} INFO - Marking task as SUCCESS. dag_id=pbp_bucket_ingestion_dag, task_id=get_pbp_data, execution_date=20100326T040000, start_date=20220317T022623, end_date=20220317T022710
[2022-03-17 02:27:10,757] {local_task_job.py:154} INFO - Task exited with return code 0
[2022-03-17 02:27:10,998] {local_task_job.py:264} INFO - 0 downstream tasks scheduled from follow-on schedule check
