[2022-03-18 15:23:49,873] {taskinstance.py:1032} INFO - Dependencies all met for <TaskInstance: pbp_bucket_ingestion_dag.get_pbp_data scheduled__2011-06-14T04:00:00+00:00 [queued]>
[2022-03-18 15:23:49,893] {taskinstance.py:1032} INFO - Dependencies all met for <TaskInstance: pbp_bucket_ingestion_dag.get_pbp_data scheduled__2011-06-14T04:00:00+00:00 [queued]>
[2022-03-18 15:23:49,895] {taskinstance.py:1238} INFO - 
--------------------------------------------------------------------------------
[2022-03-18 15:23:49,896] {taskinstance.py:1239} INFO - Starting attempt 2 of 3
[2022-03-18 15:23:49,898] {taskinstance.py:1240} INFO - 
--------------------------------------------------------------------------------
[2022-03-18 15:23:49,927] {taskinstance.py:1259} INFO - Executing <Task(PythonOperator): get_pbp_data> on 2011-06-14 04:00:00+00:00
[2022-03-18 15:23:49,936] {standard_task_runner.py:52} INFO - Started process 607 to run task
[2022-03-18 15:23:49,942] {standard_task_runner.py:76} INFO - Running: ['***', 'tasks', 'run', 'pbp_bucket_ingestion_dag', 'get_pbp_data', 'scheduled__2011-06-14T04:00:00+00:00', '--job-id', '6503', '--raw', '--subdir', 'DAGS_FOLDER/pbp_ingestion_dag.py', '--cfg-path', '/tmp/tmprflt99lh', '--error-file', '/tmp/tmpsjxqe2zh']
[2022-03-18 15:23:49,944] {standard_task_runner.py:77} INFO - Job 6503: Subtask get_pbp_data
[2022-03-18 15:23:50,045] {logging_mixin.py:109} INFO - Running <TaskInstance: pbp_bucket_ingestion_dag.get_pbp_data scheduled__2011-06-14T04:00:00+00:00 [running]> on host 9a1698cd207d
[2022-03-18 15:23:50,143] {taskinstance.py:1426} INFO - Exporting the following env vars:
AIRFLOW_CTX_DAG_OWNER=***
AIRFLOW_CTX_DAG_ID=pbp_bucket_ingestion_dag
AIRFLOW_CTX_TASK_ID=get_pbp_data
AIRFLOW_CTX_EXECUTION_DATE=2011-06-14T04:00:00+00:00
AIRFLOW_CTX_DAG_RUN_ID=scheduled__2011-06-14T04:00:00+00:00
[2022-03-18 15:24:08,506] {python.py:175} INFO - Done. Returned value was: None
[2022-03-18 15:24:08,531] {taskinstance.py:1277} INFO - Marking task as SUCCESS. dag_id=pbp_bucket_ingestion_dag, task_id=get_pbp_data, execution_date=20110614T040000, start_date=20220318T152349, end_date=20220318T152408
[2022-03-18 15:24:08,625] {local_task_job.py:154} INFO - Task exited with return code 0
[2022-03-18 15:24:08,712] {local_task_job.py:264} INFO - 0 downstream tasks scheduled from follow-on schedule check
