[2022-03-18 15:21:49,245] {taskinstance.py:1032} INFO - Dependencies all met for <TaskInstance: pbp_bucket_ingestion_dag.get_pbp_data scheduled__2010-12-16T04:00:00+00:00 [queued]>
[2022-03-18 15:21:49,295] {taskinstance.py:1032} INFO - Dependencies all met for <TaskInstance: pbp_bucket_ingestion_dag.get_pbp_data scheduled__2010-12-16T04:00:00+00:00 [queued]>
[2022-03-18 15:21:49,301] {taskinstance.py:1238} INFO - 
--------------------------------------------------------------------------------
[2022-03-18 15:21:49,304] {taskinstance.py:1239} INFO - Starting attempt 2 of 3
[2022-03-18 15:21:49,307] {taskinstance.py:1240} INFO - 
--------------------------------------------------------------------------------
[2022-03-18 15:21:49,359] {taskinstance.py:1259} INFO - Executing <Task(PythonOperator): get_pbp_data> on 2010-12-16 04:00:00+00:00
[2022-03-18 15:21:49,367] {standard_task_runner.py:52} INFO - Started process 301 to run task
[2022-03-18 15:21:49,383] {standard_task_runner.py:76} INFO - Running: ['***', 'tasks', 'run', 'pbp_bucket_ingestion_dag', 'get_pbp_data', 'scheduled__2010-12-16T04:00:00+00:00', '--job-id', '6423', '--raw', '--subdir', 'DAGS_FOLDER/pbp_ingestion_dag.py', '--cfg-path', '/tmp/tmpq3f26arg', '--error-file', '/tmp/tmp6x7h6e8i']
[2022-03-18 15:21:49,386] {standard_task_runner.py:77} INFO - Job 6423: Subtask get_pbp_data
[2022-03-18 15:21:49,653] {logging_mixin.py:109} INFO - Running <TaskInstance: pbp_bucket_ingestion_dag.get_pbp_data scheduled__2010-12-16T04:00:00+00:00 [running]> on host 9a1698cd207d
[2022-03-18 15:21:49,892] {taskinstance.py:1426} INFO - Exporting the following env vars:
AIRFLOW_CTX_DAG_OWNER=***
AIRFLOW_CTX_DAG_ID=pbp_bucket_ingestion_dag
AIRFLOW_CTX_TASK_ID=get_pbp_data
AIRFLOW_CTX_EXECUTION_DATE=2010-12-16T04:00:00+00:00
AIRFLOW_CTX_DAG_RUN_ID=scheduled__2010-12-16T04:00:00+00:00
[2022-03-18 15:21:50,304] {python.py:175} INFO - Done. Returned value was: None
[2022-03-18 15:21:50,565] {taskinstance.py:1277} INFO - Marking task as SUCCESS. dag_id=pbp_bucket_ingestion_dag, task_id=get_pbp_data, execution_date=20101216T040000, start_date=20220318T152149, end_date=20220318T152150
[2022-03-18 15:21:50,659] {local_task_job.py:154} INFO - Task exited with return code 0
[2022-03-18 15:21:50,756] {local_task_job.py:264} INFO - 0 downstream tasks scheduled from follow-on schedule check
