[2022-03-17 02:53:46,829] {taskinstance.py:1032} INFO - Dependencies all met for <TaskInstance: pbp_bucket_ingestion_dag.get_pbp_data scheduled__2014-08-27T04:00:00+00:00 [queued]>
[2022-03-17 02:53:46,850] {taskinstance.py:1032} INFO - Dependencies all met for <TaskInstance: pbp_bucket_ingestion_dag.get_pbp_data scheduled__2014-08-27T04:00:00+00:00 [queued]>
[2022-03-17 02:53:46,852] {taskinstance.py:1238} INFO - 
--------------------------------------------------------------------------------
[2022-03-17 02:53:46,853] {taskinstance.py:1239} INFO - Starting attempt 2 of 2
[2022-03-17 02:53:46,854] {taskinstance.py:1240} INFO - 
--------------------------------------------------------------------------------
[2022-03-17 02:53:46,871] {taskinstance.py:1259} INFO - Executing <Task(PythonOperator): get_pbp_data> on 2014-08-27 04:00:00+00:00
[2022-03-17 02:53:46,879] {standard_task_runner.py:52} INFO - Started process 809 to run task
[2022-03-17 02:53:46,885] {standard_task_runner.py:76} INFO - Running: ['***', 'tasks', 'run', 'pbp_bucket_ingestion_dag', 'get_pbp_data', 'scheduled__2014-08-27T04:00:00+00:00', '--job-id', '6011', '--raw', '--subdir', 'DAGS_FOLDER/pbp_ingestion_dag.py', '--cfg-path', '/tmp/tmprve9kcan', '--error-file', '/tmp/tmp75hdsgl2']
[2022-03-17 02:53:46,889] {standard_task_runner.py:77} INFO - Job 6011: Subtask get_pbp_data
[2022-03-17 02:53:47,005] {logging_mixin.py:109} INFO - Running <TaskInstance: pbp_bucket_ingestion_dag.get_pbp_data scheduled__2014-08-27T04:00:00+00:00 [running]> on host 0e12c27218bc
[2022-03-17 02:53:47,103] {taskinstance.py:1426} INFO - Exporting the following env vars:
AIRFLOW_CTX_DAG_OWNER=***
AIRFLOW_CTX_DAG_ID=pbp_bucket_ingestion_dag
AIRFLOW_CTX_TASK_ID=get_pbp_data
AIRFLOW_CTX_EXECUTION_DATE=2014-08-27T04:00:00+00:00
AIRFLOW_CTX_DAG_RUN_ID=scheduled__2014-08-27T04:00:00+00:00
[2022-03-17 02:54:11,466] {python.py:175} INFO - Done. Returned value was: None
[2022-03-17 02:54:11,478] {taskinstance.py:1277} INFO - Marking task as SUCCESS. dag_id=pbp_bucket_ingestion_dag, task_id=get_pbp_data, execution_date=20140827T040000, start_date=20220317T025346, end_date=20220317T025411
[2022-03-17 02:54:11,525] {local_task_job.py:154} INFO - Task exited with return code 0
[2022-03-17 02:54:11,555] {local_task_job.py:264} INFO - 0 downstream tasks scheduled from follow-on schedule check
