[2022-03-18 15:24:17,873] {taskinstance.py:1032} INFO - Dependencies all met for <TaskInstance: pbp_bucket_ingestion_dag.get_pbp_data scheduled__2011-06-20T04:00:00+00:00 [queued]>
[2022-03-18 15:24:17,898] {taskinstance.py:1032} INFO - Dependencies all met for <TaskInstance: pbp_bucket_ingestion_dag.get_pbp_data scheduled__2011-06-20T04:00:00+00:00 [queued]>
[2022-03-18 15:24:17,901] {taskinstance.py:1238} INFO - 
--------------------------------------------------------------------------------
[2022-03-18 15:24:17,902] {taskinstance.py:1239} INFO - Starting attempt 2 of 3
[2022-03-18 15:24:17,903] {taskinstance.py:1240} INFO - 
--------------------------------------------------------------------------------
[2022-03-18 15:24:17,933] {taskinstance.py:1259} INFO - Executing <Task(PythonOperator): get_pbp_data> on 2011-06-20 04:00:00+00:00
[2022-03-18 15:24:17,940] {standard_task_runner.py:52} INFO - Started process 645 to run task
[2022-03-18 15:24:17,970] {standard_task_runner.py:76} INFO - Running: ['***', 'tasks', 'run', 'pbp_bucket_ingestion_dag', 'get_pbp_data', 'scheduled__2011-06-20T04:00:00+00:00', '--job-id', '6509', '--raw', '--subdir', 'DAGS_FOLDER/pbp_ingestion_dag.py', '--cfg-path', '/tmp/tmpbqt3zsjv', '--error-file', '/tmp/tmpw7s_t8fe']
[2022-03-18 15:24:17,973] {standard_task_runner.py:77} INFO - Job 6509: Subtask get_pbp_data
[2022-03-18 15:24:18,174] {logging_mixin.py:109} INFO - Running <TaskInstance: pbp_bucket_ingestion_dag.get_pbp_data scheduled__2011-06-20T04:00:00+00:00 [running]> on host 9a1698cd207d
[2022-03-18 15:24:18,395] {taskinstance.py:1426} INFO - Exporting the following env vars:
AIRFLOW_CTX_DAG_OWNER=***
AIRFLOW_CTX_DAG_ID=pbp_bucket_ingestion_dag
AIRFLOW_CTX_TASK_ID=get_pbp_data
AIRFLOW_CTX_EXECUTION_DATE=2011-06-20T04:00:00+00:00
AIRFLOW_CTX_DAG_RUN_ID=scheduled__2011-06-20T04:00:00+00:00
[2022-03-18 15:24:52,795] {python.py:175} INFO - Done. Returned value was: None
[2022-03-18 15:24:52,841] {taskinstance.py:1277} INFO - Marking task as SUCCESS. dag_id=pbp_bucket_ingestion_dag, task_id=get_pbp_data, execution_date=20110620T040000, start_date=20220318T152417, end_date=20220318T152452
[2022-03-18 15:24:52,947] {local_task_job.py:154} INFO - Task exited with return code 0
[2022-03-18 15:24:53,003] {local_task_job.py:264} INFO - 0 downstream tasks scheduled from follow-on schedule check
