[2022-03-18 04:46:16,847] {taskinstance.py:1032} INFO - Dependencies all met for <TaskInstance: pbp_bucket_ingestion_dag.get_pbp_data scheduled__2014-11-09T04:00:00+00:00 [queued]>
[2022-03-18 04:46:16,878] {taskinstance.py:1032} INFO - Dependencies all met for <TaskInstance: pbp_bucket_ingestion_dag.get_pbp_data scheduled__2014-11-09T04:00:00+00:00 [queued]>
[2022-03-18 04:46:16,879] {taskinstance.py:1238} INFO - 
--------------------------------------------------------------------------------
[2022-03-18 04:46:16,881] {taskinstance.py:1239} INFO - Starting attempt 2 of 2
[2022-03-18 04:46:16,883] {taskinstance.py:1240} INFO - 
--------------------------------------------------------------------------------
[2022-03-18 04:46:16,911] {taskinstance.py:1259} INFO - Executing <Task(PythonOperator): get_pbp_data> on 2014-11-09 04:00:00+00:00
[2022-03-18 04:46:16,919] {standard_task_runner.py:52} INFO - Started process 511 to run task
[2022-03-18 04:46:16,925] {standard_task_runner.py:76} INFO - Running: ['***', 'tasks', 'run', 'pbp_bucket_ingestion_dag', 'get_pbp_data', 'scheduled__2014-11-09T04:00:00+00:00', '--job-id', '6271', '--raw', '--subdir', 'DAGS_FOLDER/pbp_ingestion_dag.py', '--cfg-path', '/tmp/tmp73w85j50', '--error-file', '/tmp/tmpbz66go3c']
[2022-03-18 04:46:16,927] {standard_task_runner.py:77} INFO - Job 6271: Subtask get_pbp_data
[2022-03-18 04:46:17,027] {logging_mixin.py:109} INFO - Running <TaskInstance: pbp_bucket_ingestion_dag.get_pbp_data scheduled__2014-11-09T04:00:00+00:00 [running]> on host a2ba0547c319
[2022-03-18 04:46:17,113] {taskinstance.py:1426} INFO - Exporting the following env vars:
AIRFLOW_CTX_DAG_OWNER=***
AIRFLOW_CTX_DAG_ID=pbp_bucket_ingestion_dag
AIRFLOW_CTX_TASK_ID=get_pbp_data
AIRFLOW_CTX_EXECUTION_DATE=2014-11-09T04:00:00+00:00
AIRFLOW_CTX_DAG_RUN_ID=scheduled__2014-11-09T04:00:00+00:00
[2022-03-18 04:46:17,335] {python.py:175} INFO - Done. Returned value was: None
[2022-03-18 04:46:17,352] {taskinstance.py:1277} INFO - Marking task as SUCCESS. dag_id=pbp_bucket_ingestion_dag, task_id=get_pbp_data, execution_date=20141109T040000, start_date=20220318T044616, end_date=20220318T044617
[2022-03-18 04:46:17,425] {local_task_job.py:154} INFO - Task exited with return code 0
[2022-03-18 04:46:17,500] {local_task_job.py:264} INFO - 0 downstream tasks scheduled from follow-on schedule check
