[2022-03-17 02:46:02,782] {taskinstance.py:1032} INFO - Dependencies all met for <TaskInstance: pbp_bucket_ingestion_dag.get_pbp_data scheduled__2010-05-11T04:00:00+00:00 [queued]>
[2022-03-17 02:46:02,807] {taskinstance.py:1032} INFO - Dependencies all met for <TaskInstance: pbp_bucket_ingestion_dag.get_pbp_data scheduled__2010-05-11T04:00:00+00:00 [queued]>
[2022-03-17 02:46:02,809] {taskinstance.py:1238} INFO - 
--------------------------------------------------------------------------------
[2022-03-17 02:46:02,810] {taskinstance.py:1239} INFO - Starting attempt 2 of 2
[2022-03-17 02:46:02,811] {taskinstance.py:1240} INFO - 
--------------------------------------------------------------------------------
[2022-03-17 02:46:02,835] {taskinstance.py:1259} INFO - Executing <Task(PythonOperator): get_pbp_data> on 2010-05-11 04:00:00+00:00
[2022-03-17 02:46:02,843] {standard_task_runner.py:52} INFO - Started process 394 to run task
[2022-03-17 02:46:02,848] {standard_task_runner.py:76} INFO - Running: ['***', 'tasks', 'run', 'pbp_bucket_ingestion_dag', 'get_pbp_data', 'scheduled__2010-05-11T04:00:00+00:00', '--job-id', '5993', '--raw', '--subdir', 'DAGS_FOLDER/pbp_ingestion_dag.py', '--cfg-path', '/tmp/tmp8mlyli5n', '--error-file', '/tmp/tmpvjah2ixu']
[2022-03-17 02:46:02,851] {standard_task_runner.py:77} INFO - Job 5993: Subtask get_pbp_data
[2022-03-17 02:46:02,945] {logging_mixin.py:109} INFO - Running <TaskInstance: pbp_bucket_ingestion_dag.get_pbp_data scheduled__2010-05-11T04:00:00+00:00 [running]> on host 0e12c27218bc
[2022-03-17 02:46:03,017] {taskinstance.py:1426} INFO - Exporting the following env vars:
AIRFLOW_CTX_DAG_OWNER=***
AIRFLOW_CTX_DAG_ID=pbp_bucket_ingestion_dag
AIRFLOW_CTX_TASK_ID=get_pbp_data
AIRFLOW_CTX_EXECUTION_DATE=2010-05-11T04:00:00+00:00
AIRFLOW_CTX_DAG_RUN_ID=scheduled__2010-05-11T04:00:00+00:00
[2022-03-17 02:46:27,525] {python.py:175} INFO - Done. Returned value was: None
[2022-03-17 02:46:27,539] {taskinstance.py:1277} INFO - Marking task as SUCCESS. dag_id=pbp_bucket_ingestion_dag, task_id=get_pbp_data, execution_date=20100511T040000, start_date=20220317T024602, end_date=20220317T024627
[2022-03-17 02:46:27,569] {local_task_job.py:154} INFO - Task exited with return code 0
[2022-03-17 02:46:27,606] {local_task_job.py:264} INFO - 0 downstream tasks scheduled from follow-on schedule check
