[2022-03-21 02:16:27,482] {taskinstance.py:1032} INFO - Dependencies all met for <TaskInstance: pbp_bucket_ingestion_dag.get_pbp_data scheduled__2011-08-04T04:00:00+00:00 [queued]>
[2022-03-21 02:16:27,514] {taskinstance.py:1032} INFO - Dependencies all met for <TaskInstance: pbp_bucket_ingestion_dag.get_pbp_data scheduled__2011-08-04T04:00:00+00:00 [queued]>
[2022-03-21 02:16:27,515] {taskinstance.py:1238} INFO - 
--------------------------------------------------------------------------------
[2022-03-21 02:16:27,516] {taskinstance.py:1239} INFO - Starting attempt 2 of 3
[2022-03-21 02:16:27,517] {taskinstance.py:1240} INFO - 
--------------------------------------------------------------------------------
[2022-03-21 02:16:27,541] {taskinstance.py:1259} INFO - Executing <Task(PythonOperator): get_pbp_data> on 2011-08-04 04:00:00+00:00
[2022-03-21 02:16:27,549] {standard_task_runner.py:52} INFO - Started process 160 to run task
[2022-03-21 02:16:27,573] {standard_task_runner.py:76} INFO - Running: ['***', 'tasks', 'run', 'pbp_bucket_ingestion_dag', 'get_pbp_data', 'scheduled__2011-08-04T04:00:00+00:00', '--job-id', '6564', '--raw', '--subdir', 'DAGS_FOLDER/pbp_ingestion_dag.py', '--cfg-path', '/tmp/tmpbdofd0uh', '--error-file', '/tmp/tmpvlkli3z1']
[2022-03-21 02:16:27,575] {standard_task_runner.py:77} INFO - Job 6564: Subtask get_pbp_data
[2022-03-21 02:16:27,747] {logging_mixin.py:109} INFO - Running <TaskInstance: pbp_bucket_ingestion_dag.get_pbp_data scheduled__2011-08-04T04:00:00+00:00 [running]> on host d4d7c54c047c
[2022-03-21 02:16:27,878] {taskinstance.py:1426} INFO - Exporting the following env vars:
AIRFLOW_CTX_DAG_OWNER=***
AIRFLOW_CTX_DAG_ID=pbp_bucket_ingestion_dag
AIRFLOW_CTX_TASK_ID=get_pbp_data
AIRFLOW_CTX_EXECUTION_DATE=2011-08-04T04:00:00+00:00
AIRFLOW_CTX_DAG_RUN_ID=scheduled__2011-08-04T04:00:00+00:00
[2022-03-21 02:16:29,178] {python.py:175} INFO - Done. Returned value was: None
[2022-03-21 02:16:29,313] {taskinstance.py:1277} INFO - Marking task as SUCCESS. dag_id=pbp_bucket_ingestion_dag, task_id=get_pbp_data, execution_date=20110804T040000, start_date=20220321T021627, end_date=20220321T021629
[2022-03-21 02:16:29,402] {local_task_job.py:154} INFO - Task exited with return code 0
[2022-03-21 02:16:29,485] {local_task_job.py:264} INFO - 0 downstream tasks scheduled from follow-on schedule check
