[2022-03-18 15:21:02,934] {taskinstance.py:1032} INFO - Dependencies all met for <TaskInstance: pbp_bucket_ingestion_dag.get_pbp_data scheduled__2010-11-08T04:00:00+00:00 [queued]>
[2022-03-18 15:21:03,014] {taskinstance.py:1032} INFO - Dependencies all met for <TaskInstance: pbp_bucket_ingestion_dag.get_pbp_data scheduled__2010-11-08T04:00:00+00:00 [queued]>
[2022-03-18 15:21:03,018] {taskinstance.py:1238} INFO - 
--------------------------------------------------------------------------------
[2022-03-18 15:21:03,021] {taskinstance.py:1239} INFO - Starting attempt 2 of 3
[2022-03-18 15:21:03,037] {taskinstance.py:1240} INFO - 
--------------------------------------------------------------------------------
[2022-03-18 15:21:03,092] {taskinstance.py:1259} INFO - Executing <Task(PythonOperator): get_pbp_data> on 2010-11-08 04:00:00+00:00
[2022-03-18 15:21:03,099] {standard_task_runner.py:52} INFO - Started process 168 to run task
[2022-03-18 15:21:03,117] {standard_task_runner.py:76} INFO - Running: ['***', 'tasks', 'run', 'pbp_bucket_ingestion_dag', 'get_pbp_data', 'scheduled__2010-11-08T04:00:00+00:00', '--job-id', '6385', '--raw', '--subdir', 'DAGS_FOLDER/pbp_ingestion_dag.py', '--cfg-path', '/tmp/tmp8jz3jrmr', '--error-file', '/tmp/tmpa85lmq0y']
[2022-03-18 15:21:03,120] {standard_task_runner.py:77} INFO - Job 6385: Subtask get_pbp_data
[2022-03-18 15:21:03,306] {logging_mixin.py:109} INFO - Running <TaskInstance: pbp_bucket_ingestion_dag.get_pbp_data scheduled__2010-11-08T04:00:00+00:00 [running]> on host 9a1698cd207d
[2022-03-18 15:21:03,517] {taskinstance.py:1426} INFO - Exporting the following env vars:
AIRFLOW_CTX_DAG_OWNER=***
AIRFLOW_CTX_DAG_ID=pbp_bucket_ingestion_dag
AIRFLOW_CTX_TASK_ID=get_pbp_data
AIRFLOW_CTX_EXECUTION_DATE=2010-11-08T04:00:00+00:00
AIRFLOW_CTX_DAG_RUN_ID=scheduled__2010-11-08T04:00:00+00:00
[2022-03-18 15:21:04,254] {python.py:175} INFO - Done. Returned value was: None
[2022-03-18 15:21:04,271] {taskinstance.py:1277} INFO - Marking task as SUCCESS. dag_id=pbp_bucket_ingestion_dag, task_id=get_pbp_data, execution_date=20101108T040000, start_date=20220318T152102, end_date=20220318T152104
[2022-03-18 15:21:04,305] {local_task_job.py:154} INFO - Task exited with return code 0
[2022-03-18 15:21:04,387] {local_task_job.py:264} INFO - 0 downstream tasks scheduled from follow-on schedule check
