[2022-03-18 15:21:03,482] {taskinstance.py:1032} INFO - Dependencies all met for <TaskInstance: pbp_bucket_ingestion_dag.get_pbp_data scheduled__2010-11-09T04:00:00+00:00 [queued]>
[2022-03-18 15:21:03,510] {taskinstance.py:1032} INFO - Dependencies all met for <TaskInstance: pbp_bucket_ingestion_dag.get_pbp_data scheduled__2010-11-09T04:00:00+00:00 [queued]>
[2022-03-18 15:21:03,525] {taskinstance.py:1238} INFO - 
--------------------------------------------------------------------------------
[2022-03-18 15:21:03,528] {taskinstance.py:1239} INFO - Starting attempt 2 of 3
[2022-03-18 15:21:03,530] {taskinstance.py:1240} INFO - 
--------------------------------------------------------------------------------
[2022-03-18 15:21:03,576] {taskinstance.py:1259} INFO - Executing <Task(PythonOperator): get_pbp_data> on 2010-11-09 04:00:00+00:00
[2022-03-18 15:21:03,602] {standard_task_runner.py:52} INFO - Started process 170 to run task
[2022-03-18 15:21:03,625] {standard_task_runner.py:76} INFO - Running: ['***', 'tasks', 'run', 'pbp_bucket_ingestion_dag', 'get_pbp_data', 'scheduled__2010-11-09T04:00:00+00:00', '--job-id', '6387', '--raw', '--subdir', 'DAGS_FOLDER/pbp_ingestion_dag.py', '--cfg-path', '/tmp/tmphz0etzlg', '--error-file', '/tmp/tmprzs8pj2d']
[2022-03-18 15:21:03,728] {standard_task_runner.py:77} INFO - Job 6387: Subtask get_pbp_data
[2022-03-18 15:21:03,878] {logging_mixin.py:109} INFO - Running <TaskInstance: pbp_bucket_ingestion_dag.get_pbp_data scheduled__2010-11-09T04:00:00+00:00 [running]> on host 9a1698cd207d
[2022-03-18 15:21:04,036] {taskinstance.py:1426} INFO - Exporting the following env vars:
AIRFLOW_CTX_DAG_OWNER=***
AIRFLOW_CTX_DAG_ID=pbp_bucket_ingestion_dag
AIRFLOW_CTX_TASK_ID=get_pbp_data
AIRFLOW_CTX_EXECUTION_DATE=2010-11-09T04:00:00+00:00
AIRFLOW_CTX_DAG_RUN_ID=scheduled__2010-11-09T04:00:00+00:00
[2022-03-18 15:21:04,441] {python.py:175} INFO - Done. Returned value was: None
[2022-03-18 15:21:04,494] {taskinstance.py:1277} INFO - Marking task as SUCCESS. dag_id=pbp_bucket_ingestion_dag, task_id=get_pbp_data, execution_date=20101109T040000, start_date=20220318T152103, end_date=20220318T152104
[2022-03-18 15:21:04,561] {local_task_job.py:154} INFO - Task exited with return code 0
[2022-03-18 15:21:04,619] {local_task_job.py:264} INFO - 0 downstream tasks scheduled from follow-on schedule check
