[2022-03-21 02:25:14,534] {taskinstance.py:1032} INFO - Dependencies all met for <TaskInstance: data_ingestion_gcs_dag.download_stocks_list scheduled__2022-03-20T00:00:00+00:00 [queued]>
[2022-03-21 02:25:14,550] {taskinstance.py:1032} INFO - Dependencies all met for <TaskInstance: data_ingestion_gcs_dag.download_stocks_list scheduled__2022-03-20T00:00:00+00:00 [queued]>
[2022-03-21 02:25:14,551] {taskinstance.py:1238} INFO - 
--------------------------------------------------------------------------------
[2022-03-21 02:25:14,552] {taskinstance.py:1239} INFO - Starting attempt 2 of 2
[2022-03-21 02:25:14,553] {taskinstance.py:1240} INFO - 
--------------------------------------------------------------------------------
[2022-03-21 02:25:14,576] {taskinstance.py:1259} INFO - Executing <Task(PythonOperator): download_stocks_list> on 2022-03-20 00:00:00+00:00
[2022-03-21 02:25:14,589] {standard_task_runner.py:52} INFO - Started process 185 to run task
[2022-03-21 02:25:14,595] {standard_task_runner.py:76} INFO - Running: ['***', 'tasks', 'run', 'data_ingestion_gcs_dag', 'download_stocks_list', 'scheduled__2022-03-20T00:00:00+00:00', '--job-id', '6617', '--raw', '--subdir', 'DAGS_FOLDER/daily_stocks_dag.py', '--cfg-path', '/tmp/tmpelht6659', '--error-file', '/tmp/tmpnftrwid1']
[2022-03-21 02:25:14,598] {standard_task_runner.py:77} INFO - Job 6617: Subtask download_stocks_list
[2022-03-21 02:25:14,709] {logging_mixin.py:109} INFO - Running <TaskInstance: data_ingestion_gcs_dag.download_stocks_list scheduled__2022-03-20T00:00:00+00:00 [running]> on host 27bdc7aaaf93
[2022-03-21 02:25:14,782] {taskinstance.py:1426} INFO - Exporting the following env vars:
AIRFLOW_CTX_DAG_OWNER=***
AIRFLOW_CTX_DAG_ID=data_ingestion_gcs_dag
AIRFLOW_CTX_TASK_ID=download_stocks_list
AIRFLOW_CTX_EXECUTION_DATE=2022-03-20T00:00:00+00:00
AIRFLOW_CTX_DAG_RUN_ID=scheduled__2022-03-20T00:00:00+00:00
[2022-03-21 02:25:14,991] {logging_mixin.py:109} INFO - > /opt/***/dags/daily_stocks_dag.py(34)get_stock_tickers()
-> companies = pd.read_csv(io.StringIO(s.decode('utf-8')))
[2022-03-21 02:25:14,992] {logging_mixin.py:109} INFO - (Pdb) 
[2022-03-21 02:25:14,993] {logging_mixin.py:109} INFO - 
[2022-03-21 02:25:14,994] {taskinstance.py:1700} ERROR - Task failed with exception
Traceback (most recent call last):
  File "/home/airflow/.local/lib/python3.7/site-packages/airflow/models/taskinstance.py", line 1329, in _run_raw_task
    self._execute_task_with_callbacks(context)
  File "/home/airflow/.local/lib/python3.7/site-packages/airflow/models/taskinstance.py", line 1455, in _execute_task_with_callbacks
    result = self._execute_task(context, self.task)
  File "/home/airflow/.local/lib/python3.7/site-packages/airflow/models/taskinstance.py", line 1511, in _execute_task
    result = execute_callable(context=context)
  File "/home/airflow/.local/lib/python3.7/site-packages/airflow/operators/python.py", line 174, in execute
    return_value = self.execute_callable()
  File "/home/airflow/.local/lib/python3.7/site-packages/airflow/operators/python.py", line 185, in execute_callable
    return self.python_callable(*self.op_args, **self.op_kwargs)
  File "/opt/airflow/dags/daily_stocks_dag.py", line 34, in get_stock_tickers
    companies = pd.read_csv(io.StringIO(s.decode('utf-8')))
  File "/opt/airflow/dags/daily_stocks_dag.py", line 34, in get_stock_tickers
    companies = pd.read_csv(io.StringIO(s.decode('utf-8')))
  File "/usr/local/lib/python3.7/bdb.py", line 88, in trace_dispatch
    return self.dispatch_line(frame)
  File "/usr/local/lib/python3.7/bdb.py", line 113, in dispatch_line
    if self.quitting: raise BdbQuit
bdb.BdbQuit
[2022-03-21 02:25:15,011] {taskinstance.py:1277} INFO - Marking task as FAILED. dag_id=data_ingestion_gcs_dag, task_id=download_stocks_list, execution_date=20220320T000000, start_date=20220321T022514, end_date=20220321T022515
[2022-03-21 02:25:15,052] {standard_task_runner.py:85} ERROR - Failed to execute job 6617 for task download_stocks_list
Traceback (most recent call last):
  File "/home/airflow/.local/lib/python3.7/site-packages/airflow/task/task_runner/standard_task_runner.py", line 85, in _start_by_fork
    args.func(args, dag=self.dag)
  File "/home/airflow/.local/lib/python3.7/site-packages/airflow/cli/cli_parser.py", line 48, in command
    return func(*args, **kwargs)
  File "/home/airflow/.local/lib/python3.7/site-packages/airflow/utils/cli.py", line 92, in wrapper
    return f(*args, **kwargs)
  File "/home/airflow/.local/lib/python3.7/site-packages/airflow/cli/commands/task_command.py", line 298, in task_run
    _run_task_by_selected_method(args, dag, ti)
  File "/home/airflow/.local/lib/python3.7/site-packages/airflow/cli/commands/task_command.py", line 107, in _run_task_by_selected_method
    _run_raw_task(args, ti)
  File "/home/airflow/.local/lib/python3.7/site-packages/airflow/cli/commands/task_command.py", line 184, in _run_raw_task
    error_file=args.error_file,
  File "/home/airflow/.local/lib/python3.7/site-packages/airflow/utils/session.py", line 70, in wrapper
    return func(*args, session=session, **kwargs)
  File "/home/airflow/.local/lib/python3.7/site-packages/airflow/models/taskinstance.py", line 1329, in _run_raw_task
    self._execute_task_with_callbacks(context)
  File "/home/airflow/.local/lib/python3.7/site-packages/airflow/models/taskinstance.py", line 1455, in _execute_task_with_callbacks
    result = self._execute_task(context, self.task)
  File "/home/airflow/.local/lib/python3.7/site-packages/airflow/models/taskinstance.py", line 1511, in _execute_task
    result = execute_callable(context=context)
  File "/home/airflow/.local/lib/python3.7/site-packages/airflow/operators/python.py", line 174, in execute
    return_value = self.execute_callable()
  File "/home/airflow/.local/lib/python3.7/site-packages/airflow/operators/python.py", line 185, in execute_callable
    return self.python_callable(*self.op_args, **self.op_kwargs)
  File "/opt/airflow/dags/daily_stocks_dag.py", line 34, in get_stock_tickers
    companies = pd.read_csv(io.StringIO(s.decode('utf-8')))
  File "/opt/airflow/dags/daily_stocks_dag.py", line 34, in get_stock_tickers
    companies = pd.read_csv(io.StringIO(s.decode('utf-8')))
  File "/usr/local/lib/python3.7/bdb.py", line 88, in trace_dispatch
    return self.dispatch_line(frame)
  File "/usr/local/lib/python3.7/bdb.py", line 113, in dispatch_line
    if self.quitting: raise BdbQuit
bdb.BdbQuit
[2022-03-21 02:25:15,092] {local_task_job.py:154} INFO - Task exited with return code 1
[2022-03-21 02:25:15,165] {local_task_job.py:264} INFO - 0 downstream tasks scheduled from follow-on schedule check
