[2022-03-18 15:20:27,808] {taskinstance.py:1032} INFO - Dependencies all met for <TaskInstance: pbp_bucket_ingestion_dag.get_pbp_data scheduled__2010-05-15T04:00:00+00:00 [queued]>
[2022-03-18 15:20:27,865] {taskinstance.py:1032} INFO - Dependencies all met for <TaskInstance: pbp_bucket_ingestion_dag.get_pbp_data scheduled__2010-05-15T04:00:00+00:00 [queued]>
[2022-03-18 15:20:27,867] {taskinstance.py:1238} INFO - 
--------------------------------------------------------------------------------
[2022-03-18 15:20:27,870] {taskinstance.py:1239} INFO - Starting attempt 3 of 4
[2022-03-18 15:20:27,871] {taskinstance.py:1240} INFO - 
--------------------------------------------------------------------------------
[2022-03-18 15:20:27,931] {taskinstance.py:1259} INFO - Executing <Task(PythonOperator): get_pbp_data> on 2010-05-15 04:00:00+00:00
[2022-03-18 15:20:27,952] {standard_task_runner.py:52} INFO - Started process 121 to run task
[2022-03-18 15:20:27,966] {standard_task_runner.py:76} INFO - Running: ['***', 'tasks', 'run', 'pbp_bucket_ingestion_dag', 'get_pbp_data', 'scheduled__2010-05-15T04:00:00+00:00', '--job-id', '6375', '--raw', '--subdir', 'DAGS_FOLDER/pbp_ingestion_dag.py', '--cfg-path', '/tmp/tmpr9lt34df', '--error-file', '/tmp/tmpadjheusx']
[2022-03-18 15:20:27,978] {standard_task_runner.py:77} INFO - Job 6375: Subtask get_pbp_data
[2022-03-18 15:20:28,196] {logging_mixin.py:109} INFO - Running <TaskInstance: pbp_bucket_ingestion_dag.get_pbp_data scheduled__2010-05-15T04:00:00+00:00 [running]> on host 9a1698cd207d
[2022-03-18 15:20:28,348] {taskinstance.py:1426} INFO - Exporting the following env vars:
AIRFLOW_CTX_DAG_OWNER=***
AIRFLOW_CTX_DAG_ID=pbp_bucket_ingestion_dag
AIRFLOW_CTX_TASK_ID=get_pbp_data
AIRFLOW_CTX_EXECUTION_DATE=2010-05-15T04:00:00+00:00
AIRFLOW_CTX_DAG_RUN_ID=scheduled__2010-05-15T04:00:00+00:00
[2022-03-18 15:20:53,655] {python.py:175} INFO - Done. Returned value was: None
[2022-03-18 15:20:53,697] {taskinstance.py:1277} INFO - Marking task as SUCCESS. dag_id=pbp_bucket_ingestion_dag, task_id=get_pbp_data, execution_date=20100515T040000, start_date=20220318T152027, end_date=20220318T152053
[2022-03-18 15:20:53,790] {local_task_job.py:154} INFO - Task exited with return code 0
[2022-03-18 15:20:53,844] {local_task_job.py:264} INFO - 0 downstream tasks scheduled from follow-on schedule check
