[2022-03-17 01:39:32,072] {taskinstance.py:1032} INFO - Dependencies all met for <TaskInstance: pbp_bucket_ingestion_dag.get_pbp_data scheduled__2015-05-20T04:00:00+00:00 [queued]>
[2022-03-17 01:39:32,112] {taskinstance.py:1032} INFO - Dependencies all met for <TaskInstance: pbp_bucket_ingestion_dag.get_pbp_data scheduled__2015-05-20T04:00:00+00:00 [queued]>
[2022-03-17 01:39:32,115] {taskinstance.py:1238} INFO - 
--------------------------------------------------------------------------------
[2022-03-17 01:39:32,118] {taskinstance.py:1239} INFO - Starting attempt 1 of 1
[2022-03-17 01:39:32,122] {taskinstance.py:1240} INFO - 
--------------------------------------------------------------------------------
[2022-03-17 01:39:32,162] {taskinstance.py:1259} INFO - Executing <Task(PythonOperator): get_pbp_data> on 2015-05-20 04:00:00+00:00
[2022-03-17 01:39:32,182] {standard_task_runner.py:52} INFO - Started process 229 to run task
[2022-03-17 01:39:32,195] {standard_task_runner.py:76} INFO - Running: ['***', 'tasks', 'run', 'pbp_bucket_ingestion_dag', 'get_pbp_data', 'scheduled__2015-05-20T04:00:00+00:00', '--job-id', '5784', '--raw', '--subdir', 'DAGS_FOLDER/pbp_ingestion_dag.py', '--cfg-path', '/tmp/tmpx_ve2vv0', '--error-file', '/tmp/tmp7_kas2hb']
[2022-03-17 01:39:32,200] {standard_task_runner.py:77} INFO - Job 5784: Subtask get_pbp_data
[2022-03-17 01:39:32,377] {logging_mixin.py:109} INFO - Running <TaskInstance: pbp_bucket_ingestion_dag.get_pbp_data scheduled__2015-05-20T04:00:00+00:00 [running]> on host b2dcc49a009b
[2022-03-17 01:39:32,537] {taskinstance.py:1426} INFO - Exporting the following env vars:
AIRFLOW_CTX_DAG_OWNER=***
AIRFLOW_CTX_DAG_ID=pbp_bucket_ingestion_dag
AIRFLOW_CTX_TASK_ID=get_pbp_data
AIRFLOW_CTX_EXECUTION_DATE=2015-05-20T04:00:00+00:00
AIRFLOW_CTX_DAG_RUN_ID=scheduled__2015-05-20T04:00:00+00:00
[2022-03-17 01:39:33,481] {taskinstance.py:1700} ERROR - Task failed with exception
Traceback (most recent call last):
  File "/home/airflow/.local/lib/python3.7/site-packages/airflow/models/taskinstance.py", line 1329, in _run_raw_task
    self._execute_task_with_callbacks(context)
  File "/home/airflow/.local/lib/python3.7/site-packages/airflow/models/taskinstance.py", line 1455, in _execute_task_with_callbacks
    result = self._execute_task(context, self.task)
  File "/home/airflow/.local/lib/python3.7/site-packages/airflow/models/taskinstance.py", line 1511, in _execute_task
    result = execute_callable(context=context)
  File "/home/airflow/.local/lib/python3.7/site-packages/airflow/operators/python.py", line 174, in execute
    return_value = self.execute_callable()
  File "/home/airflow/.local/lib/python3.7/site-packages/airflow/operators/python.py", line 185, in execute_callable
    return self.python_callable(*self.op_args, **self.op_kwargs)
  File "/opt/airflow/dags/pbp_ingestion_dag.py", line 63, in get_pbp_data
    upload_json_object(BUCKET, r, f'{GCS_PATH_TEMPLATE}/game_{game_id}.json')
  File "/opt/airflow/dags/pbp_ingestion_dag.py", line 43, in upload_json_object
    BUCKET = storage_client.get_bucket(bucket)
NameError: name 'storage_client' is not defined
[2022-03-17 01:39:33,533] {taskinstance.py:1277} INFO - Marking task as FAILED. dag_id=pbp_bucket_ingestion_dag, task_id=get_pbp_data, execution_date=20150520T040000, start_date=20220317T013932, end_date=20220317T013933
[2022-03-17 01:39:33,582] {standard_task_runner.py:92} ERROR - Failed to execute job 5784 for task get_pbp_data
Traceback (most recent call last):
  File "/home/airflow/.local/lib/python3.7/site-packages/airflow/task/task_runner/standard_task_runner.py", line 85, in _start_by_fork
    args.func(args, dag=self.dag)
  File "/home/airflow/.local/lib/python3.7/site-packages/airflow/cli/cli_parser.py", line 48, in command
    return func(*args, **kwargs)
  File "/home/airflow/.local/lib/python3.7/site-packages/airflow/utils/cli.py", line 92, in wrapper
    return f(*args, **kwargs)
  File "/home/airflow/.local/lib/python3.7/site-packages/airflow/cli/commands/task_command.py", line 298, in task_run
    _run_task_by_selected_method(args, dag, ti)
  File "/home/airflow/.local/lib/python3.7/site-packages/airflow/cli/commands/task_command.py", line 107, in _run_task_by_selected_method
    _run_raw_task(args, ti)
  File "/home/airflow/.local/lib/python3.7/site-packages/airflow/cli/commands/task_command.py", line 184, in _run_raw_task
    error_file=args.error_file,
  File "/home/airflow/.local/lib/python3.7/site-packages/airflow/utils/session.py", line 70, in wrapper
    return func(*args, session=session, **kwargs)
  File "/home/airflow/.local/lib/python3.7/site-packages/airflow/models/taskinstance.py", line 1329, in _run_raw_task
    self._execute_task_with_callbacks(context)
  File "/home/airflow/.local/lib/python3.7/site-packages/airflow/models/taskinstance.py", line 1455, in _execute_task_with_callbacks
    result = self._execute_task(context, self.task)
  File "/home/airflow/.local/lib/python3.7/site-packages/airflow/models/taskinstance.py", line 1511, in _execute_task
    result = execute_callable(context=context)
  File "/home/airflow/.local/lib/python3.7/site-packages/airflow/operators/python.py", line 174, in execute
    return_value = self.execute_callable()
  File "/home/airflow/.local/lib/python3.7/site-packages/airflow/operators/python.py", line 185, in execute_callable
    return self.python_callable(*self.op_args, **self.op_kwargs)
  File "/opt/airflow/dags/pbp_ingestion_dag.py", line 63, in get_pbp_data
    upload_json_object(BUCKET, r, f'{GCS_PATH_TEMPLATE}/game_{game_id}.json')
  File "/opt/airflow/dags/pbp_ingestion_dag.py", line 43, in upload_json_object
    BUCKET = storage_client.get_bucket(bucket)
NameError: name 'storage_client' is not defined
[2022-03-17 01:39:33,637] {local_task_job.py:154} INFO - Task exited with return code 1
[2022-03-17 01:39:33,716] {local_task_job.py:264} INFO - 0 downstream tasks scheduled from follow-on schedule check
