[2022-03-18 04:43:58,686] {taskinstance.py:1032} INFO - Dependencies all met for <TaskInstance: pbp_bucket_ingestion_dag.get_pbp_data scheduled__2014-09-17T04:00:00+00:00 [queued]>
[2022-03-18 04:43:58,799] {taskinstance.py:1032} INFO - Dependencies all met for <TaskInstance: pbp_bucket_ingestion_dag.get_pbp_data scheduled__2014-09-17T04:00:00+00:00 [queued]>
[2022-03-18 04:43:58,803] {taskinstance.py:1238} INFO - 
--------------------------------------------------------------------------------
[2022-03-18 04:43:58,805] {taskinstance.py:1239} INFO - Starting attempt 2 of 2
[2022-03-18 04:43:58,806] {taskinstance.py:1240} INFO - 
--------------------------------------------------------------------------------
[2022-03-18 04:43:58,884] {taskinstance.py:1259} INFO - Executing <Task(PythonOperator): get_pbp_data> on 2014-09-17 04:00:00+00:00
[2022-03-18 04:43:58,901] {standard_task_runner.py:52} INFO - Started process 273 to run task
[2022-03-18 04:43:58,915] {standard_task_runner.py:76} INFO - Running: ['***', 'tasks', 'run', 'pbp_bucket_ingestion_dag', 'get_pbp_data', 'scheduled__2014-09-17T04:00:00+00:00', '--job-id', '6216', '--raw', '--subdir', 'DAGS_FOLDER/pbp_ingestion_dag.py', '--cfg-path', '/tmp/tmptwhrlzsr', '--error-file', '/tmp/tmpnisw3j76']
[2022-03-18 04:43:58,921] {standard_task_runner.py:77} INFO - Job 6216: Subtask get_pbp_data
[2022-03-18 04:43:59,087] {logging_mixin.py:109} INFO - Running <TaskInstance: pbp_bucket_ingestion_dag.get_pbp_data scheduled__2014-09-17T04:00:00+00:00 [running]> on host a2ba0547c319
[2022-03-18 04:43:59,263] {taskinstance.py:1426} INFO - Exporting the following env vars:
AIRFLOW_CTX_DAG_OWNER=***
AIRFLOW_CTX_DAG_ID=pbp_bucket_ingestion_dag
AIRFLOW_CTX_TASK_ID=get_pbp_data
AIRFLOW_CTX_EXECUTION_DATE=2014-09-17T04:00:00+00:00
AIRFLOW_CTX_DAG_RUN_ID=scheduled__2014-09-17T04:00:00+00:00
[2022-03-18 04:44:42,786] {python.py:175} INFO - Done. Returned value was: None
[2022-03-18 04:44:43,013] {taskinstance.py:1277} INFO - Marking task as SUCCESS. dag_id=pbp_bucket_ingestion_dag, task_id=get_pbp_data, execution_date=20140917T040000, start_date=20220318T044358, end_date=20220318T044443
[2022-03-18 04:44:43,114] {local_task_job.py:154} INFO - Task exited with return code 0
[2022-03-18 04:44:43,166] {local_task_job.py:264} INFO - 0 downstream tasks scheduled from follow-on schedule check
