[2022-03-18 15:22:30,061] {taskinstance.py:1032} INFO - Dependencies all met for <TaskInstance: pbp_bucket_ingestion_dag.get_pbp_data scheduled__2011-04-27T04:00:00+00:00 [queued]>
[2022-03-18 15:22:30,197] {taskinstance.py:1032} INFO - Dependencies all met for <TaskInstance: pbp_bucket_ingestion_dag.get_pbp_data scheduled__2011-04-27T04:00:00+00:00 [queued]>
[2022-03-18 15:22:30,203] {taskinstance.py:1238} INFO - 
--------------------------------------------------------------------------------
[2022-03-18 15:22:30,207] {taskinstance.py:1239} INFO - Starting attempt 1 of 2
[2022-03-18 15:22:30,213] {taskinstance.py:1240} INFO - 
--------------------------------------------------------------------------------
[2022-03-18 15:22:30,298] {taskinstance.py:1259} INFO - Executing <Task(PythonOperator): get_pbp_data> on 2011-04-27 04:00:00+00:00
[2022-03-18 15:22:30,363] {standard_task_runner.py:76} INFO - Running: ['***', 'tasks', 'run', 'pbp_bucket_ingestion_dag', 'get_pbp_data', 'scheduled__2011-04-27T04:00:00+00:00', '--job-id', '6485', '--raw', '--subdir', 'DAGS_FOLDER/pbp_ingestion_dag.py', '--cfg-path', '/tmp/tmp750lcin5', '--error-file', '/tmp/tmp7u9yvh6c']
[2022-03-18 15:22:30,372] {standard_task_runner.py:77} INFO - Job 6485: Subtask get_pbp_data
[2022-03-18 15:22:30,350] {standard_task_runner.py:52} INFO - Started process 525 to run task
[2022-03-18 15:22:30,941] {logging_mixin.py:109} INFO - Running <TaskInstance: pbp_bucket_ingestion_dag.get_pbp_data scheduled__2011-04-27T04:00:00+00:00 [running]> on host 9a1698cd207d
[2022-03-18 15:22:31,259] {taskinstance.py:1426} INFO - Exporting the following env vars:
AIRFLOW_CTX_DAG_OWNER=***
AIRFLOW_CTX_DAG_ID=pbp_bucket_ingestion_dag
AIRFLOW_CTX_TASK_ID=get_pbp_data
AIRFLOW_CTX_EXECUTION_DATE=2011-04-27T04:00:00+00:00
AIRFLOW_CTX_DAG_RUN_ID=scheduled__2011-04-27T04:00:00+00:00
[2022-03-18 15:23:34,565] {python.py:175} INFO - Done. Returned value was: None
[2022-03-18 15:23:34,584] {taskinstance.py:1277} INFO - Marking task as SUCCESS. dag_id=pbp_bucket_ingestion_dag, task_id=get_pbp_data, execution_date=20110427T040000, start_date=20220318T152230, end_date=20220318T152334
[2022-03-18 15:23:34,695] {local_task_job.py:154} INFO - Task exited with return code 0
[2022-03-18 15:23:35,075] {local_task_job.py:264} INFO - 0 downstream tasks scheduled from follow-on schedule check
