[2022-03-18 04:46:20,521] {taskinstance.py:1032} INFO - Dependencies all met for <TaskInstance: pbp_bucket_ingestion_dag.get_pbp_data scheduled__2014-11-15T04:00:00+00:00 [queued]>
[2022-03-18 04:46:20,546] {taskinstance.py:1032} INFO - Dependencies all met for <TaskInstance: pbp_bucket_ingestion_dag.get_pbp_data scheduled__2014-11-15T04:00:00+00:00 [queued]>
[2022-03-18 04:46:20,549] {taskinstance.py:1238} INFO - 
--------------------------------------------------------------------------------
[2022-03-18 04:46:20,555] {taskinstance.py:1239} INFO - Starting attempt 2 of 2
[2022-03-18 04:46:20,557] {taskinstance.py:1240} INFO - 
--------------------------------------------------------------------------------
[2022-03-18 04:46:20,607] {taskinstance.py:1259} INFO - Executing <Task(PythonOperator): get_pbp_data> on 2014-11-15 04:00:00+00:00
[2022-03-18 04:46:20,627] {standard_task_runner.py:52} INFO - Started process 539 to run task
[2022-03-18 04:46:20,645] {standard_task_runner.py:76} INFO - Running: ['***', 'tasks', 'run', 'pbp_bucket_ingestion_dag', 'get_pbp_data', 'scheduled__2014-11-15T04:00:00+00:00', '--job-id', '6277', '--raw', '--subdir', 'DAGS_FOLDER/pbp_ingestion_dag.py', '--cfg-path', '/tmp/tmp9m9pxp2k', '--error-file', '/tmp/tmp45res3zi']
[2022-03-18 04:46:20,648] {standard_task_runner.py:77} INFO - Job 6277: Subtask get_pbp_data
[2022-03-18 04:46:20,852] {logging_mixin.py:109} INFO - Running <TaskInstance: pbp_bucket_ingestion_dag.get_pbp_data scheduled__2014-11-15T04:00:00+00:00 [running]> on host a2ba0547c319
[2022-03-18 04:46:21,003] {taskinstance.py:1426} INFO - Exporting the following env vars:
AIRFLOW_CTX_DAG_OWNER=***
AIRFLOW_CTX_DAG_ID=pbp_bucket_ingestion_dag
AIRFLOW_CTX_TASK_ID=get_pbp_data
AIRFLOW_CTX_EXECUTION_DATE=2014-11-15T04:00:00+00:00
AIRFLOW_CTX_DAG_RUN_ID=scheduled__2014-11-15T04:00:00+00:00
[2022-03-18 04:46:21,237] {python.py:175} INFO - Done. Returned value was: None
[2022-03-18 04:46:21,270] {taskinstance.py:1277} INFO - Marking task as SUCCESS. dag_id=pbp_bucket_ingestion_dag, task_id=get_pbp_data, execution_date=20141115T040000, start_date=20220318T044620, end_date=20220318T044621
[2022-03-18 04:46:21,343] {local_task_job.py:154} INFO - Task exited with return code 0
[2022-03-18 04:46:21,452] {local_task_job.py:264} INFO - 0 downstream tasks scheduled from follow-on schedule check
