[2022-03-18 15:28:46,950] {taskinstance.py:1032} INFO - Dependencies all met for <TaskInstance: pbp_bucket_ingestion_dag.get_pbp_data scheduled__2011-07-08T04:00:00+00:00 [queued]>
[2022-03-18 15:28:46,979] {taskinstance.py:1032} INFO - Dependencies all met for <TaskInstance: pbp_bucket_ingestion_dag.get_pbp_data scheduled__2011-07-08T04:00:00+00:00 [queued]>
[2022-03-18 15:28:46,981] {taskinstance.py:1238} INFO - 
--------------------------------------------------------------------------------
[2022-03-18 15:28:46,983] {taskinstance.py:1239} INFO - Starting attempt 2 of 3
[2022-03-18 15:28:46,985] {taskinstance.py:1240} INFO - 
--------------------------------------------------------------------------------
[2022-03-18 15:28:47,011] {taskinstance.py:1259} INFO - Executing <Task(PythonOperator): get_pbp_data> on 2011-07-08 04:00:00+00:00
[2022-03-18 15:28:47,024] {standard_task_runner.py:52} INFO - Started process 170 to run task
[2022-03-18 15:28:47,030] {standard_task_runner.py:76} INFO - Running: ['***', 'tasks', 'run', 'pbp_bucket_ingestion_dag', 'get_pbp_data', 'scheduled__2011-07-08T04:00:00+00:00', '--job-id', '6529', '--raw', '--subdir', 'DAGS_FOLDER/pbp_ingestion_dag.py', '--cfg-path', '/tmp/tmpjquhv1pd', '--error-file', '/tmp/tmps122jc60']
[2022-03-18 15:28:47,033] {standard_task_runner.py:77} INFO - Job 6529: Subtask get_pbp_data
[2022-03-18 15:28:47,132] {logging_mixin.py:109} INFO - Running <TaskInstance: pbp_bucket_ingestion_dag.get_pbp_data scheduled__2011-07-08T04:00:00+00:00 [running]> on host 64466ce74801
[2022-03-18 15:28:47,219] {taskinstance.py:1426} INFO - Exporting the following env vars:
AIRFLOW_CTX_DAG_OWNER=***
AIRFLOW_CTX_DAG_ID=pbp_bucket_ingestion_dag
AIRFLOW_CTX_TASK_ID=get_pbp_data
AIRFLOW_CTX_EXECUTION_DATE=2011-07-08T04:00:00+00:00
AIRFLOW_CTX_DAG_RUN_ID=scheduled__2011-07-08T04:00:00+00:00
[2022-03-18 15:29:22,169] {python.py:175} INFO - Done. Returned value was: None
[2022-03-18 15:29:22,404] {taskinstance.py:1277} INFO - Marking task as SUCCESS. dag_id=pbp_bucket_ingestion_dag, task_id=get_pbp_data, execution_date=20110708T040000, start_date=20220318T152846, end_date=20220318T152922
[2022-03-18 15:29:22,516] {local_task_job.py:154} INFO - Task exited with return code 0
[2022-03-18 15:29:22,567] {local_task_job.py:264} INFO - 0 downstream tasks scheduled from follow-on schedule check
