[2022-03-18 15:28:47,496] {taskinstance.py:1032} INFO - Dependencies all met for <TaskInstance: pbp_bucket_ingestion_dag.get_pbp_data scheduled__2011-07-09T04:00:00+00:00 [queued]>
[2022-03-18 15:28:47,517] {taskinstance.py:1032} INFO - Dependencies all met for <TaskInstance: pbp_bucket_ingestion_dag.get_pbp_data scheduled__2011-07-09T04:00:00+00:00 [queued]>
[2022-03-18 15:28:47,518] {taskinstance.py:1238} INFO - 
--------------------------------------------------------------------------------
[2022-03-18 15:28:47,519] {taskinstance.py:1239} INFO - Starting attempt 2 of 3
[2022-03-18 15:28:47,521] {taskinstance.py:1240} INFO - 
--------------------------------------------------------------------------------
[2022-03-18 15:28:47,544] {taskinstance.py:1259} INFO - Executing <Task(PythonOperator): get_pbp_data> on 2011-07-09 04:00:00+00:00
[2022-03-18 15:28:47,557] {standard_task_runner.py:52} INFO - Started process 171 to run task
[2022-03-18 15:28:47,563] {standard_task_runner.py:76} INFO - Running: ['***', 'tasks', 'run', 'pbp_bucket_ingestion_dag', 'get_pbp_data', 'scheduled__2011-07-09T04:00:00+00:00', '--job-id', '6530', '--raw', '--subdir', 'DAGS_FOLDER/pbp_ingestion_dag.py', '--cfg-path', '/tmp/tmpis6vmmkz', '--error-file', '/tmp/tmptsihd_81']
[2022-03-18 15:28:47,565] {standard_task_runner.py:77} INFO - Job 6530: Subtask get_pbp_data
[2022-03-18 15:28:47,652] {logging_mixin.py:109} INFO - Running <TaskInstance: pbp_bucket_ingestion_dag.get_pbp_data scheduled__2011-07-09T04:00:00+00:00 [running]> on host 64466ce74801
[2022-03-18 15:28:47,725] {taskinstance.py:1426} INFO - Exporting the following env vars:
AIRFLOW_CTX_DAG_OWNER=***
AIRFLOW_CTX_DAG_ID=pbp_bucket_ingestion_dag
AIRFLOW_CTX_TASK_ID=get_pbp_data
AIRFLOW_CTX_EXECUTION_DATE=2011-07-09T04:00:00+00:00
AIRFLOW_CTX_DAG_RUN_ID=scheduled__2011-07-09T04:00:00+00:00
[2022-03-18 15:29:22,237] {python.py:175} INFO - Done. Returned value was: None
[2022-03-18 15:29:22,402] {taskinstance.py:1277} INFO - Marking task as SUCCESS. dag_id=pbp_bucket_ingestion_dag, task_id=get_pbp_data, execution_date=20110709T040000, start_date=20220318T152847, end_date=20220318T152922
[2022-03-18 15:29:22,506] {local_task_job.py:154} INFO - Task exited with return code 0
[2022-03-18 15:29:22,562] {local_task_job.py:264} INFO - 0 downstream tasks scheduled from follow-on schedule check
