[2022-03-17 02:02:49,875] {taskinstance.py:1032} INFO - Dependencies all met for <TaskInstance: pbp_bucket_ingestion_dag.get_pbp_data scheduled__2010-03-05T04:00:00+00:00 [queued]>
[2022-03-17 02:02:49,891] {taskinstance.py:1032} INFO - Dependencies all met for <TaskInstance: pbp_bucket_ingestion_dag.get_pbp_data scheduled__2010-03-05T04:00:00+00:00 [queued]>
[2022-03-17 02:02:49,893] {taskinstance.py:1238} INFO - 
--------------------------------------------------------------------------------
[2022-03-17 02:02:49,894] {taskinstance.py:1239} INFO - Starting attempt 3 of 3
[2022-03-17 02:02:49,895] {taskinstance.py:1240} INFO - 
--------------------------------------------------------------------------------
[2022-03-17 02:02:49,912] {taskinstance.py:1259} INFO - Executing <Task(PythonOperator): get_pbp_data> on 2010-03-05 04:00:00+00:00
[2022-03-17 02:02:49,922] {standard_task_runner.py:52} INFO - Started process 510 to run task
[2022-03-17 02:02:49,933] {standard_task_runner.py:76} INFO - Running: ['***', 'tasks', 'run', 'pbp_bucket_ingestion_dag', 'get_pbp_data', 'scheduled__2010-03-05T04:00:00+00:00', '--job-id', '5921', '--raw', '--subdir', 'DAGS_FOLDER/pbp_ingestion_dag.py', '--cfg-path', '/tmp/tmpfrt4furz', '--error-file', '/tmp/tmpp_knj494']
[2022-03-17 02:02:49,959] {standard_task_runner.py:77} INFO - Job 5921: Subtask get_pbp_data
[2022-03-17 02:02:50,057] {logging_mixin.py:109} INFO - Running <TaskInstance: pbp_bucket_ingestion_dag.get_pbp_data scheduled__2010-03-05T04:00:00+00:00 [running]> on host 4a1a6cb52d3f
[2022-03-17 02:02:50,153] {taskinstance.py:1426} INFO - Exporting the following env vars:
AIRFLOW_CTX_DAG_OWNER=***
AIRFLOW_CTX_DAG_ID=pbp_bucket_ingestion_dag
AIRFLOW_CTX_TASK_ID=get_pbp_data
AIRFLOW_CTX_EXECUTION_DATE=2010-03-05T04:00:00+00:00
AIRFLOW_CTX_DAG_RUN_ID=scheduled__2010-03-05T04:00:00+00:00
[2022-03-17 02:03:24,454] {python.py:175} INFO - Done. Returned value was: None
[2022-03-17 02:03:24,467] {taskinstance.py:1277} INFO - Marking task as SUCCESS. dag_id=pbp_bucket_ingestion_dag, task_id=get_pbp_data, execution_date=20100305T040000, start_date=20220317T020249, end_date=20220317T020324
[2022-03-17 02:03:24,511] {local_task_job.py:154} INFO - Task exited with return code 0
[2022-03-17 02:03:24,565] {local_task_job.py:264} INFO - 0 downstream tasks scheduled from follow-on schedule check
