[2022-03-18 15:21:53,769] {taskinstance.py:1032} INFO - Dependencies all met for <TaskInstance: pbp_bucket_ingestion_dag.get_pbp_data scheduled__2010-12-21T04:00:00+00:00 [queued]>
[2022-03-18 15:21:53,809] {taskinstance.py:1032} INFO - Dependencies all met for <TaskInstance: pbp_bucket_ingestion_dag.get_pbp_data scheduled__2010-12-21T04:00:00+00:00 [queued]>
[2022-03-18 15:21:53,810] {taskinstance.py:1238} INFO - 
--------------------------------------------------------------------------------
[2022-03-18 15:21:53,811] {taskinstance.py:1239} INFO - Starting attempt 2 of 3
[2022-03-18 15:21:53,812] {taskinstance.py:1240} INFO - 
--------------------------------------------------------------------------------
[2022-03-18 15:21:53,874] {taskinstance.py:1259} INFO - Executing <Task(PythonOperator): get_pbp_data> on 2010-12-21 04:00:00+00:00
[2022-03-18 15:21:53,886] {standard_task_runner.py:52} INFO - Started process 331 to run task
[2022-03-18 15:21:53,906] {standard_task_runner.py:76} INFO - Running: ['***', 'tasks', 'run', 'pbp_bucket_ingestion_dag', 'get_pbp_data', 'scheduled__2010-12-21T04:00:00+00:00', '--job-id', '6428', '--raw', '--subdir', 'DAGS_FOLDER/pbp_ingestion_dag.py', '--cfg-path', '/tmp/tmpl9qv41fb', '--error-file', '/tmp/tmpanayea3h']
[2022-03-18 15:21:53,909] {standard_task_runner.py:77} INFO - Job 6428: Subtask get_pbp_data
[2022-03-18 15:21:54,063] {logging_mixin.py:109} INFO - Running <TaskInstance: pbp_bucket_ingestion_dag.get_pbp_data scheduled__2010-12-21T04:00:00+00:00 [running]> on host 9a1698cd207d
[2022-03-18 15:21:54,226] {taskinstance.py:1426} INFO - Exporting the following env vars:
AIRFLOW_CTX_DAG_OWNER=***
AIRFLOW_CTX_DAG_ID=pbp_bucket_ingestion_dag
AIRFLOW_CTX_TASK_ID=get_pbp_data
AIRFLOW_CTX_EXECUTION_DATE=2010-12-21T04:00:00+00:00
AIRFLOW_CTX_DAG_RUN_ID=scheduled__2010-12-21T04:00:00+00:00
[2022-03-18 15:21:54,713] {python.py:175} INFO - Done. Returned value was: None
[2022-03-18 15:21:54,862] {taskinstance.py:1277} INFO - Marking task as SUCCESS. dag_id=pbp_bucket_ingestion_dag, task_id=get_pbp_data, execution_date=20101221T040000, start_date=20220318T152153, end_date=20220318T152154
[2022-03-18 15:21:54,954] {local_task_job.py:154} INFO - Task exited with return code 0
[2022-03-18 15:21:55,166] {local_task_job.py:264} INFO - 0 downstream tasks scheduled from follow-on schedule check
