[2022-03-17 02:14:03,688] {taskinstance.py:1032} INFO - Dependencies all met for <TaskInstance: pbp_bucket_ingestion_dag.get_pbp_data scheduled__2010-03-14T04:00:00+00:00 [queued]>
[2022-03-17 02:14:03,863] {taskinstance.py:1032} INFO - Dependencies all met for <TaskInstance: pbp_bucket_ingestion_dag.get_pbp_data scheduled__2010-03-14T04:00:00+00:00 [queued]>
[2022-03-17 02:14:03,865] {taskinstance.py:1238} INFO - 
--------------------------------------------------------------------------------
[2022-03-17 02:14:03,867] {taskinstance.py:1239} INFO - Starting attempt 3 of 3
[2022-03-17 02:14:03,868] {taskinstance.py:1240} INFO - 
--------------------------------------------------------------------------------
[2022-03-17 02:14:03,903] {taskinstance.py:1259} INFO - Executing <Task(PythonOperator): get_pbp_data> on 2010-03-14 04:00:00+00:00
[2022-03-17 02:14:03,919] {standard_task_runner.py:52} INFO - Started process 209 to run task
[2022-03-17 02:14:03,944] {standard_task_runner.py:76} INFO - Running: ['***', 'tasks', 'run', 'pbp_bucket_ingestion_dag', 'get_pbp_data', 'scheduled__2010-03-14T04:00:00+00:00', '--job-id', '5932', '--raw', '--subdir', 'DAGS_FOLDER/pbp_ingestion_dag.py', '--cfg-path', '/tmp/tmp95a__s9j', '--error-file', '/tmp/tmpwsgz9cqp']
[2022-03-17 02:14:03,951] {standard_task_runner.py:77} INFO - Job 5932: Subtask get_pbp_data
[2022-03-17 02:14:04,154] {logging_mixin.py:109} INFO - Running <TaskInstance: pbp_bucket_ingestion_dag.get_pbp_data scheduled__2010-03-14T04:00:00+00:00 [running]> on host 776a3591a95e
[2022-03-17 02:14:04,331] {taskinstance.py:1426} INFO - Exporting the following env vars:
AIRFLOW_CTX_DAG_OWNER=***
AIRFLOW_CTX_DAG_ID=pbp_bucket_ingestion_dag
AIRFLOW_CTX_TASK_ID=get_pbp_data
AIRFLOW_CTX_EXECUTION_DATE=2010-03-14T04:00:00+00:00
AIRFLOW_CTX_DAG_RUN_ID=scheduled__2010-03-14T04:00:00+00:00
[2022-03-17 02:14:57,638] {python.py:175} INFO - Done. Returned value was: None
[2022-03-17 02:14:57,658] {taskinstance.py:1277} INFO - Marking task as SUCCESS. dag_id=pbp_bucket_ingestion_dag, task_id=get_pbp_data, execution_date=20100314T040000, start_date=20220317T021403, end_date=20220317T021457
[2022-03-17 02:14:57,736] {local_task_job.py:154} INFO - Task exited with return code 0
[2022-03-17 02:14:57,773] {local_task_job.py:264} INFO - 0 downstream tasks scheduled from follow-on schedule check
