[2022-03-17 02:06:20,378] {taskinstance.py:1032} INFO - Dependencies all met for <TaskInstance: pbp_bucket_ingestion_dag.get_pbp_data scheduled__2010-03-10T04:00:00+00:00 [queued]>
[2022-03-17 02:06:20,400] {taskinstance.py:1032} INFO - Dependencies all met for <TaskInstance: pbp_bucket_ingestion_dag.get_pbp_data scheduled__2010-03-10T04:00:00+00:00 [queued]>
[2022-03-17 02:06:20,401] {taskinstance.py:1238} INFO - 
--------------------------------------------------------------------------------
[2022-03-17 02:06:20,403] {taskinstance.py:1239} INFO - Starting attempt 3 of 3
[2022-03-17 02:06:20,404] {taskinstance.py:1240} INFO - 
--------------------------------------------------------------------------------
[2022-03-17 02:06:20,427] {taskinstance.py:1259} INFO - Executing <Task(PythonOperator): get_pbp_data> on 2010-03-10 04:00:00+00:00
[2022-03-17 02:06:20,436] {standard_task_runner.py:52} INFO - Started process 700 to run task
[2022-03-17 02:06:20,442] {standard_task_runner.py:76} INFO - Running: ['***', 'tasks', 'run', 'pbp_bucket_ingestion_dag', 'get_pbp_data', 'scheduled__2010-03-10T04:00:00+00:00', '--job-id', '5926', '--raw', '--subdir', 'DAGS_FOLDER/pbp_ingestion_dag.py', '--cfg-path', '/tmp/tmpy_6o7zhq', '--error-file', '/tmp/tmpvay13bzd']
[2022-03-17 02:06:20,446] {standard_task_runner.py:77} INFO - Job 5926: Subtask get_pbp_data
[2022-03-17 02:06:20,574] {logging_mixin.py:109} INFO - Running <TaskInstance: pbp_bucket_ingestion_dag.get_pbp_data scheduled__2010-03-10T04:00:00+00:00 [running]> on host 4a1a6cb52d3f
[2022-03-17 02:06:20,686] {taskinstance.py:1426} INFO - Exporting the following env vars:
AIRFLOW_CTX_DAG_OWNER=***
AIRFLOW_CTX_DAG_ID=pbp_bucket_ingestion_dag
AIRFLOW_CTX_TASK_ID=get_pbp_data
AIRFLOW_CTX_EXECUTION_DATE=2010-03-10T04:00:00+00:00
AIRFLOW_CTX_DAG_RUN_ID=scheduled__2010-03-10T04:00:00+00:00
[2022-03-17 02:06:57,703] {python.py:175} INFO - Done. Returned value was: None
[2022-03-17 02:06:57,726] {taskinstance.py:1277} INFO - Marking task as SUCCESS. dag_id=pbp_bucket_ingestion_dag, task_id=get_pbp_data, execution_date=20100310T040000, start_date=20220317T020620, end_date=20220317T020657
[2022-03-17 02:06:57,816] {local_task_job.py:154} INFO - Task exited with return code 0
[2022-03-17 02:06:57,858] {local_task_job.py:264} INFO - 0 downstream tasks scheduled from follow-on schedule check
