[2022-03-17 02:15:37,751] {taskinstance.py:1032} INFO - Dependencies all met for <TaskInstance: pbp_bucket_ingestion_dag.get_pbp_data scheduled__2010-03-16T04:00:00+00:00 [queued]>
[2022-03-17 02:15:37,767] {taskinstance.py:1032} INFO - Dependencies all met for <TaskInstance: pbp_bucket_ingestion_dag.get_pbp_data scheduled__2010-03-16T04:00:00+00:00 [queued]>
[2022-03-17 02:15:37,768] {taskinstance.py:1238} INFO - 
--------------------------------------------------------------------------------
[2022-03-17 02:15:37,770] {taskinstance.py:1239} INFO - Starting attempt 3 of 3
[2022-03-17 02:15:37,771] {taskinstance.py:1240} INFO - 
--------------------------------------------------------------------------------
[2022-03-17 02:15:37,783] {taskinstance.py:1259} INFO - Executing <Task(PythonOperator): get_pbp_data> on 2010-03-16 04:00:00+00:00
[2022-03-17 02:15:37,789] {standard_task_runner.py:52} INFO - Started process 283 to run task
[2022-03-17 02:15:37,795] {standard_task_runner.py:76} INFO - Running: ['***', 'tasks', 'run', 'pbp_bucket_ingestion_dag', 'get_pbp_data', 'scheduled__2010-03-16T04:00:00+00:00', '--job-id', '5934', '--raw', '--subdir', 'DAGS_FOLDER/pbp_ingestion_dag.py', '--cfg-path', '/tmp/tmp3lw67vnv', '--error-file', '/tmp/tmpmg3nquu0']
[2022-03-17 02:15:37,797] {standard_task_runner.py:77} INFO - Job 5934: Subtask get_pbp_data
[2022-03-17 02:15:37,881] {logging_mixin.py:109} INFO - Running <TaskInstance: pbp_bucket_ingestion_dag.get_pbp_data scheduled__2010-03-16T04:00:00+00:00 [running]> on host 776a3591a95e
[2022-03-17 02:15:37,979] {taskinstance.py:1426} INFO - Exporting the following env vars:
AIRFLOW_CTX_DAG_OWNER=***
AIRFLOW_CTX_DAG_ID=pbp_bucket_ingestion_dag
AIRFLOW_CTX_TASK_ID=get_pbp_data
AIRFLOW_CTX_EXECUTION_DATE=2010-03-16T04:00:00+00:00
AIRFLOW_CTX_DAG_RUN_ID=scheduled__2010-03-16T04:00:00+00:00
[2022-03-17 02:16:06,738] {python.py:175} INFO - Done. Returned value was: None
[2022-03-17 02:16:06,758] {taskinstance.py:1277} INFO - Marking task as SUCCESS. dag_id=pbp_bucket_ingestion_dag, task_id=get_pbp_data, execution_date=20100316T040000, start_date=20220317T021537, end_date=20220317T021606
[2022-03-17 02:16:06,835] {local_task_job.py:154} INFO - Task exited with return code 0
[2022-03-17 02:16:06,877] {local_task_job.py:264} INFO - 0 downstream tasks scheduled from follow-on schedule check
