[2022-03-18 04:45:46,432] {taskinstance.py:1032} INFO - Dependencies all met for <TaskInstance: pbp_bucket_ingestion_dag.get_pbp_data scheduled__2014-10-06T04:00:00+00:00 [queued]>
[2022-03-18 04:45:46,455] {taskinstance.py:1032} INFO - Dependencies all met for <TaskInstance: pbp_bucket_ingestion_dag.get_pbp_data scheduled__2014-10-06T04:00:00+00:00 [queued]>
[2022-03-18 04:45:46,456] {taskinstance.py:1238} INFO - 
--------------------------------------------------------------------------------
[2022-03-18 04:45:46,457] {taskinstance.py:1239} INFO - Starting attempt 2 of 2
[2022-03-18 04:45:46,459] {taskinstance.py:1240} INFO - 
--------------------------------------------------------------------------------
[2022-03-18 04:45:46,483] {taskinstance.py:1259} INFO - Executing <Task(PythonOperator): get_pbp_data> on 2014-10-06 04:00:00+00:00
[2022-03-18 04:45:46,494] {standard_task_runner.py:52} INFO - Started process 396 to run task
[2022-03-18 04:45:46,510] {standard_task_runner.py:76} INFO - Running: ['***', 'tasks', 'run', 'pbp_bucket_ingestion_dag', 'get_pbp_data', 'scheduled__2014-10-06T04:00:00+00:00', '--job-id', '6238', '--raw', '--subdir', 'DAGS_FOLDER/pbp_ingestion_dag.py', '--cfg-path', '/tmp/tmp_jvrmkhn', '--error-file', '/tmp/tmpxxh7v1_2']
[2022-03-18 04:45:46,513] {standard_task_runner.py:77} INFO - Job 6238: Subtask get_pbp_data
[2022-03-18 04:45:46,657] {logging_mixin.py:109} INFO - Running <TaskInstance: pbp_bucket_ingestion_dag.get_pbp_data scheduled__2014-10-06T04:00:00+00:00 [running]> on host a2ba0547c319
[2022-03-18 04:45:46,999] {taskinstance.py:1426} INFO - Exporting the following env vars:
AIRFLOW_CTX_DAG_OWNER=***
AIRFLOW_CTX_DAG_ID=pbp_bucket_ingestion_dag
AIRFLOW_CTX_TASK_ID=get_pbp_data
AIRFLOW_CTX_EXECUTION_DATE=2014-10-06T04:00:00+00:00
AIRFLOW_CTX_DAG_RUN_ID=scheduled__2014-10-06T04:00:00+00:00
[2022-03-18 04:45:52,831] {python.py:175} INFO - Done. Returned value was: None
[2022-03-18 04:45:52,854] {taskinstance.py:1277} INFO - Marking task as SUCCESS. dag_id=pbp_bucket_ingestion_dag, task_id=get_pbp_data, execution_date=20141006T040000, start_date=20220318T044546, end_date=20220318T044552
[2022-03-18 04:45:52,946] {local_task_job.py:154} INFO - Task exited with return code 0
[2022-03-18 04:45:53,007] {local_task_job.py:264} INFO - 0 downstream tasks scheduled from follow-on schedule check
