[2022-03-17 02:39:45,309] {taskinstance.py:1032} INFO - Dependencies all met for <TaskInstance: pbp_bucket_ingestion_dag.get_pbp_data scheduled__2010-03-29T04:00:00+00:00 [queued]>
[2022-03-17 02:39:45,322] {taskinstance.py:1032} INFO - Dependencies all met for <TaskInstance: pbp_bucket_ingestion_dag.get_pbp_data scheduled__2010-03-29T04:00:00+00:00 [queued]>
[2022-03-17 02:39:45,323] {taskinstance.py:1238} INFO - 
--------------------------------------------------------------------------------
[2022-03-17 02:39:45,325] {taskinstance.py:1239} INFO - Starting attempt 3 of 3
[2022-03-17 02:39:45,325] {taskinstance.py:1240} INFO - 
--------------------------------------------------------------------------------
[2022-03-17 02:39:45,340] {taskinstance.py:1259} INFO - Executing <Task(PythonOperator): get_pbp_data> on 2010-03-29 04:00:00+00:00
[2022-03-17 02:39:45,346] {standard_task_runner.py:52} INFO - Started process 74 to run task
[2022-03-17 02:39:45,351] {standard_task_runner.py:76} INFO - Running: ['***', 'tasks', 'run', 'pbp_bucket_ingestion_dag', 'get_pbp_data', 'scheduled__2010-03-29T04:00:00+00:00', '--job-id', '5985', '--raw', '--subdir', 'DAGS_FOLDER/pbp_ingestion_dag.py', '--cfg-path', '/tmp/tmpjwviskfx', '--error-file', '/tmp/tmpbxg95yn5']
[2022-03-17 02:39:45,353] {standard_task_runner.py:77} INFO - Job 5985: Subtask get_pbp_data
[2022-03-17 02:39:45,440] {logging_mixin.py:109} INFO - Running <TaskInstance: pbp_bucket_ingestion_dag.get_pbp_data scheduled__2010-03-29T04:00:00+00:00 [running]> on host 0e12c27218bc
[2022-03-17 02:39:45,515] {taskinstance.py:1426} INFO - Exporting the following env vars:
AIRFLOW_CTX_DAG_OWNER=***
AIRFLOW_CTX_DAG_ID=pbp_bucket_ingestion_dag
AIRFLOW_CTX_TASK_ID=get_pbp_data
AIRFLOW_CTX_EXECUTION_DATE=2010-03-29T04:00:00+00:00
AIRFLOW_CTX_DAG_RUN_ID=scheduled__2010-03-29T04:00:00+00:00
[2022-03-17 02:40:27,443] {python.py:175} INFO - Done. Returned value was: None
[2022-03-17 02:40:27,481] {taskinstance.py:1277} INFO - Marking task as SUCCESS. dag_id=pbp_bucket_ingestion_dag, task_id=get_pbp_data, execution_date=20100329T040000, start_date=20220317T023945, end_date=20220317T024027
[2022-03-17 02:40:27,587] {local_task_job.py:154} INFO - Task exited with return code 0
[2022-03-17 02:40:27,643] {local_task_job.py:264} INFO - 0 downstream tasks scheduled from follow-on schedule check
