[2022-03-16 23:33:38,903] {taskinstance.py:1032} INFO - Dependencies all met for <TaskInstance: pbp_bucket_ingestion_dag.get_pbp_data scheduled__2012-07-04T04:00:00+00:00 [queued]>
[2022-03-16 23:33:38,933] {taskinstance.py:1032} INFO - Dependencies all met for <TaskInstance: pbp_bucket_ingestion_dag.get_pbp_data scheduled__2012-07-04T04:00:00+00:00 [queued]>
[2022-03-16 23:33:38,936] {taskinstance.py:1238} INFO - 
--------------------------------------------------------------------------------
[2022-03-16 23:33:38,940] {taskinstance.py:1239} INFO - Starting attempt 1 of 1
[2022-03-16 23:33:38,945] {taskinstance.py:1240} INFO - 
--------------------------------------------------------------------------------
[2022-03-16 23:33:38,997] {taskinstance.py:1259} INFO - Executing <Task(PythonOperator): get_pbp_data> on 2012-07-04 04:00:00+00:00
[2022-03-16 23:33:39,030] {standard_task_runner.py:76} INFO - Running: ['***', 'tasks', 'run', 'pbp_bucket_ingestion_dag', 'get_pbp_data', 'scheduled__2012-07-04T04:00:00+00:00', '--job-id', '4697', '--raw', '--subdir', 'DAGS_FOLDER/pbp_ingestion_dag.py', '--cfg-path', '/tmp/tmpdgh5up8b', '--error-file', '/tmp/tmp7wxhm_k6']
[2022-03-16 23:33:39,042] {standard_task_runner.py:77} INFO - Job 4697: Subtask get_pbp_data
[2022-03-16 23:33:39,024] {standard_task_runner.py:52} INFO - Started process 407 to run task
[2022-03-16 23:33:39,218] {logging_mixin.py:109} INFO - Running <TaskInstance: pbp_bucket_ingestion_dag.get_pbp_data scheduled__2012-07-04T04:00:00+00:00 [running]> on host ad8b7b7ebf62
[2022-03-16 23:33:39,335] {warnings.py:110} WARNING - /home/***/.local/lib/python3.7/site-packages/***/utils/context.py:152: AirflowContextDeprecationWarning: Accessing 'execution_date' from the template is deprecated and will be removed in a future version. Please use 'data_interval_start' or 'logical_date' instead.
  warnings.warn(_create_deprecation_warning(key, self._deprecation_replacements[key]))

[2022-03-16 23:33:39,370] {taskinstance.py:1426} INFO - Exporting the following env vars:
AIRFLOW_CTX_DAG_OWNER=***
AIRFLOW_CTX_DAG_ID=pbp_bucket_ingestion_dag
AIRFLOW_CTX_TASK_ID=get_pbp_data
AIRFLOW_CTX_EXECUTION_DATE=2012-07-04T04:00:00+00:00
AIRFLOW_CTX_DAG_RUN_ID=scheduled__2012-07-04T04:00:00+00:00
