[2022-03-18 15:29:41,124] {taskinstance.py:1032} INFO - Dependencies all met for <TaskInstance: pbp_bucket_ingestion_dag.get_pbp_data scheduled__2011-07-20T04:00:00+00:00 [queued]>
[2022-03-18 15:29:41,139] {taskinstance.py:1032} INFO - Dependencies all met for <TaskInstance: pbp_bucket_ingestion_dag.get_pbp_data scheduled__2011-07-20T04:00:00+00:00 [queued]>
[2022-03-18 15:29:41,141] {taskinstance.py:1238} INFO - 
--------------------------------------------------------------------------------
[2022-03-18 15:29:41,142] {taskinstance.py:1239} INFO - Starting attempt 2 of 3
[2022-03-18 15:29:41,143] {taskinstance.py:1240} INFO - 
--------------------------------------------------------------------------------
[2022-03-18 15:29:41,159] {taskinstance.py:1259} INFO - Executing <Task(PythonOperator): get_pbp_data> on 2011-07-20 04:00:00+00:00
[2022-03-18 15:29:41,167] {standard_task_runner.py:52} INFO - Started process 249 to run task
[2022-03-18 15:29:41,173] {standard_task_runner.py:76} INFO - Running: ['***', 'tasks', 'run', 'pbp_bucket_ingestion_dag', 'get_pbp_data', 'scheduled__2011-07-20T04:00:00+00:00', '--job-id', '6542', '--raw', '--subdir', 'DAGS_FOLDER/pbp_ingestion_dag.py', '--cfg-path', '/tmp/tmp6eum_ag5', '--error-file', '/tmp/tmporvu1453']
[2022-03-18 15:29:41,175] {standard_task_runner.py:77} INFO - Job 6542: Subtask get_pbp_data
[2022-03-18 15:29:41,265] {logging_mixin.py:109} INFO - Running <TaskInstance: pbp_bucket_ingestion_dag.get_pbp_data scheduled__2011-07-20T04:00:00+00:00 [running]> on host 64466ce74801
[2022-03-18 15:29:41,349] {taskinstance.py:1426} INFO - Exporting the following env vars:
AIRFLOW_CTX_DAG_OWNER=***
AIRFLOW_CTX_DAG_ID=pbp_bucket_ingestion_dag
AIRFLOW_CTX_TASK_ID=get_pbp_data
AIRFLOW_CTX_EXECUTION_DATE=2011-07-20T04:00:00+00:00
AIRFLOW_CTX_DAG_RUN_ID=scheduled__2011-07-20T04:00:00+00:00
[2022-03-18 15:30:06,788] {python.py:175} INFO - Done. Returned value was: None
[2022-03-18 15:30:06,800] {taskinstance.py:1277} INFO - Marking task as SUCCESS. dag_id=pbp_bucket_ingestion_dag, task_id=get_pbp_data, execution_date=20110720T040000, start_date=20220318T152941, end_date=20220318T153006
[2022-03-18 15:30:06,843] {local_task_job.py:154} INFO - Task exited with return code 0
[2022-03-18 15:30:06,879] {local_task_job.py:264} INFO - 0 downstream tasks scheduled from follow-on schedule check
