[2022-03-18 15:29:45,590] {taskinstance.py:1032} INFO - Dependencies all met for <TaskInstance: pbp_bucket_ingestion_dag.get_pbp_data scheduled__2011-07-21T04:00:00+00:00 [queued]>
[2022-03-18 15:29:45,621] {taskinstance.py:1032} INFO - Dependencies all met for <TaskInstance: pbp_bucket_ingestion_dag.get_pbp_data scheduled__2011-07-21T04:00:00+00:00 [queued]>
[2022-03-18 15:29:45,627] {taskinstance.py:1238} INFO - 
--------------------------------------------------------------------------------
[2022-03-18 15:29:45,629] {taskinstance.py:1239} INFO - Starting attempt 2 of 3
[2022-03-18 15:29:45,630] {taskinstance.py:1240} INFO - 
--------------------------------------------------------------------------------
[2022-03-18 15:29:45,654] {taskinstance.py:1259} INFO - Executing <Task(PythonOperator): get_pbp_data> on 2011-07-21 04:00:00+00:00
[2022-03-18 15:29:45,664] {standard_task_runner.py:52} INFO - Started process 262 to run task
[2022-03-18 15:29:45,677] {standard_task_runner.py:76} INFO - Running: ['***', 'tasks', 'run', 'pbp_bucket_ingestion_dag', 'get_pbp_data', 'scheduled__2011-07-21T04:00:00+00:00', '--job-id', '6543', '--raw', '--subdir', 'DAGS_FOLDER/pbp_ingestion_dag.py', '--cfg-path', '/tmp/tmp9ls64qno', '--error-file', '/tmp/tmpi59e0ua3']
[2022-03-18 15:29:45,680] {standard_task_runner.py:77} INFO - Job 6543: Subtask get_pbp_data
[2022-03-18 15:29:45,779] {logging_mixin.py:109} INFO - Running <TaskInstance: pbp_bucket_ingestion_dag.get_pbp_data scheduled__2011-07-21T04:00:00+00:00 [running]> on host 64466ce74801
[2022-03-18 15:29:45,894] {taskinstance.py:1426} INFO - Exporting the following env vars:
AIRFLOW_CTX_DAG_OWNER=***
AIRFLOW_CTX_DAG_ID=pbp_bucket_ingestion_dag
AIRFLOW_CTX_TASK_ID=get_pbp_data
AIRFLOW_CTX_EXECUTION_DATE=2011-07-21T04:00:00+00:00
AIRFLOW_CTX_DAG_RUN_ID=scheduled__2011-07-21T04:00:00+00:00
[2022-03-18 15:29:59,630] {python.py:175} INFO - Done. Returned value was: None
[2022-03-18 15:29:59,799] {taskinstance.py:1277} INFO - Marking task as SUCCESS. dag_id=pbp_bucket_ingestion_dag, task_id=get_pbp_data, execution_date=20110721T040000, start_date=20220318T152945, end_date=20220318T152959
[2022-03-18 15:29:59,867] {local_task_job.py:154} INFO - Task exited with return code 0
[2022-03-18 15:29:59,934] {local_task_job.py:264} INFO - 0 downstream tasks scheduled from follow-on schedule check
