[2022-03-18 15:23:38,102] {taskinstance.py:1032} INFO - Dependencies all met for <TaskInstance: pbp_bucket_ingestion_dag.get_pbp_data scheduled__2011-06-10T04:00:00+00:00 [queued]>
[2022-03-18 15:23:38,142] {taskinstance.py:1032} INFO - Dependencies all met for <TaskInstance: pbp_bucket_ingestion_dag.get_pbp_data scheduled__2011-06-10T04:00:00+00:00 [queued]>
[2022-03-18 15:23:38,148] {taskinstance.py:1238} INFO - 
--------------------------------------------------------------------------------
[2022-03-18 15:23:38,151] {taskinstance.py:1239} INFO - Starting attempt 2 of 3
[2022-03-18 15:23:38,153] {taskinstance.py:1240} INFO - 
--------------------------------------------------------------------------------
[2022-03-18 15:23:38,204] {taskinstance.py:1259} INFO - Executing <Task(PythonOperator): get_pbp_data> on 2011-06-10 04:00:00+00:00
[2022-03-18 15:23:38,228] {standard_task_runner.py:52} INFO - Started process 586 to run task
[2022-03-18 15:23:38,238] {standard_task_runner.py:76} INFO - Running: ['***', 'tasks', 'run', 'pbp_bucket_ingestion_dag', 'get_pbp_data', 'scheduled__2011-06-10T04:00:00+00:00', '--job-id', '6499', '--raw', '--subdir', 'DAGS_FOLDER/pbp_ingestion_dag.py', '--cfg-path', '/tmp/tmp3bvlv7_2', '--error-file', '/tmp/tmp1u45sd_b']
[2022-03-18 15:23:38,260] {standard_task_runner.py:77} INFO - Job 6499: Subtask get_pbp_data
[2022-03-18 15:23:38,456] {logging_mixin.py:109} INFO - Running <TaskInstance: pbp_bucket_ingestion_dag.get_pbp_data scheduled__2011-06-10T04:00:00+00:00 [running]> on host 9a1698cd207d
[2022-03-18 15:23:38,661] {taskinstance.py:1426} INFO - Exporting the following env vars:
AIRFLOW_CTX_DAG_OWNER=***
AIRFLOW_CTX_DAG_ID=pbp_bucket_ingestion_dag
AIRFLOW_CTX_TASK_ID=get_pbp_data
AIRFLOW_CTX_EXECUTION_DATE=2011-06-10T04:00:00+00:00
AIRFLOW_CTX_DAG_RUN_ID=scheduled__2011-06-10T04:00:00+00:00
[2022-03-18 15:24:30,196] {python.py:175} INFO - Done. Returned value was: None
[2022-03-18 15:24:30,257] {taskinstance.py:1277} INFO - Marking task as SUCCESS. dag_id=pbp_bucket_ingestion_dag, task_id=get_pbp_data, execution_date=20110610T040000, start_date=20220318T152338, end_date=20220318T152430
[2022-03-18 15:24:30,368] {local_task_job.py:154} INFO - Task exited with return code 0
[2022-03-18 15:24:30,415] {local_task_job.py:264} INFO - 0 downstream tasks scheduled from follow-on schedule check
