[2022-03-17 02:16:10,479] {taskinstance.py:1032} INFO - Dependencies all met for <TaskInstance: pbp_bucket_ingestion_dag.get_pbp_data scheduled__2010-03-17T04:00:00+00:00 [queued]>
[2022-03-17 02:16:10,501] {taskinstance.py:1032} INFO - Dependencies all met for <TaskInstance: pbp_bucket_ingestion_dag.get_pbp_data scheduled__2010-03-17T04:00:00+00:00 [queued]>
[2022-03-17 02:16:10,503] {taskinstance.py:1238} INFO - 
--------------------------------------------------------------------------------
[2022-03-17 02:16:10,504] {taskinstance.py:1239} INFO - Starting attempt 3 of 3
[2022-03-17 02:16:10,506] {taskinstance.py:1240} INFO - 
--------------------------------------------------------------------------------
[2022-03-17 02:16:10,522] {taskinstance.py:1259} INFO - Executing <Task(PythonOperator): get_pbp_data> on 2010-03-17 04:00:00+00:00
[2022-03-17 02:16:10,529] {standard_task_runner.py:52} INFO - Started process 307 to run task
[2022-03-17 02:16:10,534] {standard_task_runner.py:76} INFO - Running: ['***', 'tasks', 'run', 'pbp_bucket_ingestion_dag', 'get_pbp_data', 'scheduled__2010-03-17T04:00:00+00:00', '--job-id', '5935', '--raw', '--subdir', 'DAGS_FOLDER/pbp_ingestion_dag.py', '--cfg-path', '/tmp/tmpkop4dmvp', '--error-file', '/tmp/tmpon6j0gkf']
[2022-03-17 02:16:10,537] {standard_task_runner.py:77} INFO - Job 5935: Subtask get_pbp_data
[2022-03-17 02:16:10,617] {logging_mixin.py:109} INFO - Running <TaskInstance: pbp_bucket_ingestion_dag.get_pbp_data scheduled__2010-03-17T04:00:00+00:00 [running]> on host 776a3591a95e
[2022-03-17 02:16:10,733] {taskinstance.py:1426} INFO - Exporting the following env vars:
AIRFLOW_CTX_DAG_OWNER=***
AIRFLOW_CTX_DAG_ID=pbp_bucket_ingestion_dag
AIRFLOW_CTX_TASK_ID=get_pbp_data
AIRFLOW_CTX_EXECUTION_DATE=2010-03-17T04:00:00+00:00
AIRFLOW_CTX_DAG_RUN_ID=scheduled__2010-03-17T04:00:00+00:00
[2022-03-17 02:16:47,267] {python.py:175} INFO - Done. Returned value was: None
[2022-03-17 02:16:47,289] {taskinstance.py:1277} INFO - Marking task as SUCCESS. dag_id=pbp_bucket_ingestion_dag, task_id=get_pbp_data, execution_date=20100317T040000, start_date=20220317T021610, end_date=20220317T021647
[2022-03-17 02:16:47,325] {local_task_job.py:154} INFO - Task exited with return code 0
[2022-03-17 02:16:47,369] {local_task_job.py:264} INFO - 0 downstream tasks scheduled from follow-on schedule check
