[2022-03-18 04:44:48,557] {taskinstance.py:1032} INFO - Dependencies all met for <TaskInstance: pbp_bucket_ingestion_dag.get_pbp_data scheduled__2014-09-21T04:00:00+00:00 [queued]>
[2022-03-18 04:44:48,582] {taskinstance.py:1032} INFO - Dependencies all met for <TaskInstance: pbp_bucket_ingestion_dag.get_pbp_data scheduled__2014-09-21T04:00:00+00:00 [queued]>
[2022-03-18 04:44:48,584] {taskinstance.py:1238} INFO - 
--------------------------------------------------------------------------------
[2022-03-18 04:44:48,585] {taskinstance.py:1239} INFO - Starting attempt 2 of 2
[2022-03-18 04:44:48,586] {taskinstance.py:1240} INFO - 
--------------------------------------------------------------------------------
[2022-03-18 04:44:48,611] {taskinstance.py:1259} INFO - Executing <Task(PythonOperator): get_pbp_data> on 2014-09-21 04:00:00+00:00
[2022-03-18 04:44:48,617] {standard_task_runner.py:52} INFO - Started process 314 to run task
[2022-03-18 04:44:48,631] {standard_task_runner.py:76} INFO - Running: ['***', 'tasks', 'run', 'pbp_bucket_ingestion_dag', 'get_pbp_data', 'scheduled__2014-09-21T04:00:00+00:00', '--job-id', '6222', '--raw', '--subdir', 'DAGS_FOLDER/pbp_ingestion_dag.py', '--cfg-path', '/tmp/tmp0nwl2ht1', '--error-file', '/tmp/tmpuvzewk7i']
[2022-03-18 04:44:48,636] {standard_task_runner.py:77} INFO - Job 6222: Subtask get_pbp_data
[2022-03-18 04:44:48,742] {logging_mixin.py:109} INFO - Running <TaskInstance: pbp_bucket_ingestion_dag.get_pbp_data scheduled__2014-09-21T04:00:00+00:00 [running]> on host a2ba0547c319
[2022-03-18 04:44:48,837] {taskinstance.py:1426} INFO - Exporting the following env vars:
AIRFLOW_CTX_DAG_OWNER=***
AIRFLOW_CTX_DAG_ID=pbp_bucket_ingestion_dag
AIRFLOW_CTX_TASK_ID=get_pbp_data
AIRFLOW_CTX_EXECUTION_DATE=2014-09-21T04:00:00+00:00
AIRFLOW_CTX_DAG_RUN_ID=scheduled__2014-09-21T04:00:00+00:00
[2022-03-18 04:44:59,440] {python.py:175} INFO - Done. Returned value was: None
[2022-03-18 04:44:59,703] {taskinstance.py:1277} INFO - Marking task as SUCCESS. dag_id=pbp_bucket_ingestion_dag, task_id=get_pbp_data, execution_date=20140921T040000, start_date=20220318T044448, end_date=20220318T044459
[2022-03-18 04:44:59,781] {local_task_job.py:154} INFO - Task exited with return code 0
[2022-03-18 04:44:59,852] {local_task_job.py:264} INFO - 0 downstream tasks scheduled from follow-on schedule check
