[2022-03-17 02:45:44,563] {taskinstance.py:1032} INFO - Dependencies all met for <TaskInstance: pbp_bucket_ingestion_dag.get_pbp_data scheduled__2010-05-10T04:00:00+00:00 [queued]>
[2022-03-17 02:45:44,579] {taskinstance.py:1032} INFO - Dependencies all met for <TaskInstance: pbp_bucket_ingestion_dag.get_pbp_data scheduled__2010-05-10T04:00:00+00:00 [queued]>
[2022-03-17 02:45:44,580] {taskinstance.py:1238} INFO - 
--------------------------------------------------------------------------------
[2022-03-17 02:45:44,581] {taskinstance.py:1239} INFO - Starting attempt 2 of 2
[2022-03-17 02:45:44,582] {taskinstance.py:1240} INFO - 
--------------------------------------------------------------------------------
[2022-03-17 02:45:44,603] {taskinstance.py:1259} INFO - Executing <Task(PythonOperator): get_pbp_data> on 2010-05-10 04:00:00+00:00
[2022-03-17 02:45:44,612] {standard_task_runner.py:52} INFO - Started process 372 to run task
[2022-03-17 02:45:44,617] {standard_task_runner.py:76} INFO - Running: ['***', 'tasks', 'run', 'pbp_bucket_ingestion_dag', 'get_pbp_data', 'scheduled__2010-05-10T04:00:00+00:00', '--job-id', '5992', '--raw', '--subdir', 'DAGS_FOLDER/pbp_ingestion_dag.py', '--cfg-path', '/tmp/tmpm38td3kg', '--error-file', '/tmp/tmpbhdl4h8w']
[2022-03-17 02:45:44,619] {standard_task_runner.py:77} INFO - Job 5992: Subtask get_pbp_data
[2022-03-17 02:45:44,715] {logging_mixin.py:109} INFO - Running <TaskInstance: pbp_bucket_ingestion_dag.get_pbp_data scheduled__2010-05-10T04:00:00+00:00 [running]> on host 0e12c27218bc
[2022-03-17 02:45:44,793] {taskinstance.py:1426} INFO - Exporting the following env vars:
AIRFLOW_CTX_DAG_OWNER=***
AIRFLOW_CTX_DAG_ID=pbp_bucket_ingestion_dag
AIRFLOW_CTX_TASK_ID=get_pbp_data
AIRFLOW_CTX_EXECUTION_DATE=2010-05-10T04:00:00+00:00
AIRFLOW_CTX_DAG_RUN_ID=scheduled__2010-05-10T04:00:00+00:00
[2022-03-17 02:45:59,786] {python.py:175} INFO - Done. Returned value was: None
[2022-03-17 02:45:59,801] {taskinstance.py:1277} INFO - Marking task as SUCCESS. dag_id=pbp_bucket_ingestion_dag, task_id=get_pbp_data, execution_date=20100510T040000, start_date=20220317T024544, end_date=20220317T024559
[2022-03-17 02:45:59,834] {local_task_job.py:154} INFO - Task exited with return code 0
[2022-03-17 02:45:59,873] {local_task_job.py:264} INFO - 0 downstream tasks scheduled from follow-on schedule check
