[2022-03-17 02:53:21,896] {taskinstance.py:1032} INFO - Dependencies all met for <TaskInstance: pbp_bucket_ingestion_dag.get_pbp_data scheduled__2014-08-26T04:00:00+00:00 [queued]>
[2022-03-17 02:53:21,912] {taskinstance.py:1032} INFO - Dependencies all met for <TaskInstance: pbp_bucket_ingestion_dag.get_pbp_data scheduled__2014-08-26T04:00:00+00:00 [queued]>
[2022-03-17 02:53:21,914] {taskinstance.py:1238} INFO - 
--------------------------------------------------------------------------------
[2022-03-17 02:53:21,915] {taskinstance.py:1239} INFO - Starting attempt 2 of 2
[2022-03-17 02:53:21,916] {taskinstance.py:1240} INFO - 
--------------------------------------------------------------------------------
[2022-03-17 02:53:21,930] {taskinstance.py:1259} INFO - Executing <Task(PythonOperator): get_pbp_data> on 2014-08-26 04:00:00+00:00
[2022-03-17 02:53:21,938] {standard_task_runner.py:52} INFO - Started process 788 to run task
[2022-03-17 02:53:21,944] {standard_task_runner.py:76} INFO - Running: ['***', 'tasks', 'run', 'pbp_bucket_ingestion_dag', 'get_pbp_data', 'scheduled__2014-08-26T04:00:00+00:00', '--job-id', '6010', '--raw', '--subdir', 'DAGS_FOLDER/pbp_ingestion_dag.py', '--cfg-path', '/tmp/tmpt4v3dd0x', '--error-file', '/tmp/tmpgxzpqfka']
[2022-03-17 02:53:21,946] {standard_task_runner.py:77} INFO - Job 6010: Subtask get_pbp_data
[2022-03-17 02:53:22,060] {logging_mixin.py:109} INFO - Running <TaskInstance: pbp_bucket_ingestion_dag.get_pbp_data scheduled__2014-08-26T04:00:00+00:00 [running]> on host 0e12c27218bc
[2022-03-17 02:53:22,187] {taskinstance.py:1426} INFO - Exporting the following env vars:
AIRFLOW_CTX_DAG_OWNER=***
AIRFLOW_CTX_DAG_ID=pbp_bucket_ingestion_dag
AIRFLOW_CTX_TASK_ID=get_pbp_data
AIRFLOW_CTX_EXECUTION_DATE=2014-08-26T04:00:00+00:00
AIRFLOW_CTX_DAG_RUN_ID=scheduled__2014-08-26T04:00:00+00:00
[2022-03-17 02:53:43,774] {python.py:175} INFO - Done. Returned value was: None
[2022-03-17 02:53:43,787] {taskinstance.py:1277} INFO - Marking task as SUCCESS. dag_id=pbp_bucket_ingestion_dag, task_id=get_pbp_data, execution_date=20140826T040000, start_date=20220317T025321, end_date=20220317T025343
[2022-03-17 02:53:43,851] {local_task_job.py:154} INFO - Task exited with return code 0
[2022-03-17 02:53:43,886] {local_task_job.py:264} INFO - 0 downstream tasks scheduled from follow-on schedule check
