[2022-03-17 01:58:27,225] {taskinstance.py:1032} INFO - Dependencies all met for <TaskInstance: pbp_bucket_ingestion_dag.get_pbp_data scheduled__2015-06-22T04:00:00+00:00 [queued]>
[2022-03-17 01:58:27,237] {taskinstance.py:1032} INFO - Dependencies all met for <TaskInstance: pbp_bucket_ingestion_dag.get_pbp_data scheduled__2015-06-22T04:00:00+00:00 [queued]>
[2022-03-17 01:58:27,238] {taskinstance.py:1238} INFO - 
--------------------------------------------------------------------------------
[2022-03-17 01:58:27,239] {taskinstance.py:1239} INFO - Starting attempt 1 of 1
[2022-03-17 01:58:27,240] {taskinstance.py:1240} INFO - 
--------------------------------------------------------------------------------
[2022-03-17 01:58:27,255] {taskinstance.py:1259} INFO - Executing <Task(PythonOperator): get_pbp_data> on 2015-06-22 04:00:00+00:00
[2022-03-17 01:58:27,264] {standard_task_runner.py:52} INFO - Started process 149 to run task
[2022-03-17 01:58:27,269] {standard_task_runner.py:76} INFO - Running: ['***', 'tasks', 'run', 'pbp_bucket_ingestion_dag', 'get_pbp_data', 'scheduled__2015-06-22T04:00:00+00:00', '--job-id', '5864', '--raw', '--subdir', 'DAGS_FOLDER/pbp_ingestion_dag.py', '--cfg-path', '/tmp/tmpj6oooi8d', '--error-file', '/tmp/tmp4ebw6a46']
[2022-03-17 01:58:27,271] {standard_task_runner.py:77} INFO - Job 5864: Subtask get_pbp_data
[2022-03-17 01:58:27,357] {logging_mixin.py:109} INFO - Running <TaskInstance: pbp_bucket_ingestion_dag.get_pbp_data scheduled__2015-06-22T04:00:00+00:00 [running]> on host 4a1a6cb52d3f
[2022-03-17 01:58:27,469] {taskinstance.py:1426} INFO - Exporting the following env vars:
AIRFLOW_CTX_DAG_OWNER=***
AIRFLOW_CTX_DAG_ID=pbp_bucket_ingestion_dag
AIRFLOW_CTX_TASK_ID=get_pbp_data
AIRFLOW_CTX_EXECUTION_DATE=2015-06-22T04:00:00+00:00
AIRFLOW_CTX_DAG_RUN_ID=scheduled__2015-06-22T04:00:00+00:00
[2022-03-17 01:58:37,859] {python.py:175} INFO - Done. Returned value was: None
[2022-03-17 01:58:37,911] {taskinstance.py:1277} INFO - Marking task as SUCCESS. dag_id=pbp_bucket_ingestion_dag, task_id=get_pbp_data, execution_date=20150622T040000, start_date=20220317T015827, end_date=20220317T015837
[2022-03-17 01:58:37,960] {local_task_job.py:154} INFO - Task exited with return code 0
[2022-03-17 01:58:38,005] {local_task_job.py:264} INFO - 0 downstream tasks scheduled from follow-on schedule check
