[2022-03-18 04:42:47,743] {taskinstance.py:1032} INFO - Dependencies all met for <TaskInstance: pbp_bucket_ingestion_dag.get_pbp_data scheduled__2014-09-09T04:00:00+00:00 [queued]>
[2022-03-18 04:42:47,757] {taskinstance.py:1032} INFO - Dependencies all met for <TaskInstance: pbp_bucket_ingestion_dag.get_pbp_data scheduled__2014-09-09T04:00:00+00:00 [queued]>
[2022-03-18 04:42:47,758] {taskinstance.py:1238} INFO - 
--------------------------------------------------------------------------------
[2022-03-18 04:42:47,760] {taskinstance.py:1239} INFO - Starting attempt 2 of 2
[2022-03-18 04:42:47,761] {taskinstance.py:1240} INFO - 
--------------------------------------------------------------------------------
[2022-03-18 04:42:47,776] {taskinstance.py:1259} INFO - Executing <Task(PythonOperator): get_pbp_data> on 2014-09-09 04:00:00+00:00
[2022-03-18 04:42:47,782] {standard_task_runner.py:52} INFO - Started process 195 to run task
[2022-03-18 04:42:47,786] {standard_task_runner.py:76} INFO - Running: ['***', 'tasks', 'run', 'pbp_bucket_ingestion_dag', 'get_pbp_data', 'scheduled__2014-09-09T04:00:00+00:00', '--job-id', '6210', '--raw', '--subdir', 'DAGS_FOLDER/pbp_ingestion_dag.py', '--cfg-path', '/tmp/tmpzeoztorc', '--error-file', '/tmp/tmpb6i2d3ri']
[2022-03-18 04:42:47,789] {standard_task_runner.py:77} INFO - Job 6210: Subtask get_pbp_data
[2022-03-18 04:42:47,906] {logging_mixin.py:109} INFO - Running <TaskInstance: pbp_bucket_ingestion_dag.get_pbp_data scheduled__2014-09-09T04:00:00+00:00 [running]> on host a2ba0547c319
[2022-03-18 04:42:47,996] {taskinstance.py:1426} INFO - Exporting the following env vars:
AIRFLOW_CTX_DAG_OWNER=***
AIRFLOW_CTX_DAG_ID=pbp_bucket_ingestion_dag
AIRFLOW_CTX_TASK_ID=get_pbp_data
AIRFLOW_CTX_EXECUTION_DATE=2014-09-09T04:00:00+00:00
AIRFLOW_CTX_DAG_RUN_ID=scheduled__2014-09-09T04:00:00+00:00
[2022-03-18 04:43:07,952] {python.py:175} INFO - Done. Returned value was: None
[2022-03-18 04:43:07,967] {taskinstance.py:1277} INFO - Marking task as SUCCESS. dag_id=pbp_bucket_ingestion_dag, task_id=get_pbp_data, execution_date=20140909T040000, start_date=20220318T044247, end_date=20220318T044307
[2022-03-18 04:43:08,027] {local_task_job.py:154} INFO - Task exited with return code 0
[2022-03-18 04:43:08,061] {local_task_job.py:264} INFO - 0 downstream tasks scheduled from follow-on schedule check
