[2022-03-18 15:22:20,816] {taskinstance.py:1032} INFO - Dependencies all met for <TaskInstance: pbp_bucket_ingestion_dag.get_pbp_data scheduled__2011-02-07T04:00:00+00:00 [queued]>
[2022-03-18 15:22:20,847] {taskinstance.py:1032} INFO - Dependencies all met for <TaskInstance: pbp_bucket_ingestion_dag.get_pbp_data scheduled__2011-02-07T04:00:00+00:00 [queued]>
[2022-03-18 15:22:20,848] {taskinstance.py:1238} INFO - 
--------------------------------------------------------------------------------
[2022-03-18 15:22:20,850] {taskinstance.py:1239} INFO - Starting attempt 2 of 3
[2022-03-18 15:22:20,851] {taskinstance.py:1240} INFO - 
--------------------------------------------------------------------------------
[2022-03-18 15:22:20,872] {taskinstance.py:1259} INFO - Executing <Task(PythonOperator): get_pbp_data> on 2011-02-07 04:00:00+00:00
[2022-03-18 15:22:20,890] {standard_task_runner.py:52} INFO - Started process 482 to run task
[2022-03-18 15:22:20,919] {standard_task_runner.py:76} INFO - Running: ['***', 'tasks', 'run', 'pbp_bucket_ingestion_dag', 'get_pbp_data', 'scheduled__2011-02-07T04:00:00+00:00', '--job-id', '6474', '--raw', '--subdir', 'DAGS_FOLDER/pbp_ingestion_dag.py', '--cfg-path', '/tmp/tmpoown_16l', '--error-file', '/tmp/tmpjz5_oa6q']
[2022-03-18 15:22:20,932] {standard_task_runner.py:77} INFO - Job 6474: Subtask get_pbp_data
[2022-03-18 15:22:21,080] {logging_mixin.py:109} INFO - Running <TaskInstance: pbp_bucket_ingestion_dag.get_pbp_data scheduled__2011-02-07T04:00:00+00:00 [running]> on host 9a1698cd207d
[2022-03-18 15:22:21,274] {taskinstance.py:1426} INFO - Exporting the following env vars:
AIRFLOW_CTX_DAG_OWNER=***
AIRFLOW_CTX_DAG_ID=pbp_bucket_ingestion_dag
AIRFLOW_CTX_TASK_ID=get_pbp_data
AIRFLOW_CTX_EXECUTION_DATE=2011-02-07T04:00:00+00:00
AIRFLOW_CTX_DAG_RUN_ID=scheduled__2011-02-07T04:00:00+00:00
[2022-03-18 15:22:21,687] {python.py:175} INFO - Done. Returned value was: None
[2022-03-18 15:22:21,753] {taskinstance.py:1277} INFO - Marking task as SUCCESS. dag_id=pbp_bucket_ingestion_dag, task_id=get_pbp_data, execution_date=20110207T040000, start_date=20220318T152220, end_date=20220318T152221
[2022-03-18 15:22:21,863] {local_task_job.py:154} INFO - Task exited with return code 0
[2022-03-18 15:22:21,990] {local_task_job.py:264} INFO - 0 downstream tasks scheduled from follow-on schedule check
