[2022-03-18 04:46:05,351] {taskinstance.py:1032} INFO - Dependencies all met for <TaskInstance: pbp_bucket_ingestion_dag.get_pbp_data scheduled__2014-10-22T04:00:00+00:00 [queued]>
[2022-03-18 04:46:05,402] {taskinstance.py:1032} INFO - Dependencies all met for <TaskInstance: pbp_bucket_ingestion_dag.get_pbp_data scheduled__2014-10-22T04:00:00+00:00 [queued]>
[2022-03-18 04:46:05,403] {taskinstance.py:1238} INFO - 
--------------------------------------------------------------------------------
[2022-03-18 04:46:05,404] {taskinstance.py:1239} INFO - Starting attempt 2 of 2
[2022-03-18 04:46:05,405] {taskinstance.py:1240} INFO - 
--------------------------------------------------------------------------------
[2022-03-18 04:46:05,444] {taskinstance.py:1259} INFO - Executing <Task(PythonOperator): get_pbp_data> on 2014-10-22 04:00:00+00:00
[2022-03-18 04:46:05,453] {standard_task_runner.py:52} INFO - Started process 466 to run task
[2022-03-18 04:46:05,467] {standard_task_runner.py:76} INFO - Running: ['***', 'tasks', 'run', 'pbp_bucket_ingestion_dag', 'get_pbp_data', 'scheduled__2014-10-22T04:00:00+00:00', '--job-id', '6255', '--raw', '--subdir', 'DAGS_FOLDER/pbp_ingestion_dag.py', '--cfg-path', '/tmp/tmpq6_gddgh', '--error-file', '/tmp/tmpvtjj9ou8']
[2022-03-18 04:46:05,471] {standard_task_runner.py:77} INFO - Job 6255: Subtask get_pbp_data
[2022-03-18 04:46:05,672] {logging_mixin.py:109} INFO - Running <TaskInstance: pbp_bucket_ingestion_dag.get_pbp_data scheduled__2014-10-22T04:00:00+00:00 [running]> on host a2ba0547c319
[2022-03-18 04:46:05,906] {taskinstance.py:1426} INFO - Exporting the following env vars:
AIRFLOW_CTX_DAG_OWNER=***
AIRFLOW_CTX_DAG_ID=pbp_bucket_ingestion_dag
AIRFLOW_CTX_TASK_ID=get_pbp_data
AIRFLOW_CTX_EXECUTION_DATE=2014-10-22T04:00:00+00:00
AIRFLOW_CTX_DAG_RUN_ID=scheduled__2014-10-22T04:00:00+00:00
[2022-03-18 04:46:08,327] {python.py:175} INFO - Done. Returned value was: None
[2022-03-18 04:46:08,357] {taskinstance.py:1277} INFO - Marking task as SUCCESS. dag_id=pbp_bucket_ingestion_dag, task_id=get_pbp_data, execution_date=20141022T040000, start_date=20220318T044605, end_date=20220318T044608
[2022-03-18 04:46:08,427] {local_task_job.py:154} INFO - Task exited with return code 0
[2022-03-18 04:46:08,734] {local_task_job.py:264} INFO - 0 downstream tasks scheduled from follow-on schedule check
