[2022-03-18 15:22:30,965] {taskinstance.py:1032} INFO - Dependencies all met for <TaskInstance: pbp_bucket_ingestion_dag.get_pbp_data scheduled__2011-05-28T04:00:00+00:00 [queued]>
[2022-03-18 15:22:31,036] {taskinstance.py:1032} INFO - Dependencies all met for <TaskInstance: pbp_bucket_ingestion_dag.get_pbp_data scheduled__2011-05-28T04:00:00+00:00 [queued]>
[2022-03-18 15:22:31,046] {taskinstance.py:1238} INFO - 
--------------------------------------------------------------------------------
[2022-03-18 15:22:31,052] {taskinstance.py:1239} INFO - Starting attempt 2 of 3
[2022-03-18 15:22:31,053] {taskinstance.py:1240} INFO - 
--------------------------------------------------------------------------------
[2022-03-18 15:22:31,087] {taskinstance.py:1259} INFO - Executing <Task(PythonOperator): get_pbp_data> on 2011-05-28 04:00:00+00:00
[2022-03-18 15:22:31,102] {standard_task_runner.py:52} INFO - Started process 526 to run task
[2022-03-18 15:22:31,143] {standard_task_runner.py:76} INFO - Running: ['***', 'tasks', 'run', 'pbp_bucket_ingestion_dag', 'get_pbp_data', 'scheduled__2011-05-28T04:00:00+00:00', '--job-id', '6486', '--raw', '--subdir', 'DAGS_FOLDER/pbp_ingestion_dag.py', '--cfg-path', '/tmp/tmpme5eef03', '--error-file', '/tmp/tmppytz0lq4']
[2022-03-18 15:22:31,149] {standard_task_runner.py:77} INFO - Job 6486: Subtask get_pbp_data
[2022-03-18 15:22:31,571] {logging_mixin.py:109} INFO - Running <TaskInstance: pbp_bucket_ingestion_dag.get_pbp_data scheduled__2011-05-28T04:00:00+00:00 [running]> on host 9a1698cd207d
[2022-03-18 15:22:31,775] {taskinstance.py:1426} INFO - Exporting the following env vars:
AIRFLOW_CTX_DAG_OWNER=***
AIRFLOW_CTX_DAG_ID=pbp_bucket_ingestion_dag
AIRFLOW_CTX_TASK_ID=get_pbp_data
AIRFLOW_CTX_EXECUTION_DATE=2011-05-28T04:00:00+00:00
AIRFLOW_CTX_DAG_RUN_ID=scheduled__2011-05-28T04:00:00+00:00
[2022-03-18 15:22:41,528] {python.py:175} INFO - Done. Returned value was: None
[2022-03-18 15:22:41,842] {taskinstance.py:1277} INFO - Marking task as SUCCESS. dag_id=pbp_bucket_ingestion_dag, task_id=get_pbp_data, execution_date=20110528T040000, start_date=20220318T152230, end_date=20220318T152241
[2022-03-18 15:22:41,930] {local_task_job.py:154} INFO - Task exited with return code 0
[2022-03-18 15:22:41,980] {local_task_job.py:264} INFO - 0 downstream tasks scheduled from follow-on schedule check
