[2022-03-18 04:46:38,123] {taskinstance.py:1032} INFO - Dependencies all met for <TaskInstance: pbp_bucket_ingestion_dag.get_pbp_data scheduled__2010-03-02T04:00:00+00:00 [queued]>
[2022-03-18 04:46:38,154] {taskinstance.py:1032} INFO - Dependencies all met for <TaskInstance: pbp_bucket_ingestion_dag.get_pbp_data scheduled__2010-03-02T04:00:00+00:00 [queued]>
[2022-03-18 04:46:38,156] {taskinstance.py:1238} INFO - 
--------------------------------------------------------------------------------
[2022-03-18 04:46:38,162] {taskinstance.py:1239} INFO - Starting attempt 4 of 5
[2022-03-18 04:46:38,163] {taskinstance.py:1240} INFO - 
--------------------------------------------------------------------------------
[2022-03-18 04:46:38,210] {taskinstance.py:1259} INFO - Executing <Task(PythonOperator): get_pbp_data> on 2010-03-02 04:00:00+00:00
[2022-03-18 04:46:38,217] {standard_task_runner.py:52} INFO - Started process 622 to run task
[2022-03-18 04:46:38,228] {standard_task_runner.py:76} INFO - Running: ['***', 'tasks', 'run', 'pbp_bucket_ingestion_dag', 'get_pbp_data', 'scheduled__2010-03-02T04:00:00+00:00', '--job-id', '6301', '--raw', '--subdir', 'DAGS_FOLDER/pbp_ingestion_dag.py', '--cfg-path', '/tmp/tmpuraibuu7', '--error-file', '/tmp/tmpjs2sdvcw']
[2022-03-18 04:46:38,239] {standard_task_runner.py:77} INFO - Job 6301: Subtask get_pbp_data
[2022-03-18 04:46:38,455] {logging_mixin.py:109} INFO - Running <TaskInstance: pbp_bucket_ingestion_dag.get_pbp_data scheduled__2010-03-02T04:00:00+00:00 [running]> on host a2ba0547c319
[2022-03-18 04:46:38,626] {taskinstance.py:1426} INFO - Exporting the following env vars:
AIRFLOW_CTX_DAG_OWNER=***
AIRFLOW_CTX_DAG_ID=pbp_bucket_ingestion_dag
AIRFLOW_CTX_TASK_ID=get_pbp_data
AIRFLOW_CTX_EXECUTION_DATE=2010-03-02T04:00:00+00:00
AIRFLOW_CTX_DAG_RUN_ID=scheduled__2010-03-02T04:00:00+00:00
[2022-03-18 04:46:43,551] {local_task_job.py:212} WARNING - State of this instance has been externally set to None. Terminating instance.
[2022-03-18 04:46:43,556] {process_utils.py:124} INFO - Sending Signals.SIGTERM to group 622. PIDs of all processes in the group: [622]
[2022-03-18 04:46:43,567] {process_utils.py:75} INFO - Sending the signal Signals.SIGTERM to group 622
[2022-03-18 04:46:43,569] {taskinstance.py:1408} ERROR - Received SIGTERM. Terminating subprocesses.
[2022-03-18 04:46:43,573] {python.py:175} INFO - Done. Returned value was: None
[2022-03-18 04:46:43,628] {taskinstance.py:1277} INFO - Marking task as SUCCESS. dag_id=pbp_bucket_ingestion_dag, task_id=get_pbp_data, execution_date=20100302T040000, start_date=20220317T020133, end_date=20220318T044643
[2022-03-18 04:46:43,703] {process_utils.py:70} INFO - Process psutil.Process(pid=622, status='terminated', exitcode=0, started='04:46:38') (622) terminated with exit code 0
[2022-03-18 04:53:10,931] {taskinstance.py:1032} INFO - Dependencies all met for <TaskInstance: pbp_bucket_ingestion_dag.get_pbp_data scheduled__2010-03-02T04:00:00+00:00 [queued]>
[2022-03-18 04:53:11,156] {taskinstance.py:1032} INFO - Dependencies all met for <TaskInstance: pbp_bucket_ingestion_dag.get_pbp_data scheduled__2010-03-02T04:00:00+00:00 [queued]>
[2022-03-18 04:53:11,158] {taskinstance.py:1238} INFO - 
--------------------------------------------------------------------------------
[2022-03-18 04:53:11,163] {taskinstance.py:1239} INFO - Starting attempt 4 of 5
[2022-03-18 04:53:11,165] {taskinstance.py:1240} INFO - 
--------------------------------------------------------------------------------
[2022-03-18 04:53:11,496] {taskinstance.py:1259} INFO - Executing <Task(PythonOperator): get_pbp_data> on 2010-03-02 04:00:00+00:00
[2022-03-18 04:53:13,026] {standard_task_runner.py:76} INFO - Running: ['***', 'tasks', 'run', 'pbp_bucket_ingestion_dag', 'get_pbp_data', 'scheduled__2010-03-02T04:00:00+00:00', '--job-id', '6323', '--raw', '--subdir', 'DAGS_FOLDER/pbp_ingestion_dag.py', '--cfg-path', '/tmp/tmptrpsy4dq', '--error-file', '/tmp/tmpqe47nz1j']
[2022-03-18 04:53:13,032] {standard_task_runner.py:77} INFO - Job 6323: Subtask get_pbp_data
[2022-03-18 04:53:12,945] {standard_task_runner.py:52} INFO - Started process 224 to run task
