[2022-03-18 15:27:34,897] {taskinstance.py:1032} INFO - Dependencies all met for <TaskInstance: pbp_bucket_ingestion_dag.get_pbp_data scheduled__2011-06-29T04:00:00+00:00 [queued]>
[2022-03-18 15:27:34,978] {taskinstance.py:1032} INFO - Dependencies all met for <TaskInstance: pbp_bucket_ingestion_dag.get_pbp_data scheduled__2011-06-29T04:00:00+00:00 [queued]>
[2022-03-18 15:27:34,980] {taskinstance.py:1238} INFO - 
--------------------------------------------------------------------------------
[2022-03-18 15:27:34,982] {taskinstance.py:1239} INFO - Starting attempt 2 of 3
[2022-03-18 15:27:34,985] {taskinstance.py:1240} INFO - 
--------------------------------------------------------------------------------
[2022-03-18 15:27:35,048] {taskinstance.py:1259} INFO - Executing <Task(PythonOperator): get_pbp_data> on 2011-06-29 04:00:00+00:00
[2022-03-18 15:27:35,066] {standard_task_runner.py:52} INFO - Started process 104 to run task
[2022-03-18 15:27:35,084] {standard_task_runner.py:76} INFO - Running: ['***', 'tasks', 'run', 'pbp_bucket_ingestion_dag', 'get_pbp_data', 'scheduled__2011-06-29T04:00:00+00:00', '--job-id', '6519', '--raw', '--subdir', 'DAGS_FOLDER/pbp_ingestion_dag.py', '--cfg-path', '/tmp/tmpxh8c0h46', '--error-file', '/tmp/tmpivcvh271']
[2022-03-18 15:27:35,092] {standard_task_runner.py:77} INFO - Job 6519: Subtask get_pbp_data
[2022-03-18 15:27:35,430] {logging_mixin.py:109} INFO - Running <TaskInstance: pbp_bucket_ingestion_dag.get_pbp_data scheduled__2011-06-29T04:00:00+00:00 [running]> on host 64466ce74801
[2022-03-18 15:27:35,806] {taskinstance.py:1426} INFO - Exporting the following env vars:
AIRFLOW_CTX_DAG_OWNER=***
AIRFLOW_CTX_DAG_ID=pbp_bucket_ingestion_dag
AIRFLOW_CTX_TASK_ID=get_pbp_data
AIRFLOW_CTX_EXECUTION_DATE=2011-06-29T04:00:00+00:00
AIRFLOW_CTX_DAG_RUN_ID=scheduled__2011-06-29T04:00:00+00:00
[2022-03-18 15:27:37,822] {python.py:175} INFO - Done. Returned value was: None
[2022-03-18 15:27:37,857] {taskinstance.py:1277} INFO - Marking task as SUCCESS. dag_id=pbp_bucket_ingestion_dag, task_id=get_pbp_data, execution_date=20110629T040000, start_date=20220318T152734, end_date=20220318T152737
[2022-03-18 15:27:37,941] {local_task_job.py:154} INFO - Task exited with return code 0
[2022-03-18 15:27:38,024] {local_task_job.py:264} INFO - 0 downstream tasks scheduled from follow-on schedule check
