[2022-03-17 02:04:09,073] {taskinstance.py:1032} INFO - Dependencies all met for <TaskInstance: pbp_bucket_ingestion_dag.get_pbp_data scheduled__2010-03-07T04:00:00+00:00 [queued]>
[2022-03-17 02:04:09,092] {taskinstance.py:1032} INFO - Dependencies all met for <TaskInstance: pbp_bucket_ingestion_dag.get_pbp_data scheduled__2010-03-07T04:00:00+00:00 [queued]>
[2022-03-17 02:04:09,094] {taskinstance.py:1238} INFO - 
--------------------------------------------------------------------------------
[2022-03-17 02:04:09,095] {taskinstance.py:1239} INFO - Starting attempt 3 of 3
[2022-03-17 02:04:09,097] {taskinstance.py:1240} INFO - 
--------------------------------------------------------------------------------
[2022-03-17 02:04:09,114] {taskinstance.py:1259} INFO - Executing <Task(PythonOperator): get_pbp_data> on 2010-03-07 04:00:00+00:00
[2022-03-17 02:04:09,121] {standard_task_runner.py:52} INFO - Started process 587 to run task
[2022-03-17 02:04:09,127] {standard_task_runner.py:76} INFO - Running: ['***', 'tasks', 'run', 'pbp_bucket_ingestion_dag', 'get_pbp_data', 'scheduled__2010-03-07T04:00:00+00:00', '--job-id', '5923', '--raw', '--subdir', 'DAGS_FOLDER/pbp_ingestion_dag.py', '--cfg-path', '/tmp/tmpvegfgboy', '--error-file', '/tmp/tmph6nbb3ae']
[2022-03-17 02:04:09,130] {standard_task_runner.py:77} INFO - Job 5923: Subtask get_pbp_data
[2022-03-17 02:04:09,254] {logging_mixin.py:109} INFO - Running <TaskInstance: pbp_bucket_ingestion_dag.get_pbp_data scheduled__2010-03-07T04:00:00+00:00 [running]> on host 4a1a6cb52d3f
[2022-03-17 02:04:09,364] {taskinstance.py:1426} INFO - Exporting the following env vars:
AIRFLOW_CTX_DAG_OWNER=***
AIRFLOW_CTX_DAG_ID=pbp_bucket_ingestion_dag
AIRFLOW_CTX_TASK_ID=get_pbp_data
AIRFLOW_CTX_EXECUTION_DATE=2010-03-07T04:00:00+00:00
AIRFLOW_CTX_DAG_RUN_ID=scheduled__2010-03-07T04:00:00+00:00
[2022-03-17 02:04:50,411] {python.py:175} INFO - Done. Returned value was: None
[2022-03-17 02:04:50,424] {taskinstance.py:1277} INFO - Marking task as SUCCESS. dag_id=pbp_bucket_ingestion_dag, task_id=get_pbp_data, execution_date=20100307T040000, start_date=20220317T020409, end_date=20220317T020450
[2022-03-17 02:04:50,490] {local_task_job.py:154} INFO - Task exited with return code 0
[2022-03-17 02:04:50,558] {local_task_job.py:264} INFO - 0 downstream tasks scheduled from follow-on schedule check
