[2022-03-18 05:03:14,626] {taskinstance.py:1032} INFO - Dependencies all met for <TaskInstance: pbp_bucket_ingestion_dag.get_pbp_data scheduled__2010-03-07T04:00:00+00:00 [queued]>
[2022-03-18 05:03:14,668] {taskinstance.py:1032} INFO - Dependencies all met for <TaskInstance: pbp_bucket_ingestion_dag.get_pbp_data scheduled__2010-03-07T04:00:00+00:00 [queued]>
[2022-03-18 05:03:14,675] {taskinstance.py:1238} INFO - 
--------------------------------------------------------------------------------
[2022-03-18 05:03:14,687] {taskinstance.py:1239} INFO - Starting attempt 7 of 7
[2022-03-18 05:03:14,694] {taskinstance.py:1240} INFO - 
--------------------------------------------------------------------------------
[2022-03-18 05:03:14,769] {taskinstance.py:1259} INFO - Executing <Task(PythonOperator): get_pbp_data> on 2010-03-07 04:00:00+00:00
[2022-03-18 05:03:14,980] {standard_task_runner.py:52} INFO - Started process 442 to run task
[2022-03-18 05:03:15,057] {standard_task_runner.py:76} INFO - Running: ['***', 'tasks', 'run', 'pbp_bucket_ingestion_dag', 'get_pbp_data', 'scheduled__2010-03-07T04:00:00+00:00', '--job-id', '6352', '--raw', '--subdir', 'DAGS_FOLDER/pbp_ingestion_dag.py', '--cfg-path', '/tmp/tmpioez7zz2', '--error-file', '/tmp/tmpkj34y77t']
[2022-03-18 05:03:15,060] {standard_task_runner.py:77} INFO - Job 6352: Subtask get_pbp_data
[2022-03-18 05:03:16,548] {logging_mixin.py:109} INFO - Running <TaskInstance: pbp_bucket_ingestion_dag.get_pbp_data scheduled__2010-03-07T04:00:00+00:00 [running]> on host 62e69f3f7a79
[2022-03-18 05:03:17,014] {taskinstance.py:1426} INFO - Exporting the following env vars:
AIRFLOW_CTX_DAG_OWNER=***
AIRFLOW_CTX_DAG_ID=pbp_bucket_ingestion_dag
AIRFLOW_CTX_TASK_ID=get_pbp_data
AIRFLOW_CTX_EXECUTION_DATE=2010-03-07T04:00:00+00:00
AIRFLOW_CTX_DAG_RUN_ID=scheduled__2010-03-07T04:00:00+00:00
[2022-03-18 05:03:52,775] {python.py:175} INFO - Done. Returned value was: None
[2022-03-18 05:03:52,804] {taskinstance.py:1277} INFO - Marking task as SUCCESS. dag_id=pbp_bucket_ingestion_dag, task_id=get_pbp_data, execution_date=20100307T040000, start_date=20220318T050314, end_date=20220318T050352
[2022-03-18 05:03:52,877] {local_task_job.py:154} INFO - Task exited with return code 0
[2022-03-18 05:03:53,105] {local_task_job.py:264} INFO - 0 downstream tasks scheduled from follow-on schedule check
