[2022-03-17 02:47:15,011] {taskinstance.py:1032} INFO - Dependencies all met for <TaskInstance: pbp_bucket_ingestion_dag.get_pbp_data scheduled__2010-05-14T04:00:00+00:00 [queued]>
[2022-03-17 02:47:15,028] {taskinstance.py:1032} INFO - Dependencies all met for <TaskInstance: pbp_bucket_ingestion_dag.get_pbp_data scheduled__2010-05-14T04:00:00+00:00 [queued]>
[2022-03-17 02:47:15,032] {taskinstance.py:1238} INFO - 
--------------------------------------------------------------------------------
[2022-03-17 02:47:15,034] {taskinstance.py:1239} INFO - Starting attempt 2 of 2
[2022-03-17 02:47:15,035] {taskinstance.py:1240} INFO - 
--------------------------------------------------------------------------------
[2022-03-17 02:47:15,050] {taskinstance.py:1259} INFO - Executing <Task(PythonOperator): get_pbp_data> on 2010-05-14 04:00:00+00:00
[2022-03-17 02:47:15,060] {standard_task_runner.py:52} INFO - Started process 452 to run task
[2022-03-17 02:47:15,066] {standard_task_runner.py:76} INFO - Running: ['***', 'tasks', 'run', 'pbp_bucket_ingestion_dag', 'get_pbp_data', 'scheduled__2010-05-14T04:00:00+00:00', '--job-id', '5996', '--raw', '--subdir', 'DAGS_FOLDER/pbp_ingestion_dag.py', '--cfg-path', '/tmp/tmp2wuorrah', '--error-file', '/tmp/tmpi4hwup05']
[2022-03-17 02:47:15,068] {standard_task_runner.py:77} INFO - Job 5996: Subtask get_pbp_data
[2022-03-17 02:47:15,166] {logging_mixin.py:109} INFO - Running <TaskInstance: pbp_bucket_ingestion_dag.get_pbp_data scheduled__2010-05-14T04:00:00+00:00 [running]> on host 0e12c27218bc
[2022-03-17 02:47:15,235] {taskinstance.py:1426} INFO - Exporting the following env vars:
AIRFLOW_CTX_DAG_OWNER=***
AIRFLOW_CTX_DAG_ID=pbp_bucket_ingestion_dag
AIRFLOW_CTX_TASK_ID=get_pbp_data
AIRFLOW_CTX_EXECUTION_DATE=2010-05-14T04:00:00+00:00
AIRFLOW_CTX_DAG_RUN_ID=scheduled__2010-05-14T04:00:00+00:00
[2022-03-17 02:47:35,831] {python.py:175} INFO - Done. Returned value was: None
[2022-03-17 02:47:35,847] {taskinstance.py:1277} INFO - Marking task as SUCCESS. dag_id=pbp_bucket_ingestion_dag, task_id=get_pbp_data, execution_date=20100514T040000, start_date=20220317T024715, end_date=20220317T024735
[2022-03-17 02:47:35,886] {local_task_job.py:154} INFO - Task exited with return code 0
[2022-03-17 02:47:35,934] {local_task_job.py:264} INFO - 0 downstream tasks scheduled from follow-on schedule check
