[2022-03-18 15:20:27,628] {taskinstance.py:1032} INFO - Dependencies all met for <TaskInstance: pbp_bucket_ingestion_dag.get_pbp_data scheduled__2010-05-14T04:00:00+00:00 [queued]>
[2022-03-18 15:20:27,718] {taskinstance.py:1032} INFO - Dependencies all met for <TaskInstance: pbp_bucket_ingestion_dag.get_pbp_data scheduled__2010-05-14T04:00:00+00:00 [queued]>
[2022-03-18 15:20:27,719] {taskinstance.py:1238} INFO - 
--------------------------------------------------------------------------------
[2022-03-18 15:20:27,720] {taskinstance.py:1239} INFO - Starting attempt 3 of 4
[2022-03-18 15:20:27,726] {taskinstance.py:1240} INFO - 
--------------------------------------------------------------------------------
[2022-03-18 15:20:27,785] {taskinstance.py:1259} INFO - Executing <Task(PythonOperator): get_pbp_data> on 2010-05-14 04:00:00+00:00
[2022-03-18 15:20:27,812] {standard_task_runner.py:52} INFO - Started process 120 to run task
[2022-03-18 15:20:27,841] {standard_task_runner.py:76} INFO - Running: ['***', 'tasks', 'run', 'pbp_bucket_ingestion_dag', 'get_pbp_data', 'scheduled__2010-05-14T04:00:00+00:00', '--job-id', '6373', '--raw', '--subdir', 'DAGS_FOLDER/pbp_ingestion_dag.py', '--cfg-path', '/tmp/tmpmdi65zt_', '--error-file', '/tmp/tmp_cj5x9h7']
[2022-03-18 15:20:27,851] {standard_task_runner.py:77} INFO - Job 6373: Subtask get_pbp_data
[2022-03-18 15:20:28,067] {logging_mixin.py:109} INFO - Running <TaskInstance: pbp_bucket_ingestion_dag.get_pbp_data scheduled__2010-05-14T04:00:00+00:00 [running]> on host 9a1698cd207d
[2022-03-18 15:20:28,260] {taskinstance.py:1426} INFO - Exporting the following env vars:
AIRFLOW_CTX_DAG_OWNER=***
AIRFLOW_CTX_DAG_ID=pbp_bucket_ingestion_dag
AIRFLOW_CTX_TASK_ID=get_pbp_data
AIRFLOW_CTX_EXECUTION_DATE=2010-05-14T04:00:00+00:00
AIRFLOW_CTX_DAG_RUN_ID=scheduled__2010-05-14T04:00:00+00:00
[2022-03-18 15:20:57,414] {python.py:175} INFO - Done. Returned value was: None
[2022-03-18 15:20:57,447] {taskinstance.py:1277} INFO - Marking task as SUCCESS. dag_id=pbp_bucket_ingestion_dag, task_id=get_pbp_data, execution_date=20100514T040000, start_date=20220318T152027, end_date=20220318T152057
[2022-03-18 15:20:57,548] {local_task_job.py:154} INFO - Task exited with return code 0
[2022-03-18 15:20:57,650] {local_task_job.py:264} INFO - 0 downstream tasks scheduled from follow-on schedule check
