[2022-03-18 04:46:33,681] {taskinstance.py:1032} INFO - Dependencies all met for <TaskInstance: pbp_bucket_ingestion_dag.get_pbp_data scheduled__2014-12-04T04:00:00+00:00 [queued]>
[2022-03-18 04:46:33,712] {taskinstance.py:1032} INFO - Dependencies all met for <TaskInstance: pbp_bucket_ingestion_dag.get_pbp_data scheduled__2014-12-04T04:00:00+00:00 [queued]>
[2022-03-18 04:46:33,714] {taskinstance.py:1238} INFO - 
--------------------------------------------------------------------------------
[2022-03-18 04:46:33,716] {taskinstance.py:1239} INFO - Starting attempt 2 of 2
[2022-03-18 04:46:33,718] {taskinstance.py:1240} INFO - 
--------------------------------------------------------------------------------
[2022-03-18 04:46:33,760] {taskinstance.py:1259} INFO - Executing <Task(PythonOperator): get_pbp_data> on 2014-12-04 04:00:00+00:00
[2022-03-18 04:46:33,779] {standard_task_runner.py:52} INFO - Started process 597 to run task
[2022-03-18 04:46:33,800] {standard_task_runner.py:76} INFO - Running: ['***', 'tasks', 'run', 'pbp_bucket_ingestion_dag', 'get_pbp_data', 'scheduled__2014-12-04T04:00:00+00:00', '--job-id', '6295', '--raw', '--subdir', 'DAGS_FOLDER/pbp_ingestion_dag.py', '--cfg-path', '/tmp/tmpzgp_ofz9', '--error-file', '/tmp/tmp4smnfvie']
[2022-03-18 04:46:33,804] {standard_task_runner.py:77} INFO - Job 6295: Subtask get_pbp_data
[2022-03-18 04:46:34,031] {logging_mixin.py:109} INFO - Running <TaskInstance: pbp_bucket_ingestion_dag.get_pbp_data scheduled__2014-12-04T04:00:00+00:00 [running]> on host a2ba0547c319
[2022-03-18 04:46:34,230] {taskinstance.py:1426} INFO - Exporting the following env vars:
AIRFLOW_CTX_DAG_OWNER=***
AIRFLOW_CTX_DAG_ID=pbp_bucket_ingestion_dag
AIRFLOW_CTX_TASK_ID=get_pbp_data
AIRFLOW_CTX_EXECUTION_DATE=2014-12-04T04:00:00+00:00
AIRFLOW_CTX_DAG_RUN_ID=scheduled__2014-12-04T04:00:00+00:00
[2022-03-18 04:46:34,467] {python.py:175} INFO - Done. Returned value was: None
[2022-03-18 04:46:34,507] {taskinstance.py:1277} INFO - Marking task as SUCCESS. dag_id=pbp_bucket_ingestion_dag, task_id=get_pbp_data, execution_date=20141204T040000, start_date=20220318T044633, end_date=20220318T044634
[2022-03-18 04:46:34,584] {local_task_job.py:154} INFO - Task exited with return code 0
[2022-03-18 04:46:35,104] {local_task_job.py:264} INFO - 0 downstream tasks scheduled from follow-on schedule check
