[2022-03-18 15:22:12,073] {taskinstance.py:1032} INFO - Dependencies all met for <TaskInstance: pbp_bucket_ingestion_dag.get_pbp_data scheduled__2011-01-24T04:00:00+00:00 [queued]>
[2022-03-18 15:22:12,110] {taskinstance.py:1032} INFO - Dependencies all met for <TaskInstance: pbp_bucket_ingestion_dag.get_pbp_data scheduled__2011-01-24T04:00:00+00:00 [queued]>
[2022-03-18 15:22:12,081] {taskinstance.py:1238} INFO - 
--------------------------------------------------------------------------------
[2022-03-18 15:22:12,082] {taskinstance.py:1239} INFO - Starting attempt 2 of 3
[2022-03-18 15:22:12,084] {taskinstance.py:1240} INFO - 
--------------------------------------------------------------------------------
[2022-03-18 15:22:12,120] {taskinstance.py:1259} INFO - Executing <Task(PythonOperator): get_pbp_data> on 2011-01-24 04:00:00+00:00
[2022-03-18 15:22:12,161] {standard_task_runner.py:52} INFO - Started process 435 to run task
[2022-03-18 15:22:12,193] {standard_task_runner.py:76} INFO - Running: ['***', 'tasks', 'run', 'pbp_bucket_ingestion_dag', 'get_pbp_data', 'scheduled__2011-01-24T04:00:00+00:00', '--job-id', '6461', '--raw', '--subdir', 'DAGS_FOLDER/pbp_ingestion_dag.py', '--cfg-path', '/tmp/tmppjq_r46u', '--error-file', '/tmp/tmp4ue1jgb1']
[2022-03-18 15:22:12,196] {standard_task_runner.py:77} INFO - Job 6461: Subtask get_pbp_data
[2022-03-18 15:22:12,375] {logging_mixin.py:109} INFO - Running <TaskInstance: pbp_bucket_ingestion_dag.get_pbp_data scheduled__2011-01-24T04:00:00+00:00 [running]> on host 9a1698cd207d
[2022-03-18 15:22:12,547] {taskinstance.py:1426} INFO - Exporting the following env vars:
AIRFLOW_CTX_DAG_OWNER=***
AIRFLOW_CTX_DAG_ID=pbp_bucket_ingestion_dag
AIRFLOW_CTX_TASK_ID=get_pbp_data
AIRFLOW_CTX_EXECUTION_DATE=2011-01-24T04:00:00+00:00
AIRFLOW_CTX_DAG_RUN_ID=scheduled__2011-01-24T04:00:00+00:00
[2022-03-18 15:22:13,144] {python.py:175} INFO - Done. Returned value was: None
[2022-03-18 15:22:13,509] {taskinstance.py:1277} INFO - Marking task as SUCCESS. dag_id=pbp_bucket_ingestion_dag, task_id=get_pbp_data, execution_date=20110124T040000, start_date=20220318T152212, end_date=20220318T152213
[2022-03-18 15:22:13,584] {local_task_job.py:154} INFO - Task exited with return code 0
[2022-03-18 15:22:13,684] {local_task_job.py:264} INFO - 0 downstream tasks scheduled from follow-on schedule check
