[2022-03-17 02:05:39,387] {taskinstance.py:1032} INFO - Dependencies all met for <TaskInstance: pbp_bucket_ingestion_dag.get_pbp_data scheduled__2010-03-09T04:00:00+00:00 [queued]>
[2022-03-17 02:05:39,404] {taskinstance.py:1032} INFO - Dependencies all met for <TaskInstance: pbp_bucket_ingestion_dag.get_pbp_data scheduled__2010-03-09T04:00:00+00:00 [queued]>
[2022-03-17 02:05:39,406] {taskinstance.py:1238} INFO - 
--------------------------------------------------------------------------------
[2022-03-17 02:05:39,407] {taskinstance.py:1239} INFO - Starting attempt 3 of 3
[2022-03-17 02:05:39,408] {taskinstance.py:1240} INFO - 
--------------------------------------------------------------------------------
[2022-03-17 02:05:39,425] {taskinstance.py:1259} INFO - Executing <Task(PythonOperator): get_pbp_data> on 2010-03-09 04:00:00+00:00
[2022-03-17 02:05:39,433] {standard_task_runner.py:52} INFO - Started process 666 to run task
[2022-03-17 02:05:39,439] {standard_task_runner.py:76} INFO - Running: ['***', 'tasks', 'run', 'pbp_bucket_ingestion_dag', 'get_pbp_data', 'scheduled__2010-03-09T04:00:00+00:00', '--job-id', '5925', '--raw', '--subdir', 'DAGS_FOLDER/pbp_ingestion_dag.py', '--cfg-path', '/tmp/tmpdo6p2g4p', '--error-file', '/tmp/tmp8g80du6p']
[2022-03-17 02:05:39,444] {standard_task_runner.py:77} INFO - Job 5925: Subtask get_pbp_data
[2022-03-17 02:05:39,537] {logging_mixin.py:109} INFO - Running <TaskInstance: pbp_bucket_ingestion_dag.get_pbp_data scheduled__2010-03-09T04:00:00+00:00 [running]> on host 4a1a6cb52d3f
[2022-03-17 02:05:39,614] {taskinstance.py:1426} INFO - Exporting the following env vars:
AIRFLOW_CTX_DAG_OWNER=***
AIRFLOW_CTX_DAG_ID=pbp_bucket_ingestion_dag
AIRFLOW_CTX_TASK_ID=get_pbp_data
AIRFLOW_CTX_EXECUTION_DATE=2010-03-09T04:00:00+00:00
AIRFLOW_CTX_DAG_RUN_ID=scheduled__2010-03-09T04:00:00+00:00
[2022-03-17 02:06:16,248] {python.py:175} INFO - Done. Returned value was: None
[2022-03-17 02:06:16,302] {taskinstance.py:1277} INFO - Marking task as SUCCESS. dag_id=pbp_bucket_ingestion_dag, task_id=get_pbp_data, execution_date=20100309T040000, start_date=20220317T020539, end_date=20220317T020616
[2022-03-17 02:06:16,363] {local_task_job.py:154} INFO - Task exited with return code 0
[2022-03-17 02:06:16,396] {local_task_job.py:264} INFO - 0 downstream tasks scheduled from follow-on schedule check
