[2022-03-18 04:46:45,802] {taskinstance.py:1032} INFO - Dependencies all met for <TaskInstance: pbp_bucket_ingestion_dag.get_pbp_data scheduled__2010-03-09T04:00:00+00:00 [queued]>
[2022-03-18 04:46:45,822] {taskinstance.py:1032} INFO - Dependencies all met for <TaskInstance: pbp_bucket_ingestion_dag.get_pbp_data scheduled__2010-03-09T04:00:00+00:00 [queued]>
[2022-03-18 04:46:45,823] {taskinstance.py:1238} INFO - 
--------------------------------------------------------------------------------
[2022-03-18 04:46:45,824] {taskinstance.py:1239} INFO - Starting attempt 4 of 5
[2022-03-18 04:46:45,825] {taskinstance.py:1240} INFO - 
--------------------------------------------------------------------------------
[2022-03-18 04:46:45,853] {taskinstance.py:1259} INFO - Executing <Task(PythonOperator): get_pbp_data> on 2010-03-09 04:00:00+00:00
[2022-03-18 04:46:45,863] {standard_task_runner.py:52} INFO - Started process 645 to run task
[2022-03-18 04:46:45,876] {standard_task_runner.py:76} INFO - Running: ['***', 'tasks', 'run', 'pbp_bucket_ingestion_dag', 'get_pbp_data', 'scheduled__2010-03-09T04:00:00+00:00', '--job-id', '6311', '--raw', '--subdir', 'DAGS_FOLDER/pbp_ingestion_dag.py', '--cfg-path', '/tmp/tmp3npngz_j', '--error-file', '/tmp/tmpu3f0mdig']
[2022-03-18 04:46:45,878] {standard_task_runner.py:77} INFO - Job 6311: Subtask get_pbp_data
[2022-03-18 04:46:46,033] {logging_mixin.py:109} INFO - Running <TaskInstance: pbp_bucket_ingestion_dag.get_pbp_data scheduled__2010-03-09T04:00:00+00:00 [running]> on host a2ba0547c319
[2022-03-18 04:46:46,161] {taskinstance.py:1426} INFO - Exporting the following env vars:
AIRFLOW_CTX_DAG_OWNER=***
AIRFLOW_CTX_DAG_ID=pbp_bucket_ingestion_dag
AIRFLOW_CTX_TASK_ID=get_pbp_data
AIRFLOW_CTX_EXECUTION_DATE=2010-03-09T04:00:00+00:00
AIRFLOW_CTX_DAG_RUN_ID=scheduled__2010-03-09T04:00:00+00:00
[2022-03-18 04:47:51,168] {python.py:175} INFO - Done. Returned value was: None
[2022-03-18 04:47:51,220] {taskinstance.py:1277} INFO - Marking task as SUCCESS. dag_id=pbp_bucket_ingestion_dag, task_id=get_pbp_data, execution_date=20100309T040000, start_date=20220318T044645, end_date=20220318T044751
[2022-03-18 04:47:51,375] {local_task_job.py:154} INFO - Task exited with return code 0
[2022-03-18 04:47:51,632] {local_task_job.py:264} INFO - 0 downstream tasks scheduled from follow-on schedule check
[2022-03-18 04:47:51,710] {dagrun.py:545} INFO - Marking run <DagRun pbp_bucket_ingestion_dag @ 2010-03-09 04:00:00+00:00: scheduled__2010-03-09T04:00:00+00:00, externally triggered: False> successful
[2022-03-18 04:47:51,715] {dagrun.py:605} INFO - DagRun Finished: dag_id=pbp_bucket_ingestion_dag, execution_date=2010-03-09 04:00:00+00:00, run_id=scheduled__2010-03-09T04:00:00+00:00, run_start_date=2022-03-18 04:46:41.960548+00:00, run_end_date=2022-03-18 04:47:51.715373+00:00, run_duration=69.754825, state=success, external_trigger=False, run_type=scheduled, data_interval_start=2010-03-09 04:00:00+00:00, data_interval_end=2010-03-10 04:00:00+00:00, dag_hash=863fe03ba9371d92690c07e577d012e1
