[2022-03-18 05:03:14,689] {taskinstance.py:1032} INFO - Dependencies all met for <TaskInstance: pbp_bucket_ingestion_dag.get_pbp_data scheduled__2010-03-24T04:00:00+00:00 [queued]>
[2022-03-18 05:03:14,739] {taskinstance.py:1032} INFO - Dependencies all met for <TaskInstance: pbp_bucket_ingestion_dag.get_pbp_data scheduled__2010-03-24T04:00:00+00:00 [queued]>
[2022-03-18 05:03:14,741] {taskinstance.py:1238} INFO - 
--------------------------------------------------------------------------------
[2022-03-18 05:03:14,744] {taskinstance.py:1239} INFO - Starting attempt 5 of 2
[2022-03-18 05:03:14,746] {taskinstance.py:1240} INFO - 
--------------------------------------------------------------------------------
[2022-03-18 05:03:14,779] {taskinstance.py:1259} INFO - Executing <Task(PythonOperator): get_pbp_data> on 2010-03-24 04:00:00+00:00
[2022-03-18 05:03:14,800] {standard_task_runner.py:52} INFO - Started process 441 to run task
[2022-03-18 05:03:14,928] {standard_task_runner.py:76} INFO - Running: ['***', 'tasks', 'run', 'pbp_bucket_ingestion_dag', 'get_pbp_data', 'scheduled__2010-03-24T04:00:00+00:00', '--job-id', '6353', '--raw', '--subdir', 'DAGS_FOLDER/pbp_ingestion_dag.py', '--cfg-path', '/tmp/tmpbf6_o32l', '--error-file', '/tmp/tmpt0mtnzpg']
[2022-03-18 05:03:14,967] {standard_task_runner.py:77} INFO - Job 6353: Subtask get_pbp_data
[2022-03-18 05:03:16,222] {logging_mixin.py:109} INFO - Running <TaskInstance: pbp_bucket_ingestion_dag.get_pbp_data scheduled__2010-03-24T04:00:00+00:00 [running]> on host 62e69f3f7a79
[2022-03-18 05:03:16,666] {taskinstance.py:1426} INFO - Exporting the following env vars:
AIRFLOW_CTX_DAG_OWNER=***
AIRFLOW_CTX_DAG_ID=pbp_bucket_ingestion_dag
AIRFLOW_CTX_TASK_ID=get_pbp_data
AIRFLOW_CTX_EXECUTION_DATE=2010-03-24T04:00:00+00:00
AIRFLOW_CTX_DAG_RUN_ID=scheduled__2010-03-24T04:00:00+00:00
[2022-03-18 05:04:06,006] {python.py:175} INFO - Done. Returned value was: None
[2022-03-18 05:04:06,130] {taskinstance.py:1277} INFO - Marking task as SUCCESS. dag_id=pbp_bucket_ingestion_dag, task_id=get_pbp_data, execution_date=20100324T040000, start_date=20220318T050314, end_date=20220318T050406
[2022-03-18 05:04:06,355] {local_task_job.py:154} INFO - Task exited with return code 0
[2022-03-18 05:04:06,486] {local_task_job.py:264} INFO - 0 downstream tasks scheduled from follow-on schedule check
