[2022-03-18 15:21:06,926] {taskinstance.py:1032} INFO - Dependencies all met for <TaskInstance: pbp_bucket_ingestion_dag.get_pbp_data scheduled__2010-11-11T04:00:00+00:00 [queued]>
[2022-03-18 15:21:06,945] {taskinstance.py:1032} INFO - Dependencies all met for <TaskInstance: pbp_bucket_ingestion_dag.get_pbp_data scheduled__2010-11-11T04:00:00+00:00 [queued]>
[2022-03-18 15:21:06,946] {taskinstance.py:1238} INFO - 
--------------------------------------------------------------------------------
[2022-03-18 15:21:06,947] {taskinstance.py:1239} INFO - Starting attempt 2 of 3
[2022-03-18 15:21:06,948] {taskinstance.py:1240} INFO - 
--------------------------------------------------------------------------------
[2022-03-18 15:21:06,970] {taskinstance.py:1259} INFO - Executing <Task(PythonOperator): get_pbp_data> on 2010-11-11 04:00:00+00:00
[2022-03-18 15:21:06,978] {standard_task_runner.py:52} INFO - Started process 179 to run task
[2022-03-18 15:21:06,992] {standard_task_runner.py:76} INFO - Running: ['***', 'tasks', 'run', 'pbp_bucket_ingestion_dag', 'get_pbp_data', 'scheduled__2010-11-11T04:00:00+00:00', '--job-id', '6388', '--raw', '--subdir', 'DAGS_FOLDER/pbp_ingestion_dag.py', '--cfg-path', '/tmp/tmp_uvcq1eo', '--error-file', '/tmp/tmp02pa9pah']
[2022-03-18 15:21:06,997] {standard_task_runner.py:77} INFO - Job 6388: Subtask get_pbp_data
[2022-03-18 15:21:07,137] {logging_mixin.py:109} INFO - Running <TaskInstance: pbp_bucket_ingestion_dag.get_pbp_data scheduled__2010-11-11T04:00:00+00:00 [running]> on host 9a1698cd207d
[2022-03-18 15:21:07,247] {taskinstance.py:1426} INFO - Exporting the following env vars:
AIRFLOW_CTX_DAG_OWNER=***
AIRFLOW_CTX_DAG_ID=pbp_bucket_ingestion_dag
AIRFLOW_CTX_TASK_ID=get_pbp_data
AIRFLOW_CTX_EXECUTION_DATE=2010-11-11T04:00:00+00:00
AIRFLOW_CTX_DAG_RUN_ID=scheduled__2010-11-11T04:00:00+00:00
[2022-03-18 15:21:07,707] {python.py:175} INFO - Done. Returned value was: None
[2022-03-18 15:21:07,982] {taskinstance.py:1277} INFO - Marking task as SUCCESS. dag_id=pbp_bucket_ingestion_dag, task_id=get_pbp_data, execution_date=20101111T040000, start_date=20220318T152106, end_date=20220318T152107
[2022-03-18 15:21:08,165] {local_task_job.py:154} INFO - Task exited with return code 0
[2022-03-18 15:21:08,308] {local_task_job.py:264} INFO - 0 downstream tasks scheduled from follow-on schedule check
