[2022-03-18 15:21:36,037] {taskinstance.py:1032} INFO - Dependencies all met for <TaskInstance: pbp_bucket_ingestion_dag.get_pbp_data scheduled__2010-12-01T04:00:00+00:00 [queued]>
[2022-03-18 15:21:36,070] {taskinstance.py:1032} INFO - Dependencies all met for <TaskInstance: pbp_bucket_ingestion_dag.get_pbp_data scheduled__2010-12-01T04:00:00+00:00 [queued]>
[2022-03-18 15:21:36,072] {taskinstance.py:1238} INFO - 
--------------------------------------------------------------------------------
[2022-03-18 15:21:36,074] {taskinstance.py:1239} INFO - Starting attempt 2 of 3
[2022-03-18 15:21:36,075] {taskinstance.py:1240} INFO - 
--------------------------------------------------------------------------------
[2022-03-18 15:21:36,100] {taskinstance.py:1259} INFO - Executing <Task(PythonOperator): get_pbp_data> on 2010-12-01 04:00:00+00:00
[2022-03-18 15:21:36,119] {standard_task_runner.py:52} INFO - Started process 260 to run task
[2022-03-18 15:21:36,135] {standard_task_runner.py:76} INFO - Running: ['***', 'tasks', 'run', 'pbp_bucket_ingestion_dag', 'get_pbp_data', 'scheduled__2010-12-01T04:00:00+00:00', '--job-id', '6410', '--raw', '--subdir', 'DAGS_FOLDER/pbp_ingestion_dag.py', '--cfg-path', '/tmp/tmpghmuu12e', '--error-file', '/tmp/tmpjl2cxi_7']
[2022-03-18 15:21:36,141] {standard_task_runner.py:77} INFO - Job 6410: Subtask get_pbp_data
[2022-03-18 15:21:36,412] {logging_mixin.py:109} INFO - Running <TaskInstance: pbp_bucket_ingestion_dag.get_pbp_data scheduled__2010-12-01T04:00:00+00:00 [running]> on host 9a1698cd207d
[2022-03-18 15:21:36,585] {taskinstance.py:1426} INFO - Exporting the following env vars:
AIRFLOW_CTX_DAG_OWNER=***
AIRFLOW_CTX_DAG_ID=pbp_bucket_ingestion_dag
AIRFLOW_CTX_TASK_ID=get_pbp_data
AIRFLOW_CTX_EXECUTION_DATE=2010-12-01T04:00:00+00:00
AIRFLOW_CTX_DAG_RUN_ID=scheduled__2010-12-01T04:00:00+00:00
[2022-03-18 15:21:37,237] {python.py:175} INFO - Done. Returned value was: None
[2022-03-18 15:21:37,269] {taskinstance.py:1277} INFO - Marking task as SUCCESS. dag_id=pbp_bucket_ingestion_dag, task_id=get_pbp_data, execution_date=20101201T040000, start_date=20220318T152136, end_date=20220318T152137
[2022-03-18 15:21:37,370] {local_task_job.py:154} INFO - Task exited with return code 0
[2022-03-18 15:21:37,473] {local_task_job.py:264} INFO - 0 downstream tasks scheduled from follow-on schedule check
