[2022-03-18 15:28:06,516] {taskinstance.py:1032} INFO - Dependencies all met for <TaskInstance: pbp_bucket_ingestion_dag.get_pbp_data scheduled__2011-07-04T04:00:00+00:00 [queued]>
[2022-03-18 15:28:06,535] {taskinstance.py:1032} INFO - Dependencies all met for <TaskInstance: pbp_bucket_ingestion_dag.get_pbp_data scheduled__2011-07-04T04:00:00+00:00 [queued]>
[2022-03-18 15:28:06,536] {taskinstance.py:1238} INFO - 
--------------------------------------------------------------------------------
[2022-03-18 15:28:06,537] {taskinstance.py:1239} INFO - Starting attempt 2 of 3
[2022-03-18 15:28:06,539] {taskinstance.py:1240} INFO - 
--------------------------------------------------------------------------------
[2022-03-18 15:28:06,556] {taskinstance.py:1259} INFO - Executing <Task(PythonOperator): get_pbp_data> on 2011-07-04 04:00:00+00:00
[2022-03-18 15:28:06,581] {standard_task_runner.py:52} INFO - Started process 126 to run task
[2022-03-18 15:28:06,590] {standard_task_runner.py:76} INFO - Running: ['***', 'tasks', 'run', 'pbp_bucket_ingestion_dag', 'get_pbp_data', 'scheduled__2011-07-04T04:00:00+00:00', '--job-id', '6525', '--raw', '--subdir', 'DAGS_FOLDER/pbp_ingestion_dag.py', '--cfg-path', '/tmp/tmp6qagkzy5', '--error-file', '/tmp/tmpzutfrzhm']
[2022-03-18 15:28:06,592] {standard_task_runner.py:77} INFO - Job 6525: Subtask get_pbp_data
[2022-03-18 15:28:06,710] {logging_mixin.py:109} INFO - Running <TaskInstance: pbp_bucket_ingestion_dag.get_pbp_data scheduled__2011-07-04T04:00:00+00:00 [running]> on host 64466ce74801
[2022-03-18 15:28:06,815] {taskinstance.py:1426} INFO - Exporting the following env vars:
AIRFLOW_CTX_DAG_OWNER=***
AIRFLOW_CTX_DAG_ID=pbp_bucket_ingestion_dag
AIRFLOW_CTX_TASK_ID=get_pbp_data
AIRFLOW_CTX_EXECUTION_DATE=2011-07-04T04:00:00+00:00
AIRFLOW_CTX_DAG_RUN_ID=scheduled__2011-07-04T04:00:00+00:00
[2022-03-18 15:28:43,808] {python.py:175} INFO - Done. Returned value was: None
[2022-03-18 15:28:43,832] {taskinstance.py:1277} INFO - Marking task as SUCCESS. dag_id=pbp_bucket_ingestion_dag, task_id=get_pbp_data, execution_date=20110704T040000, start_date=20220318T152806, end_date=20220318T152843
[2022-03-18 15:28:43,891] {local_task_job.py:154} INFO - Task exited with return code 0
[2022-03-18 15:28:43,942] {local_task_job.py:264} INFO - 0 downstream tasks scheduled from follow-on schedule check
