[2022-03-17 02:17:16,296] {taskinstance.py:1032} INFO - Dependencies all met for <TaskInstance: pbp_bucket_ingestion_dag.get_pbp_data scheduled__2010-03-19T04:00:00+00:00 [queued]>
[2022-03-17 02:17:16,317] {taskinstance.py:1032} INFO - Dependencies all met for <TaskInstance: pbp_bucket_ingestion_dag.get_pbp_data scheduled__2010-03-19T04:00:00+00:00 [queued]>
[2022-03-17 02:17:16,318] {taskinstance.py:1238} INFO - 
--------------------------------------------------------------------------------
[2022-03-17 02:17:16,319] {taskinstance.py:1239} INFO - Starting attempt 3 of 3
[2022-03-17 02:17:16,320] {taskinstance.py:1240} INFO - 
--------------------------------------------------------------------------------
[2022-03-17 02:17:16,339] {taskinstance.py:1259} INFO - Executing <Task(PythonOperator): get_pbp_data> on 2010-03-19 04:00:00+00:00
[2022-03-17 02:17:16,347] {standard_task_runner.py:52} INFO - Started process 363 to run task
[2022-03-17 02:17:16,352] {standard_task_runner.py:76} INFO - Running: ['***', 'tasks', 'run', 'pbp_bucket_ingestion_dag', 'get_pbp_data', 'scheduled__2010-03-19T04:00:00+00:00', '--job-id', '5937', '--raw', '--subdir', 'DAGS_FOLDER/pbp_ingestion_dag.py', '--cfg-path', '/tmp/tmpoj502t2q', '--error-file', '/tmp/tmpmljmimsv']
[2022-03-17 02:17:16,354] {standard_task_runner.py:77} INFO - Job 5937: Subtask get_pbp_data
[2022-03-17 02:17:16,443] {logging_mixin.py:109} INFO - Running <TaskInstance: pbp_bucket_ingestion_dag.get_pbp_data scheduled__2010-03-19T04:00:00+00:00 [running]> on host 776a3591a95e
[2022-03-17 02:17:16,590] {taskinstance.py:1426} INFO - Exporting the following env vars:
AIRFLOW_CTX_DAG_OWNER=***
AIRFLOW_CTX_DAG_ID=pbp_bucket_ingestion_dag
AIRFLOW_CTX_TASK_ID=get_pbp_data
AIRFLOW_CTX_EXECUTION_DATE=2010-03-19T04:00:00+00:00
AIRFLOW_CTX_DAG_RUN_ID=scheduled__2010-03-19T04:00:00+00:00
[2022-03-17 02:17:52,329] {python.py:175} INFO - Done. Returned value was: None
[2022-03-17 02:17:52,348] {taskinstance.py:1277} INFO - Marking task as SUCCESS. dag_id=pbp_bucket_ingestion_dag, task_id=get_pbp_data, execution_date=20100319T040000, start_date=20220317T021716, end_date=20220317T021752
[2022-03-17 02:17:52,401] {local_task_job.py:154} INFO - Task exited with return code 0
[2022-03-17 02:17:52,442] {local_task_job.py:264} INFO - 0 downstream tasks scheduled from follow-on schedule check
