[2022-03-18 05:03:16,702] {taskinstance.py:1032} INFO - Dependencies all met for <TaskInstance: pbp_bucket_ingestion_dag.get_pbp_data scheduled__2010-03-19T04:00:00+00:00 [queued]>
[2022-03-18 05:03:16,801] {taskinstance.py:1032} INFO - Dependencies all met for <TaskInstance: pbp_bucket_ingestion_dag.get_pbp_data scheduled__2010-03-19T04:00:00+00:00 [queued]>
[2022-03-18 05:03:16,807] {taskinstance.py:1238} INFO - 
--------------------------------------------------------------------------------
[2022-03-18 05:03:16,809] {taskinstance.py:1239} INFO - Starting attempt 5 of 5
[2022-03-18 05:03:16,812] {taskinstance.py:1240} INFO - 
--------------------------------------------------------------------------------
[2022-03-18 05:03:16,929] {taskinstance.py:1259} INFO - Executing <Task(PythonOperator): get_pbp_data> on 2010-03-19 04:00:00+00:00
[2022-03-18 05:03:16,948] {standard_task_runner.py:52} INFO - Started process 446 to run task
[2022-03-18 05:03:16,974] {standard_task_runner.py:76} INFO - Running: ['***', 'tasks', 'run', 'pbp_bucket_ingestion_dag', 'get_pbp_data', 'scheduled__2010-03-19T04:00:00+00:00', '--job-id', '6357', '--raw', '--subdir', 'DAGS_FOLDER/pbp_ingestion_dag.py', '--cfg-path', '/tmp/tmpwpcb8fxa', '--error-file', '/tmp/tmpevrimhz6']
[2022-03-18 05:03:16,979] {standard_task_runner.py:77} INFO - Job 6357: Subtask get_pbp_data
[2022-03-18 05:03:17,160] {logging_mixin.py:109} INFO - Running <TaskInstance: pbp_bucket_ingestion_dag.get_pbp_data scheduled__2010-03-19T04:00:00+00:00 [running]> on host 62e69f3f7a79
[2022-03-18 05:03:17,280] {taskinstance.py:1426} INFO - Exporting the following env vars:
AIRFLOW_CTX_DAG_OWNER=***
AIRFLOW_CTX_DAG_ID=pbp_bucket_ingestion_dag
AIRFLOW_CTX_TASK_ID=get_pbp_data
AIRFLOW_CTX_EXECUTION_DATE=2010-03-19T04:00:00+00:00
AIRFLOW_CTX_DAG_RUN_ID=scheduled__2010-03-19T04:00:00+00:00
[2022-03-18 05:04:26,832] {python.py:175} INFO - Done. Returned value was: None
[2022-03-18 05:04:26,859] {taskinstance.py:1277} INFO - Marking task as SUCCESS. dag_id=pbp_bucket_ingestion_dag, task_id=get_pbp_data, execution_date=20100319T040000, start_date=20220318T050316, end_date=20220318T050426
[2022-03-18 05:04:26,964] {local_task_job.py:154} INFO - Task exited with return code 0
[2022-03-18 05:04:27,043] {local_task_job.py:264} INFO - 0 downstream tasks scheduled from follow-on schedule check
