[2022-03-18 04:46:39,201] {taskinstance.py:1026} INFO - Dependencies not met for <TaskInstance: pbp_bucket_ingestion_dag.get_pbp_data scheduled__2010-03-04T04:00:00+00:00 [scheduled]>, dependency 'Task Instance State' FAILED: Task is in the 'scheduled' state.
[2022-03-18 04:46:39,212] {local_task_job.py:99} INFO - Task is not able to be run
[2022-03-18 04:46:45,804] {taskinstance.py:1032} INFO - Dependencies all met for <TaskInstance: pbp_bucket_ingestion_dag.get_pbp_data scheduled__2010-03-04T04:00:00+00:00 [queued]>
[2022-03-18 04:46:45,828] {taskinstance.py:1032} INFO - Dependencies all met for <TaskInstance: pbp_bucket_ingestion_dag.get_pbp_data scheduled__2010-03-04T04:00:00+00:00 [queued]>
[2022-03-18 04:46:45,829] {taskinstance.py:1238} INFO - 
--------------------------------------------------------------------------------
[2022-03-18 04:46:45,831] {taskinstance.py:1239} INFO - Starting attempt 4 of 5
[2022-03-18 04:46:45,832] {taskinstance.py:1240} INFO - 
--------------------------------------------------------------------------------
[2022-03-18 04:46:45,861] {taskinstance.py:1259} INFO - Executing <Task(PythonOperator): get_pbp_data> on 2010-03-04 04:00:00+00:00
[2022-03-18 04:46:45,893] {standard_task_runner.py:52} INFO - Started process 646 to run task
[2022-03-18 04:46:45,915] {standard_task_runner.py:76} INFO - Running: ['***', 'tasks', 'run', 'pbp_bucket_ingestion_dag', 'get_pbp_data', 'scheduled__2010-03-04T04:00:00+00:00', '--job-id', '6310', '--raw', '--subdir', 'DAGS_FOLDER/pbp_ingestion_dag.py', '--cfg-path', '/tmp/tmp23qtx19e', '--error-file', '/tmp/tmpsoekdae5']
[2022-03-18 04:46:45,918] {standard_task_runner.py:77} INFO - Job 6310: Subtask get_pbp_data
[2022-03-18 04:46:46,096] {logging_mixin.py:109} INFO - Running <TaskInstance: pbp_bucket_ingestion_dag.get_pbp_data scheduled__2010-03-04T04:00:00+00:00 [running]> on host a2ba0547c319
[2022-03-18 04:46:46,259] {taskinstance.py:1426} INFO - Exporting the following env vars:
AIRFLOW_CTX_DAG_OWNER=***
AIRFLOW_CTX_DAG_ID=pbp_bucket_ingestion_dag
AIRFLOW_CTX_TASK_ID=get_pbp_data
AIRFLOW_CTX_EXECUTION_DATE=2010-03-04T04:00:00+00:00
AIRFLOW_CTX_DAG_RUN_ID=scheduled__2010-03-04T04:00:00+00:00
[2022-03-18 04:47:38,864] {python.py:175} INFO - Done. Returned value was: None
[2022-03-18 04:47:39,752] {taskinstance.py:1277} INFO - Marking task as SUCCESS. dag_id=pbp_bucket_ingestion_dag, task_id=get_pbp_data, execution_date=20100304T040000, start_date=20220318T044645, end_date=20220318T044739
[2022-03-18 04:47:41,586] {local_task_job.py:154} INFO - Task exited with return code 0
[2022-03-18 04:47:42,053] {local_task_job.py:264} INFO - 0 downstream tasks scheduled from follow-on schedule check
[2022-03-18 04:47:42,377] {dagrun.py:545} INFO - Marking run <DagRun pbp_bucket_ingestion_dag @ 2010-03-04 04:00:00+00:00: scheduled__2010-03-04T04:00:00+00:00, externally triggered: False> successful
[2022-03-18 04:47:42,405] {dagrun.py:605} INFO - DagRun Finished: dag_id=pbp_bucket_ingestion_dag, execution_date=2010-03-04 04:00:00+00:00, run_id=scheduled__2010-03-04T04:00:00+00:00, run_start_date=2022-03-18 04:46:41.948186+00:00, run_end_date=2022-03-18 04:47:42.405632+00:00, run_duration=60.457446, state=success, external_trigger=False, run_type=scheduled, data_interval_start=2010-03-04 04:00:00+00:00, data_interval_end=2010-03-05 04:00:00+00:00, dag_hash=863fe03ba9371d92690c07e577d012e1
