[2022-03-17 02:47:00,666] {taskinstance.py:1032} INFO - Dependencies all met for <TaskInstance: pbp_bucket_ingestion_dag.get_pbp_data scheduled__2010-05-13T04:00:00+00:00 [queued]>
[2022-03-17 02:47:00,683] {taskinstance.py:1032} INFO - Dependencies all met for <TaskInstance: pbp_bucket_ingestion_dag.get_pbp_data scheduled__2010-05-13T04:00:00+00:00 [queued]>
[2022-03-17 02:47:00,686] {taskinstance.py:1238} INFO - 
--------------------------------------------------------------------------------
[2022-03-17 02:47:00,687] {taskinstance.py:1239} INFO - Starting attempt 2 of 2
[2022-03-17 02:47:00,688] {taskinstance.py:1240} INFO - 
--------------------------------------------------------------------------------
[2022-03-17 02:47:00,704] {taskinstance.py:1259} INFO - Executing <Task(PythonOperator): get_pbp_data> on 2010-05-13 04:00:00+00:00
[2022-03-17 02:47:00,711] {standard_task_runner.py:52} INFO - Started process 439 to run task
[2022-03-17 02:47:00,716] {standard_task_runner.py:76} INFO - Running: ['***', 'tasks', 'run', 'pbp_bucket_ingestion_dag', 'get_pbp_data', 'scheduled__2010-05-13T04:00:00+00:00', '--job-id', '5995', '--raw', '--subdir', 'DAGS_FOLDER/pbp_ingestion_dag.py', '--cfg-path', '/tmp/tmpo_02at76', '--error-file', '/tmp/tmp9k234vki']
[2022-03-17 02:47:00,719] {standard_task_runner.py:77} INFO - Job 5995: Subtask get_pbp_data
[2022-03-17 02:47:00,801] {logging_mixin.py:109} INFO - Running <TaskInstance: pbp_bucket_ingestion_dag.get_pbp_data scheduled__2010-05-13T04:00:00+00:00 [running]> on host 0e12c27218bc
[2022-03-17 02:47:00,871] {taskinstance.py:1426} INFO - Exporting the following env vars:
AIRFLOW_CTX_DAG_OWNER=***
AIRFLOW_CTX_DAG_ID=pbp_bucket_ingestion_dag
AIRFLOW_CTX_TASK_ID=get_pbp_data
AIRFLOW_CTX_EXECUTION_DATE=2010-05-13T04:00:00+00:00
AIRFLOW_CTX_DAG_RUN_ID=scheduled__2010-05-13T04:00:00+00:00
[2022-03-17 02:47:11,943] {python.py:175} INFO - Done. Returned value was: None
[2022-03-17 02:47:11,956] {taskinstance.py:1277} INFO - Marking task as SUCCESS. dag_id=pbp_bucket_ingestion_dag, task_id=get_pbp_data, execution_date=20100513T040000, start_date=20220317T024700, end_date=20220317T024711
[2022-03-17 02:47:11,999] {local_task_job.py:154} INFO - Task exited with return code 0
[2022-03-17 02:47:12,032] {local_task_job.py:264} INFO - 0 downstream tasks scheduled from follow-on schedule check
