[2022-03-18 15:20:27,051] {taskinstance.py:1032} INFO - Dependencies all met for <TaskInstance: pbp_bucket_ingestion_dag.get_pbp_data scheduled__2010-05-13T04:00:00+00:00 [queued]>
[2022-03-18 15:20:27,115] {taskinstance.py:1032} INFO - Dependencies all met for <TaskInstance: pbp_bucket_ingestion_dag.get_pbp_data scheduled__2010-05-13T04:00:00+00:00 [queued]>
[2022-03-18 15:20:27,116] {taskinstance.py:1238} INFO - 
--------------------------------------------------------------------------------
[2022-03-18 15:20:27,119] {taskinstance.py:1239} INFO - Starting attempt 3 of 4
[2022-03-18 15:20:27,121] {taskinstance.py:1240} INFO - 
--------------------------------------------------------------------------------
[2022-03-18 15:20:27,162] {taskinstance.py:1259} INFO - Executing <Task(PythonOperator): get_pbp_data> on 2010-05-13 04:00:00+00:00
[2022-03-18 15:20:27,181] {standard_task_runner.py:52} INFO - Started process 117 to run task
[2022-03-18 15:20:27,202] {standard_task_runner.py:76} INFO - Running: ['***', 'tasks', 'run', 'pbp_bucket_ingestion_dag', 'get_pbp_data', 'scheduled__2010-05-13T04:00:00+00:00', '--job-id', '6371', '--raw', '--subdir', 'DAGS_FOLDER/pbp_ingestion_dag.py', '--cfg-path', '/tmp/tmpsx_cawpr', '--error-file', '/tmp/tmp225370fn']
[2022-03-18 15:20:27,214] {standard_task_runner.py:77} INFO - Job 6371: Subtask get_pbp_data
[2022-03-18 15:20:27,433] {logging_mixin.py:109} INFO - Running <TaskInstance: pbp_bucket_ingestion_dag.get_pbp_data scheduled__2010-05-13T04:00:00+00:00 [running]> on host 9a1698cd207d
[2022-03-18 15:20:27,580] {taskinstance.py:1426} INFO - Exporting the following env vars:
AIRFLOW_CTX_DAG_OWNER=***
AIRFLOW_CTX_DAG_ID=pbp_bucket_ingestion_dag
AIRFLOW_CTX_TASK_ID=get_pbp_data
AIRFLOW_CTX_EXECUTION_DATE=2010-05-13T04:00:00+00:00
AIRFLOW_CTX_DAG_RUN_ID=scheduled__2010-05-13T04:00:00+00:00
[2022-03-18 15:20:57,532] {python.py:175} INFO - Done. Returned value was: None
[2022-03-18 15:20:57,557] {taskinstance.py:1277} INFO - Marking task as SUCCESS. dag_id=pbp_bucket_ingestion_dag, task_id=get_pbp_data, execution_date=20100513T040000, start_date=20220318T152027, end_date=20220318T152057
[2022-03-18 15:20:57,665] {local_task_job.py:154} INFO - Task exited with return code 0
[2022-03-18 15:20:57,738] {local_task_job.py:264} INFO - 0 downstream tasks scheduled from follow-on schedule check
