[2022-03-18 05:03:14,474] {taskinstance.py:1032} INFO - Dependencies all met for <TaskInstance: pbp_bucket_ingestion_dag.get_pbp_data scheduled__2010-03-03T04:00:00+00:00 [queued]>
[2022-03-18 05:03:14,532] {taskinstance.py:1032} INFO - Dependencies all met for <TaskInstance: pbp_bucket_ingestion_dag.get_pbp_data scheduled__2010-03-03T04:00:00+00:00 [queued]>
[2022-03-18 05:03:14,546] {taskinstance.py:1238} INFO - 
--------------------------------------------------------------------------------
[2022-03-18 05:03:14,547] {taskinstance.py:1239} INFO - Starting attempt 5 of 5
[2022-03-18 05:03:14,551] {taskinstance.py:1240} INFO - 
--------------------------------------------------------------------------------
[2022-03-18 05:03:14,585] {taskinstance.py:1259} INFO - Executing <Task(PythonOperator): get_pbp_data> on 2010-03-03 04:00:00+00:00
[2022-03-18 05:03:14,595] {standard_task_runner.py:52} INFO - Started process 438 to run task
[2022-03-18 05:03:14,642] {standard_task_runner.py:76} INFO - Running: ['***', 'tasks', 'run', 'pbp_bucket_ingestion_dag', 'get_pbp_data', 'scheduled__2010-03-03T04:00:00+00:00', '--job-id', '6350', '--raw', '--subdir', 'DAGS_FOLDER/pbp_ingestion_dag.py', '--cfg-path', '/tmp/tmpnijaz8vu', '--error-file', '/tmp/tmpbpflkm30']
[2022-03-18 05:03:14,654] {standard_task_runner.py:77} INFO - Job 6350: Subtask get_pbp_data
[2022-03-18 05:03:16,283] {logging_mixin.py:109} INFO - Running <TaskInstance: pbp_bucket_ingestion_dag.get_pbp_data scheduled__2010-03-03T04:00:00+00:00 [running]> on host 62e69f3f7a79
[2022-03-18 05:03:16,688] {taskinstance.py:1426} INFO - Exporting the following env vars:
AIRFLOW_CTX_DAG_OWNER=***
AIRFLOW_CTX_DAG_ID=pbp_bucket_ingestion_dag
AIRFLOW_CTX_TASK_ID=get_pbp_data
AIRFLOW_CTX_EXECUTION_DATE=2010-03-03T04:00:00+00:00
AIRFLOW_CTX_DAG_RUN_ID=scheduled__2010-03-03T04:00:00+00:00
[2022-03-18 05:03:47,946] {python.py:175} INFO - Done. Returned value was: None
[2022-03-18 05:03:47,979] {taskinstance.py:1277} INFO - Marking task as SUCCESS. dag_id=pbp_bucket_ingestion_dag, task_id=get_pbp_data, execution_date=20100303T040000, start_date=20220318T050314, end_date=20220318T050347
[2022-03-18 05:03:48,090] {local_task_job.py:154} INFO - Task exited with return code 0
[2022-03-18 05:03:48,150] {local_task_job.py:264} INFO - 0 downstream tasks scheduled from follow-on schedule check
