[2022-03-21 02:15:36,979] {taskinstance.py:1032} INFO - Dependencies all met for <TaskInstance: pbp_bucket_ingestion_dag.get_pbp_data scheduled__2011-07-30T04:00:00+00:00 [queued]>
[2022-03-21 02:15:37,002] {taskinstance.py:1032} INFO - Dependencies all met for <TaskInstance: pbp_bucket_ingestion_dag.get_pbp_data scheduled__2011-07-30T04:00:00+00:00 [queued]>
[2022-03-21 02:15:37,004] {taskinstance.py:1238} INFO - 
--------------------------------------------------------------------------------
[2022-03-21 02:15:37,005] {taskinstance.py:1239} INFO - Starting attempt 2 of 3
[2022-03-21 02:15:37,005] {taskinstance.py:1240} INFO - 
--------------------------------------------------------------------------------
[2022-03-21 02:15:37,036] {taskinstance.py:1259} INFO - Executing <Task(PythonOperator): get_pbp_data> on 2011-07-30 04:00:00+00:00
[2022-03-21 02:15:37,042] {standard_task_runner.py:52} INFO - Started process 118 to run task
[2022-03-21 02:15:37,097] {standard_task_runner.py:76} INFO - Running: ['***', 'tasks', 'run', 'pbp_bucket_ingestion_dag', 'get_pbp_data', 'scheduled__2011-07-30T04:00:00+00:00', '--job-id', '6557', '--raw', '--subdir', 'DAGS_FOLDER/pbp_ingestion_dag.py', '--cfg-path', '/tmp/tmp49x1m101', '--error-file', '/tmp/tmp5uw7383y']
[2022-03-21 02:15:37,107] {standard_task_runner.py:77} INFO - Job 6557: Subtask get_pbp_data
[2022-03-21 02:15:37,425] {logging_mixin.py:109} INFO - Running <TaskInstance: pbp_bucket_ingestion_dag.get_pbp_data scheduled__2011-07-30T04:00:00+00:00 [running]> on host d4d7c54c047c
[2022-03-21 02:15:37,985] {taskinstance.py:1426} INFO - Exporting the following env vars:
AIRFLOW_CTX_DAG_OWNER=***
AIRFLOW_CTX_DAG_ID=pbp_bucket_ingestion_dag
AIRFLOW_CTX_TASK_ID=get_pbp_data
AIRFLOW_CTX_EXECUTION_DATE=2011-07-30T04:00:00+00:00
AIRFLOW_CTX_DAG_RUN_ID=scheduled__2011-07-30T04:00:00+00:00
[2022-03-21 02:16:25,446] {python.py:175} INFO - Done. Returned value was: None
[2022-03-21 02:16:25,485] {taskinstance.py:1277} INFO - Marking task as SUCCESS. dag_id=pbp_bucket_ingestion_dag, task_id=get_pbp_data, execution_date=20110730T040000, start_date=20220321T021536, end_date=20220321T021625
[2022-03-21 02:16:25,543] {local_task_job.py:154} INFO - Task exited with return code 0
[2022-03-21 02:16:25,590] {local_task_job.py:264} INFO - 0 downstream tasks scheduled from follow-on schedule check
