[2022-03-17 02:03:27,227] {taskinstance.py:1032} INFO - Dependencies all met for <TaskInstance: pbp_bucket_ingestion_dag.get_pbp_data scheduled__2010-03-06T04:00:00+00:00 [queued]>
[2022-03-17 02:03:27,242] {taskinstance.py:1032} INFO - Dependencies all met for <TaskInstance: pbp_bucket_ingestion_dag.get_pbp_data scheduled__2010-03-06T04:00:00+00:00 [queued]>
[2022-03-17 02:03:27,243] {taskinstance.py:1238} INFO - 
--------------------------------------------------------------------------------
[2022-03-17 02:03:27,245] {taskinstance.py:1239} INFO - Starting attempt 3 of 3
[2022-03-17 02:03:27,246] {taskinstance.py:1240} INFO - 
--------------------------------------------------------------------------------
[2022-03-17 02:03:27,271] {taskinstance.py:1259} INFO - Executing <Task(PythonOperator): get_pbp_data> on 2010-03-06 04:00:00+00:00
[2022-03-17 02:03:27,279] {standard_task_runner.py:52} INFO - Started process 544 to run task
[2022-03-17 02:03:27,284] {standard_task_runner.py:76} INFO - Running: ['***', 'tasks', 'run', 'pbp_bucket_ingestion_dag', 'get_pbp_data', 'scheduled__2010-03-06T04:00:00+00:00', '--job-id', '5922', '--raw', '--subdir', 'DAGS_FOLDER/pbp_ingestion_dag.py', '--cfg-path', '/tmp/tmpcij13g60', '--error-file', '/tmp/tmpq1yqfeza']
[2022-03-17 02:03:27,287] {standard_task_runner.py:77} INFO - Job 5922: Subtask get_pbp_data
[2022-03-17 02:03:27,377] {logging_mixin.py:109} INFO - Running <TaskInstance: pbp_bucket_ingestion_dag.get_pbp_data scheduled__2010-03-06T04:00:00+00:00 [running]> on host 4a1a6cb52d3f
[2022-03-17 02:03:27,457] {taskinstance.py:1426} INFO - Exporting the following env vars:
AIRFLOW_CTX_DAG_OWNER=***
AIRFLOW_CTX_DAG_ID=pbp_bucket_ingestion_dag
AIRFLOW_CTX_TASK_ID=get_pbp_data
AIRFLOW_CTX_EXECUTION_DATE=2010-03-06T04:00:00+00:00
AIRFLOW_CTX_DAG_RUN_ID=scheduled__2010-03-06T04:00:00+00:00
[2022-03-17 02:04:06,006] {python.py:175} INFO - Done. Returned value was: None
[2022-03-17 02:04:06,023] {taskinstance.py:1277} INFO - Marking task as SUCCESS. dag_id=pbp_bucket_ingestion_dag, task_id=get_pbp_data, execution_date=20100306T040000, start_date=20220317T020327, end_date=20220317T020406
[2022-03-17 02:04:06,083] {local_task_job.py:154} INFO - Task exited with return code 0
[2022-03-17 02:04:06,116] {local_task_job.py:264} INFO - 0 downstream tasks scheduled from follow-on schedule check
