[2022-03-17 02:51:59,662] {taskinstance.py:1032} INFO - Dependencies all met for <TaskInstance: pbp_bucket_ingestion_dag.get_pbp_data scheduled__2014-08-23T04:00:00+00:00 [queued]>
[2022-03-17 02:51:59,676] {taskinstance.py:1032} INFO - Dependencies all met for <TaskInstance: pbp_bucket_ingestion_dag.get_pbp_data scheduled__2014-08-23T04:00:00+00:00 [queued]>
[2022-03-17 02:51:59,678] {taskinstance.py:1238} INFO - 
--------------------------------------------------------------------------------
[2022-03-17 02:51:59,679] {taskinstance.py:1239} INFO - Starting attempt 2 of 2
[2022-03-17 02:51:59,680] {taskinstance.py:1240} INFO - 
--------------------------------------------------------------------------------
[2022-03-17 02:51:59,699] {taskinstance.py:1259} INFO - Executing <Task(PythonOperator): get_pbp_data> on 2014-08-23 04:00:00+00:00
[2022-03-17 02:51:59,705] {standard_task_runner.py:52} INFO - Started process 710 to run task
[2022-03-17 02:51:59,713] {standard_task_runner.py:76} INFO - Running: ['***', 'tasks', 'run', 'pbp_bucket_ingestion_dag', 'get_pbp_data', 'scheduled__2014-08-23T04:00:00+00:00', '--job-id', '6007', '--raw', '--subdir', 'DAGS_FOLDER/pbp_ingestion_dag.py', '--cfg-path', '/tmp/tmpy3iydpgg', '--error-file', '/tmp/tmpkn7c9ssc']
[2022-03-17 02:51:59,715] {standard_task_runner.py:77} INFO - Job 6007: Subtask get_pbp_data
[2022-03-17 02:51:59,798] {logging_mixin.py:109} INFO - Running <TaskInstance: pbp_bucket_ingestion_dag.get_pbp_data scheduled__2014-08-23T04:00:00+00:00 [running]> on host 0e12c27218bc
[2022-03-17 02:51:59,881] {taskinstance.py:1426} INFO - Exporting the following env vars:
AIRFLOW_CTX_DAG_OWNER=***
AIRFLOW_CTX_DAG_ID=pbp_bucket_ingestion_dag
AIRFLOW_CTX_TASK_ID=get_pbp_data
AIRFLOW_CTX_EXECUTION_DATE=2014-08-23T04:00:00+00:00
AIRFLOW_CTX_DAG_RUN_ID=scheduled__2014-08-23T04:00:00+00:00
[2022-03-17 02:52:30,133] {python.py:175} INFO - Done. Returned value was: None
[2022-03-17 02:52:30,146] {taskinstance.py:1277} INFO - Marking task as SUCCESS. dag_id=pbp_bucket_ingestion_dag, task_id=get_pbp_data, execution_date=20140823T040000, start_date=20220317T025159, end_date=20220317T025230
[2022-03-17 02:52:30,200] {local_task_job.py:154} INFO - Task exited with return code 0
[2022-03-17 02:52:30,239] {local_task_job.py:264} INFO - 0 downstream tasks scheduled from follow-on schedule check
