[2022-03-17 02:40:30,247] {taskinstance.py:1032} INFO - Dependencies all met for <TaskInstance: pbp_bucket_ingestion_dag.get_pbp_data scheduled__2010-03-30T04:00:00+00:00 [queued]>
[2022-03-17 02:40:30,263] {taskinstance.py:1032} INFO - Dependencies all met for <TaskInstance: pbp_bucket_ingestion_dag.get_pbp_data scheduled__2010-03-30T04:00:00+00:00 [queued]>
[2022-03-17 02:40:30,264] {taskinstance.py:1238} INFO - 
--------------------------------------------------------------------------------
[2022-03-17 02:40:30,265] {taskinstance.py:1239} INFO - Starting attempt 3 of 3
[2022-03-17 02:40:30,266] {taskinstance.py:1240} INFO - 
--------------------------------------------------------------------------------
[2022-03-17 02:40:30,284] {taskinstance.py:1259} INFO - Executing <Task(PythonOperator): get_pbp_data> on 2010-03-30 04:00:00+00:00
[2022-03-17 02:40:30,291] {standard_task_runner.py:52} INFO - Started process 106 to run task
[2022-03-17 02:40:30,296] {standard_task_runner.py:76} INFO - Running: ['***', 'tasks', 'run', 'pbp_bucket_ingestion_dag', 'get_pbp_data', 'scheduled__2010-03-30T04:00:00+00:00', '--job-id', '5986', '--raw', '--subdir', 'DAGS_FOLDER/pbp_ingestion_dag.py', '--cfg-path', '/tmp/tmpv4y9i9i4', '--error-file', '/tmp/tmpg5xrvtfe']
[2022-03-17 02:40:30,299] {standard_task_runner.py:77} INFO - Job 5986: Subtask get_pbp_data
[2022-03-17 02:40:30,404] {logging_mixin.py:109} INFO - Running <TaskInstance: pbp_bucket_ingestion_dag.get_pbp_data scheduled__2010-03-30T04:00:00+00:00 [running]> on host 0e12c27218bc
[2022-03-17 02:40:30,476] {taskinstance.py:1426} INFO - Exporting the following env vars:
AIRFLOW_CTX_DAG_OWNER=***
AIRFLOW_CTX_DAG_ID=pbp_bucket_ingestion_dag
AIRFLOW_CTX_TASK_ID=get_pbp_data
AIRFLOW_CTX_EXECUTION_DATE=2010-03-30T04:00:00+00:00
AIRFLOW_CTX_DAG_RUN_ID=scheduled__2010-03-30T04:00:00+00:00
[2022-03-17 02:41:05,951] {python.py:175} INFO - Done. Returned value was: None
[2022-03-17 02:41:05,967] {taskinstance.py:1277} INFO - Marking task as SUCCESS. dag_id=pbp_bucket_ingestion_dag, task_id=get_pbp_data, execution_date=20100330T040000, start_date=20220317T024030, end_date=20220317T024105
[2022-03-17 02:41:06,014] {local_task_job.py:154} INFO - Task exited with return code 0
[2022-03-17 02:41:06,049] {local_task_job.py:264} INFO - 0 downstream tasks scheduled from follow-on schedule check
