[2022-03-17 02:46:31,188] {taskinstance.py:1032} INFO - Dependencies all met for <TaskInstance: pbp_bucket_ingestion_dag.get_pbp_data scheduled__2010-05-12T04:00:00+00:00 [queued]>
[2022-03-17 02:46:31,205] {taskinstance.py:1032} INFO - Dependencies all met for <TaskInstance: pbp_bucket_ingestion_dag.get_pbp_data scheduled__2010-05-12T04:00:00+00:00 [queued]>
[2022-03-17 02:46:31,207] {taskinstance.py:1238} INFO - 
--------------------------------------------------------------------------------
[2022-03-17 02:46:31,208] {taskinstance.py:1239} INFO - Starting attempt 2 of 2
[2022-03-17 02:46:31,209] {taskinstance.py:1240} INFO - 
--------------------------------------------------------------------------------
[2022-03-17 02:46:31,223] {taskinstance.py:1259} INFO - Executing <Task(PythonOperator): get_pbp_data> on 2010-05-12 04:00:00+00:00
[2022-03-17 02:46:31,229] {standard_task_runner.py:52} INFO - Started process 417 to run task
[2022-03-17 02:46:31,234] {standard_task_runner.py:76} INFO - Running: ['***', 'tasks', 'run', 'pbp_bucket_ingestion_dag', 'get_pbp_data', 'scheduled__2010-05-12T04:00:00+00:00', '--job-id', '5994', '--raw', '--subdir', 'DAGS_FOLDER/pbp_ingestion_dag.py', '--cfg-path', '/tmp/tmpi_qr145y', '--error-file', '/tmp/tmpiexb8lg1']
[2022-03-17 02:46:31,236] {standard_task_runner.py:77} INFO - Job 5994: Subtask get_pbp_data
[2022-03-17 02:46:31,318] {logging_mixin.py:109} INFO - Running <TaskInstance: pbp_bucket_ingestion_dag.get_pbp_data scheduled__2010-05-12T04:00:00+00:00 [running]> on host 0e12c27218bc
[2022-03-17 02:46:31,385] {taskinstance.py:1426} INFO - Exporting the following env vars:
AIRFLOW_CTX_DAG_OWNER=***
AIRFLOW_CTX_DAG_ID=pbp_bucket_ingestion_dag
AIRFLOW_CTX_TASK_ID=get_pbp_data
AIRFLOW_CTX_EXECUTION_DATE=2010-05-12T04:00:00+00:00
AIRFLOW_CTX_DAG_RUN_ID=scheduled__2010-05-12T04:00:00+00:00
[2022-03-17 02:46:57,299] {python.py:175} INFO - Done. Returned value was: None
[2022-03-17 02:46:57,350] {taskinstance.py:1277} INFO - Marking task as SUCCESS. dag_id=pbp_bucket_ingestion_dag, task_id=get_pbp_data, execution_date=20100512T040000, start_date=20220317T024631, end_date=20220317T024657
[2022-03-17 02:46:57,396] {local_task_job.py:154} INFO - Task exited with return code 0
[2022-03-17 02:46:57,431] {local_task_job.py:264} INFO - 0 downstream tasks scheduled from follow-on schedule check
