[2022-03-16 22:45:43,183] {processor.py:163} INFO - Started process (PID=42) to work on /opt/airflow/dags/pbp_ingestion_dag.py
[2022-03-16 22:45:43,231] {processor.py:642} INFO - Processing file /opt/airflow/dags/pbp_ingestion_dag.py for tasks to queue
[2022-03-16 22:45:43,235] {logging_mixin.py:109} INFO - [2022-03-16 22:45:43,235] {dagbag.py:500} INFO - Filling up the DagBag from /opt/airflow/dags/pbp_ingestion_dag.py
[2022-03-16 22:45:46,571] {logging_mixin.py:109} INFO - [2022-03-16 22:45:46,569] {dagbag.py:334} ERROR - Failed to import: /opt/airflow/dags/pbp_ingestion_dag.py
Traceback (most recent call last):
  File "/home/airflow/.local/lib/python3.7/site-packages/airflow/models/dagbag.py", line 331, in _load_modules_from_file
    loader.exec_module(new_module)
  File "<frozen importlib._bootstrap_external>", line 728, in exec_module
  File "<frozen importlib._bootstrap>", line 219, in _call_with_frames_removed
  File "/opt/airflow/dags/pbp_ingestion_dag.py", line 14, in <module>
    from src.get_pbp_data import get_pbp_data, upload_json_object
ModuleNotFoundError: No module named 'src'
[2022-03-16 22:45:46,605] {processor.py:656} WARNING - No viable dags retrieved from /opt/airflow/dags/pbp_ingestion_dag.py
[2022-03-16 22:45:46,619] {processor.py:171} INFO - Processing /opt/airflow/dags/pbp_ingestion_dag.py took 3.472 seconds
[2022-03-16 22:46:16,726] {processor.py:163} INFO - Started process (PID=69) to work on /opt/airflow/dags/pbp_ingestion_dag.py
[2022-03-16 22:46:16,730] {processor.py:642} INFO - Processing file /opt/airflow/dags/pbp_ingestion_dag.py for tasks to queue
[2022-03-16 22:46:16,751] {logging_mixin.py:109} INFO - [2022-03-16 22:46:16,751] {dagbag.py:500} INFO - Filling up the DagBag from /opt/airflow/dags/pbp_ingestion_dag.py
[2022-03-16 22:46:17,513] {logging_mixin.py:109} INFO - [2022-03-16 22:46:17,510] {dagbag.py:334} ERROR - Failed to import: /opt/airflow/dags/pbp_ingestion_dag.py
Traceback (most recent call last):
  File "/home/airflow/.local/lib/python3.7/site-packages/airflow/models/dagbag.py", line 331, in _load_modules_from_file
    loader.exec_module(new_module)
  File "<frozen importlib._bootstrap_external>", line 728, in exec_module
  File "<frozen importlib._bootstrap>", line 219, in _call_with_frames_removed
  File "/opt/airflow/dags/pbp_ingestion_dag.py", line 14, in <module>
    from src.get_pbp_data import get_pbp_data, upload_json_object
ModuleNotFoundError: No module named 'src'
[2022-03-16 22:46:17,535] {processor.py:656} WARNING - No viable dags retrieved from /opt/airflow/dags/pbp_ingestion_dag.py
[2022-03-16 22:46:17,547] {processor.py:171} INFO - Processing /opt/airflow/dags/pbp_ingestion_dag.py took 0.826 seconds
[2022-03-16 22:46:47,663] {processor.py:163} INFO - Started process (PID=105) to work on /opt/airflow/dags/pbp_ingestion_dag.py
[2022-03-16 22:46:47,665] {processor.py:642} INFO - Processing file /opt/airflow/dags/pbp_ingestion_dag.py for tasks to queue
[2022-03-16 22:46:47,667] {logging_mixin.py:109} INFO - [2022-03-16 22:46:47,667] {dagbag.py:500} INFO - Filling up the DagBag from /opt/airflow/dags/pbp_ingestion_dag.py
[2022-03-16 22:46:48,739] {logging_mixin.py:109} INFO - [2022-03-16 22:46:48,735] {dagbag.py:334} ERROR - Failed to import: /opt/airflow/dags/pbp_ingestion_dag.py
Traceback (most recent call last):
  File "/home/airflow/.local/lib/python3.7/site-packages/airflow/models/dagbag.py", line 331, in _load_modules_from_file
    loader.exec_module(new_module)
  File "<frozen importlib._bootstrap_external>", line 728, in exec_module
  File "<frozen importlib._bootstrap>", line 219, in _call_with_frames_removed
  File "/opt/airflow/dags/pbp_ingestion_dag.py", line 14, in <module>
    from src.get_pbp_data import get_pbp_data, upload_json_object
ModuleNotFoundError: No module named 'src'
[2022-03-16 22:46:48,759] {processor.py:656} WARNING - No viable dags retrieved from /opt/airflow/dags/pbp_ingestion_dag.py
[2022-03-16 22:46:48,770] {processor.py:171} INFO - Processing /opt/airflow/dags/pbp_ingestion_dag.py took 1.111 seconds
[2022-03-16 22:47:18,900] {processor.py:163} INFO - Started process (PID=132) to work on /opt/airflow/dags/pbp_ingestion_dag.py
[2022-03-16 22:47:18,903] {processor.py:642} INFO - Processing file /opt/airflow/dags/pbp_ingestion_dag.py for tasks to queue
[2022-03-16 22:47:18,904] {logging_mixin.py:109} INFO - [2022-03-16 22:47:18,904] {dagbag.py:500} INFO - Filling up the DagBag from /opt/airflow/dags/pbp_ingestion_dag.py
[2022-03-16 22:47:19,613] {logging_mixin.py:109} INFO - [2022-03-16 22:47:19,610] {dagbag.py:334} ERROR - Failed to import: /opt/airflow/dags/pbp_ingestion_dag.py
Traceback (most recent call last):
  File "/home/airflow/.local/lib/python3.7/site-packages/airflow/models/dagbag.py", line 331, in _load_modules_from_file
    loader.exec_module(new_module)
  File "<frozen importlib._bootstrap_external>", line 728, in exec_module
  File "<frozen importlib._bootstrap>", line 219, in _call_with_frames_removed
  File "/opt/airflow/dags/pbp_ingestion_dag.py", line 14, in <module>
    from src.get_pbp_data import get_pbp_data, upload_json_object
ModuleNotFoundError: No module named 'src'
[2022-03-16 22:47:19,632] {processor.py:656} WARNING - No viable dags retrieved from /opt/airflow/dags/pbp_ingestion_dag.py
[2022-03-16 22:47:19,641] {processor.py:171} INFO - Processing /opt/airflow/dags/pbp_ingestion_dag.py took 0.745 seconds
[2022-03-16 22:47:22,699] {processor.py:163} INFO - Started process (PID=139) to work on /opt/airflow/dags/pbp_ingestion_dag.py
[2022-03-16 22:47:22,701] {processor.py:642} INFO - Processing file /opt/airflow/dags/pbp_ingestion_dag.py for tasks to queue
[2022-03-16 22:47:22,704] {logging_mixin.py:109} INFO - [2022-03-16 22:47:22,704] {dagbag.py:500} INFO - Filling up the DagBag from /opt/airflow/dags/pbp_ingestion_dag.py
[2022-03-16 22:47:23,670] {logging_mixin.py:109} INFO - [2022-03-16 22:47:23,665] {dagbag.py:334} ERROR - Failed to import: /opt/airflow/dags/pbp_ingestion_dag.py
Traceback (most recent call last):
  File "/home/airflow/.local/lib/python3.7/site-packages/airflow/models/dagbag.py", line 331, in _load_modules_from_file
    loader.exec_module(new_module)
  File "<frozen importlib._bootstrap_external>", line 728, in exec_module
  File "<frozen importlib._bootstrap>", line 219, in _call_with_frames_removed
  File "/opt/airflow/dags/pbp_ingestion_dag.py", line 14, in <module>
    from src.get_pbp_data import get_pbp_data, upload_json_object
ModuleNotFoundError: No module named 'src'
[2022-03-16 22:47:23,687] {processor.py:656} WARNING - No viable dags retrieved from /opt/airflow/dags/pbp_ingestion_dag.py
[2022-03-16 22:47:23,696] {processor.py:171} INFO - Processing /opt/airflow/dags/pbp_ingestion_dag.py took 1.005 seconds
[2022-03-16 22:47:26,723] {processor.py:163} INFO - Started process (PID=155) to work on /opt/airflow/dags/pbp_ingestion_dag.py
[2022-03-16 22:47:26,726] {processor.py:642} INFO - Processing file /opt/airflow/dags/pbp_ingestion_dag.py for tasks to queue
[2022-03-16 22:47:26,727] {logging_mixin.py:109} INFO - [2022-03-16 22:47:26,727] {dagbag.py:500} INFO - Filling up the DagBag from /opt/airflow/dags/pbp_ingestion_dag.py
[2022-03-16 22:47:27,415] {logging_mixin.py:109} INFO - [2022-03-16 22:47:27,413] {dagbag.py:334} ERROR - Failed to import: /opt/airflow/dags/pbp_ingestion_dag.py
Traceback (most recent call last):
  File "/home/airflow/.local/lib/python3.7/site-packages/airflow/models/dagbag.py", line 331, in _load_modules_from_file
    loader.exec_module(new_module)
  File "<frozen importlib._bootstrap_external>", line 728, in exec_module
  File "<frozen importlib._bootstrap>", line 219, in _call_with_frames_removed
  File "/opt/airflow/dags/pbp_ingestion_dag.py", line 73, in <module>
    python_callable=get_pbp_data,
NameError: name 'get_pbp_data' is not defined
[2022-03-16 22:47:27,432] {processor.py:656} WARNING - No viable dags retrieved from /opt/airflow/dags/pbp_ingestion_dag.py
[2022-03-16 22:47:27,441] {processor.py:171} INFO - Processing /opt/airflow/dags/pbp_ingestion_dag.py took 0.721 seconds
[2022-03-16 22:47:28,481] {processor.py:163} INFO - Started process (PID=162) to work on /opt/airflow/dags/pbp_ingestion_dag.py
[2022-03-16 22:47:28,484] {processor.py:642} INFO - Processing file /opt/airflow/dags/pbp_ingestion_dag.py for tasks to queue
[2022-03-16 22:47:28,486] {logging_mixin.py:109} INFO - [2022-03-16 22:47:28,486] {dagbag.py:500} INFO - Filling up the DagBag from /opt/airflow/dags/pbp_ingestion_dag.py
[2022-03-16 22:47:29,313] {logging_mixin.py:109} INFO - [2022-03-16 22:47:29,311] {dagbag.py:334} ERROR - Failed to import: /opt/airflow/dags/pbp_ingestion_dag.py
Traceback (most recent call last):
  File "/home/airflow/.local/lib/python3.7/site-packages/airflow/models/dagbag.py", line 331, in _load_modules_from_file
    loader.exec_module(new_module)
  File "<frozen importlib._bootstrap_external>", line 728, in exec_module
  File "<frozen importlib._bootstrap>", line 219, in _call_with_frames_removed
  File "/opt/airflow/dags/pbp_ingestion_dag.py", line 73, in <module>
    python_callable=get_pbp_data,
NameError: name 'get_pbp_data' is not defined
[2022-03-16 22:47:29,337] {processor.py:656} WARNING - No viable dags retrieved from /opt/airflow/dags/pbp_ingestion_dag.py
[2022-03-16 22:47:29,348] {processor.py:171} INFO - Processing /opt/airflow/dags/pbp_ingestion_dag.py took 0.871 seconds
[2022-03-16 22:50:38,710] {processor.py:163} INFO - Started process (PID=42) to work on /opt/airflow/dags/pbp_ingestion_dag.py
[2022-03-16 22:50:38,721] {processor.py:642} INFO - Processing file /opt/airflow/dags/pbp_ingestion_dag.py for tasks to queue
[2022-03-16 22:50:38,729] {logging_mixin.py:109} INFO - [2022-03-16 22:50:38,728] {dagbag.py:500} INFO - Filling up the DagBag from /opt/airflow/dags/pbp_ingestion_dag.py
[2022-03-16 22:50:42,123] {logging_mixin.py:109} INFO - [2022-03-16 22:50:42,121] {dagbag.py:334} ERROR - Failed to import: /opt/airflow/dags/pbp_ingestion_dag.py
Traceback (most recent call last):
  File "/home/airflow/.local/lib/python3.7/site-packages/airflow/models/dagbag.py", line 331, in _load_modules_from_file
    loader.exec_module(new_module)
  File "<frozen importlib._bootstrap_external>", line 728, in exec_module
  File "<frozen importlib._bootstrap>", line 219, in _call_with_frames_removed
  File "/opt/airflow/dags/pbp_ingestion_dag.py", line 73, in <module>
    python_callable=get_pbp_data,
NameError: name 'get_pbp_data' is not defined
[2022-03-16 22:50:42,146] {processor.py:656} WARNING - No viable dags retrieved from /opt/airflow/dags/pbp_ingestion_dag.py
[2022-03-16 22:50:42,158] {processor.py:171} INFO - Processing /opt/airflow/dags/pbp_ingestion_dag.py took 3.458 seconds
[2022-03-16 22:51:12,294] {processor.py:163} INFO - Started process (PID=71) to work on /opt/airflow/dags/pbp_ingestion_dag.py
[2022-03-16 22:51:12,297] {processor.py:642} INFO - Processing file /opt/airflow/dags/pbp_ingestion_dag.py for tasks to queue
[2022-03-16 22:51:12,298] {logging_mixin.py:109} INFO - [2022-03-16 22:51:12,298] {dagbag.py:500} INFO - Filling up the DagBag from /opt/airflow/dags/pbp_ingestion_dag.py
[2022-03-16 22:51:12,967] {logging_mixin.py:109} INFO - [2022-03-16 22:51:12,964] {dagbag.py:334} ERROR - Failed to import: /opt/airflow/dags/pbp_ingestion_dag.py
Traceback (most recent call last):
  File "/home/airflow/.local/lib/python3.7/site-packages/airflow/models/dagbag.py", line 331, in _load_modules_from_file
    loader.exec_module(new_module)
  File "<frozen importlib._bootstrap_external>", line 728, in exec_module
  File "<frozen importlib._bootstrap>", line 219, in _call_with_frames_removed
  File "/opt/airflow/dags/pbp_ingestion_dag.py", line 73, in <module>
    python_callable=get_pbp_data,
NameError: name 'get_pbp_data' is not defined
[2022-03-16 22:51:12,984] {processor.py:656} WARNING - No viable dags retrieved from /opt/airflow/dags/pbp_ingestion_dag.py
[2022-03-16 22:51:12,993] {processor.py:171} INFO - Processing /opt/airflow/dags/pbp_ingestion_dag.py took 0.703 seconds
[2022-03-16 22:51:43,075] {processor.py:163} INFO - Started process (PID=107) to work on /opt/airflow/dags/pbp_ingestion_dag.py
[2022-03-16 22:51:43,078] {processor.py:642} INFO - Processing file /opt/airflow/dags/pbp_ingestion_dag.py for tasks to queue
[2022-03-16 22:51:43,080] {logging_mixin.py:109} INFO - [2022-03-16 22:51:43,080] {dagbag.py:500} INFO - Filling up the DagBag from /opt/airflow/dags/pbp_ingestion_dag.py
[2022-03-16 22:51:43,754] {logging_mixin.py:109} INFO - [2022-03-16 22:51:43,752] {dagbag.py:334} ERROR - Failed to import: /opt/airflow/dags/pbp_ingestion_dag.py
Traceback (most recent call last):
  File "/home/airflow/.local/lib/python3.7/site-packages/airflow/models/dagbag.py", line 331, in _load_modules_from_file
    loader.exec_module(new_module)
  File "<frozen importlib._bootstrap_external>", line 728, in exec_module
  File "<frozen importlib._bootstrap>", line 219, in _call_with_frames_removed
  File "/opt/airflow/dags/pbp_ingestion_dag.py", line 73, in <module>
    python_callable=get_pbp_data,
NameError: name 'get_pbp_data' is not defined
[2022-03-16 22:51:43,773] {processor.py:656} WARNING - No viable dags retrieved from /opt/airflow/dags/pbp_ingestion_dag.py
[2022-03-16 22:51:43,784] {processor.py:171} INFO - Processing /opt/airflow/dags/pbp_ingestion_dag.py took 0.713 seconds
[2022-03-16 22:51:50,121] {processor.py:163} INFO - Started process (PID=114) to work on /opt/airflow/dags/pbp_ingestion_dag.py
[2022-03-16 22:51:50,124] {processor.py:642} INFO - Processing file /opt/airflow/dags/pbp_ingestion_dag.py for tasks to queue
[2022-03-16 22:51:50,126] {logging_mixin.py:109} INFO - [2022-03-16 22:51:50,125] {dagbag.py:500} INFO - Filling up the DagBag from /opt/airflow/dags/pbp_ingestion_dag.py
[2022-03-16 22:51:50,943] {processor.py:654} INFO - DAG(s) dict_keys(['pbp_bucket_ingestion_dag']) retrieved from /opt/airflow/dags/pbp_ingestion_dag.py
[2022-03-16 22:51:54,470] {logging_mixin.py:109} INFO - [2022-03-16 22:51:54,470] {manager.py:496} INFO - Created Permission View: can read on DAG:pbp_bucket_ingestion_dag
[2022-03-16 22:51:54,479] {logging_mixin.py:109} INFO - [2022-03-16 22:51:54,479] {manager.py:496} INFO - Created Permission View: can edit on DAG:pbp_bucket_ingestion_dag
[2022-03-16 22:51:54,480] {logging_mixin.py:109} INFO - [2022-03-16 22:51:54,480] {dag.py:2396} INFO - Sync 1 DAGs
[2022-03-16 22:51:54,490] {logging_mixin.py:109} INFO - [2022-03-16 22:51:54,489] {dag.py:2415} INFO - Creating ORM DAG for pbp_bucket_ingestion_dag
[2022-03-16 22:51:54,500] {logging_mixin.py:109} INFO - [2022-03-16 22:51:54,500] {dag.py:2935} INFO - Setting next_dagrun for pbp_bucket_ingestion_dag to 2010-01-01 04:00:00+00:00
[2022-03-16 22:51:54,515] {processor.py:171} INFO - Processing /opt/airflow/dags/pbp_ingestion_dag.py took 4.399 seconds
[2022-03-16 22:52:06,588] {processor.py:163} INFO - Started process (PID=141) to work on /opt/airflow/dags/pbp_ingestion_dag.py
[2022-03-16 22:52:06,590] {processor.py:642} INFO - Processing file /opt/airflow/dags/pbp_ingestion_dag.py for tasks to queue
[2022-03-16 22:52:06,592] {logging_mixin.py:109} INFO - [2022-03-16 22:52:06,592] {dagbag.py:500} INFO - Filling up the DagBag from /opt/airflow/dags/pbp_ingestion_dag.py
[2022-03-16 22:52:07,579] {processor.py:654} INFO - DAG(s) dict_keys(['pbp_bucket_ingestion_dag']) retrieved from /opt/airflow/dags/pbp_ingestion_dag.py
[2022-03-16 22:52:07,584] {logging_mixin.py:109} INFO - [2022-03-16 22:52:07,584] {dag.py:2396} INFO - Sync 1 DAGs
[2022-03-16 22:52:07,602] {logging_mixin.py:109} INFO - [2022-03-16 22:52:07,602] {dag.py:2935} INFO - Setting next_dagrun for pbp_bucket_ingestion_dag to 2010-01-01 04:00:00+00:00
[2022-03-16 22:52:07,615] {processor.py:171} INFO - Processing /opt/airflow/dags/pbp_ingestion_dag.py took 1.033 seconds
[2022-03-16 22:52:08,591] {processor.py:163} INFO - Started process (PID=148) to work on /opt/airflow/dags/pbp_ingestion_dag.py
[2022-03-16 22:52:08,594] {processor.py:642} INFO - Processing file /opt/airflow/dags/pbp_ingestion_dag.py for tasks to queue
[2022-03-16 22:52:08,595] {logging_mixin.py:109} INFO - [2022-03-16 22:52:08,595] {dagbag.py:500} INFO - Filling up the DagBag from /opt/airflow/dags/pbp_ingestion_dag.py
[2022-03-16 22:52:09,392] {processor.py:654} INFO - DAG(s) dict_keys(['pbp_bucket_ingestion_dag']) retrieved from /opt/airflow/dags/pbp_ingestion_dag.py
[2022-03-16 22:52:09,406] {logging_mixin.py:109} INFO - [2022-03-16 22:52:09,405] {dag.py:2396} INFO - Sync 1 DAGs
[2022-03-16 22:52:09,449] {logging_mixin.py:109} INFO - [2022-03-16 22:52:09,449] {dag.py:2935} INFO - Setting next_dagrun for pbp_bucket_ingestion_dag to 2010-01-01 04:00:00+00:00
[2022-03-16 22:52:09,463] {processor.py:171} INFO - Processing /opt/airflow/dags/pbp_ingestion_dag.py took 0.876 seconds
[2022-03-16 22:53:16,827] {processor.py:163} INFO - Started process (PID=39) to work on /opt/airflow/dags/pbp_ingestion_dag.py
[2022-03-16 22:53:16,836] {processor.py:642} INFO - Processing file /opt/airflow/dags/pbp_ingestion_dag.py for tasks to queue
[2022-03-16 22:53:16,837] {logging_mixin.py:109} INFO - [2022-03-16 22:53:16,837] {dagbag.py:500} INFO - Filling up the DagBag from /opt/airflow/dags/pbp_ingestion_dag.py
[2022-03-16 22:53:19,309] {processor.py:654} INFO - DAG(s) dict_keys(['pbp_bucket_ingestion_dag']) retrieved from /opt/airflow/dags/pbp_ingestion_dag.py
[2022-03-16 22:53:19,928] {logging_mixin.py:109} INFO - [2022-03-16 22:53:19,928] {dag.py:2396} INFO - Sync 1 DAGs
[2022-03-16 22:53:19,946] {logging_mixin.py:109} INFO - [2022-03-16 22:53:19,946] {dag.py:2935} INFO - Setting next_dagrun for pbp_bucket_ingestion_dag to 2010-01-01 04:00:00+00:00
[2022-03-16 22:53:19,963] {processor.py:171} INFO - Processing /opt/airflow/dags/pbp_ingestion_dag.py took 3.141 seconds
[2022-03-16 22:53:50,177] {processor.py:163} INFO - Started process (PID=67) to work on /opt/airflow/dags/pbp_ingestion_dag.py
[2022-03-16 22:53:50,179] {processor.py:642} INFO - Processing file /opt/airflow/dags/pbp_ingestion_dag.py for tasks to queue
[2022-03-16 22:53:50,181] {logging_mixin.py:109} INFO - [2022-03-16 22:53:50,181] {dagbag.py:500} INFO - Filling up the DagBag from /opt/airflow/dags/pbp_ingestion_dag.py
[2022-03-16 22:53:50,820] {processor.py:654} INFO - DAG(s) dict_keys(['pbp_bucket_ingestion_dag']) retrieved from /opt/airflow/dags/pbp_ingestion_dag.py
[2022-03-16 22:53:50,829] {logging_mixin.py:109} INFO - [2022-03-16 22:53:50,829] {dag.py:2396} INFO - Sync 1 DAGs
[2022-03-16 22:53:50,843] {logging_mixin.py:109} INFO - [2022-03-16 22:53:50,843] {dag.py:2935} INFO - Setting next_dagrun for pbp_bucket_ingestion_dag to 2010-01-01 04:00:00+00:00
[2022-03-16 22:53:50,851] {processor.py:171} INFO - Processing /opt/airflow/dags/pbp_ingestion_dag.py took 0.678 seconds
[2022-03-16 22:54:20,943] {processor.py:163} INFO - Started process (PID=104) to work on /opt/airflow/dags/pbp_ingestion_dag.py
[2022-03-16 22:54:20,945] {processor.py:642} INFO - Processing file /opt/airflow/dags/pbp_ingestion_dag.py for tasks to queue
[2022-03-16 22:54:20,946] {logging_mixin.py:109} INFO - [2022-03-16 22:54:20,946] {dagbag.py:500} INFO - Filling up the DagBag from /opt/airflow/dags/pbp_ingestion_dag.py
[2022-03-16 22:54:21,686] {processor.py:654} INFO - DAG(s) dict_keys(['pbp_bucket_ingestion_dag']) retrieved from /opt/airflow/dags/pbp_ingestion_dag.py
[2022-03-16 22:54:21,695] {logging_mixin.py:109} INFO - [2022-03-16 22:54:21,695] {dag.py:2396} INFO - Sync 1 DAGs
[2022-03-16 22:54:21,710] {logging_mixin.py:109} INFO - [2022-03-16 22:54:21,710] {dag.py:2935} INFO - Setting next_dagrun for pbp_bucket_ingestion_dag to 2010-01-01 04:00:00+00:00
[2022-03-16 22:54:21,719] {processor.py:171} INFO - Processing /opt/airflow/dags/pbp_ingestion_dag.py took 0.779 seconds
[2022-03-16 22:54:51,851] {processor.py:163} INFO - Started process (PID=132) to work on /opt/airflow/dags/pbp_ingestion_dag.py
[2022-03-16 22:54:51,855] {processor.py:642} INFO - Processing file /opt/airflow/dags/pbp_ingestion_dag.py for tasks to queue
[2022-03-16 22:54:51,857] {logging_mixin.py:109} INFO - [2022-03-16 22:54:51,857] {dagbag.py:500} INFO - Filling up the DagBag from /opt/airflow/dags/pbp_ingestion_dag.py
[2022-03-16 22:54:52,564] {processor.py:654} INFO - DAG(s) dict_keys(['pbp_bucket_ingestion_dag']) retrieved from /opt/airflow/dags/pbp_ingestion_dag.py
[2022-03-16 22:54:52,575] {logging_mixin.py:109} INFO - [2022-03-16 22:54:52,574] {dag.py:2396} INFO - Sync 1 DAGs
[2022-03-16 22:54:52,591] {logging_mixin.py:109} INFO - [2022-03-16 22:54:52,590] {dag.py:2935} INFO - Setting next_dagrun for pbp_bucket_ingestion_dag to 2010-01-01 04:00:00+00:00
[2022-03-16 22:54:52,598] {processor.py:171} INFO - Processing /opt/airflow/dags/pbp_ingestion_dag.py took 0.751 seconds
[2022-03-16 22:55:27,153] {processor.py:163} INFO - Started process (PID=172) to work on /opt/airflow/dags/pbp_ingestion_dag.py
[2022-03-16 22:55:27,406] {processor.py:642} INFO - Processing file /opt/airflow/dags/pbp_ingestion_dag.py for tasks to queue
[2022-03-16 22:55:27,521] {logging_mixin.py:109} INFO - [2022-03-16 22:55:27,510] {dagbag.py:500} INFO - Filling up the DagBag from /opt/airflow/dags/pbp_ingestion_dag.py
[2022-03-16 22:55:49,257] {processor.py:654} INFO - DAG(s) dict_keys(['pbp_bucket_ingestion_dag']) retrieved from /opt/airflow/dags/pbp_ingestion_dag.py
[2022-03-16 22:55:49,315] {logging_mixin.py:109} INFO - [2022-03-16 22:55:49,315] {dag.py:2396} INFO - Sync 1 DAGs
[2022-03-16 22:55:49,437] {processor.py:171} INFO - Processing /opt/airflow/dags/pbp_ingestion_dag.py took 22.628 seconds
[2022-03-16 22:56:19,915] {processor.py:163} INFO - Started process (PID=207) to work on /opt/airflow/dags/pbp_ingestion_dag.py
[2022-03-16 22:56:19,920] {processor.py:642} INFO - Processing file /opt/airflow/dags/pbp_ingestion_dag.py for tasks to queue
[2022-03-16 22:56:19,923] {logging_mixin.py:109} INFO - [2022-03-16 22:56:19,922] {dagbag.py:500} INFO - Filling up the DagBag from /opt/airflow/dags/pbp_ingestion_dag.py
[2022-03-16 22:56:21,010] {processor.py:654} INFO - DAG(s) dict_keys(['pbp_bucket_ingestion_dag']) retrieved from /opt/airflow/dags/pbp_ingestion_dag.py
[2022-03-16 22:56:21,035] {logging_mixin.py:109} INFO - [2022-03-16 22:56:21,034] {dag.py:2396} INFO - Sync 1 DAGs
[2022-03-16 22:56:21,079] {logging_mixin.py:109} INFO - [2022-03-16 22:56:21,078] {dag.py:2935} INFO - Setting next_dagrun for pbp_bucket_ingestion_dag to 2010-02-04T04:00:00+00:00
[2022-03-16 22:56:21,096] {processor.py:171} INFO - Processing /opt/airflow/dags/pbp_ingestion_dag.py took 1.208 seconds
[2022-03-16 22:56:51,484] {processor.py:163} INFO - Started process (PID=235) to work on /opt/airflow/dags/pbp_ingestion_dag.py
[2022-03-16 22:56:51,487] {processor.py:642} INFO - Processing file /opt/airflow/dags/pbp_ingestion_dag.py for tasks to queue
[2022-03-16 22:56:51,491] {logging_mixin.py:109} INFO - [2022-03-16 22:56:51,491] {dagbag.py:500} INFO - Filling up the DagBag from /opt/airflow/dags/pbp_ingestion_dag.py
[2022-03-16 22:56:52,531] {processor.py:654} INFO - DAG(s) dict_keys(['pbp_bucket_ingestion_dag']) retrieved from /opt/airflow/dags/pbp_ingestion_dag.py
[2022-03-16 22:56:52,550] {logging_mixin.py:109} INFO - [2022-03-16 22:56:52,550] {dag.py:2396} INFO - Sync 1 DAGs
[2022-03-16 22:56:52,581] {logging_mixin.py:109} INFO - [2022-03-16 22:56:52,581] {dag.py:2935} INFO - Setting next_dagrun for pbp_bucket_ingestion_dag to 2010-02-28T04:00:00+00:00
[2022-03-16 22:56:52,601] {processor.py:171} INFO - Processing /opt/airflow/dags/pbp_ingestion_dag.py took 1.126 seconds
[2022-03-16 22:57:22,805] {processor.py:163} INFO - Started process (PID=262) to work on /opt/airflow/dags/pbp_ingestion_dag.py
[2022-03-16 22:57:22,808] {processor.py:642} INFO - Processing file /opt/airflow/dags/pbp_ingestion_dag.py for tasks to queue
[2022-03-16 22:57:22,811] {logging_mixin.py:109} INFO - [2022-03-16 22:57:22,811] {dagbag.py:500} INFO - Filling up the DagBag from /opt/airflow/dags/pbp_ingestion_dag.py
[2022-03-16 22:57:24,313] {processor.py:654} INFO - DAG(s) dict_keys(['pbp_bucket_ingestion_dag']) retrieved from /opt/airflow/dags/pbp_ingestion_dag.py
[2022-03-16 22:57:24,327] {logging_mixin.py:109} INFO - [2022-03-16 22:57:24,326] {dag.py:2396} INFO - Sync 1 DAGs
[2022-03-16 22:57:24,352] {logging_mixin.py:109} INFO - [2022-03-16 22:57:24,352] {dag.py:2935} INFO - Setting next_dagrun for pbp_bucket_ingestion_dag to 2010-03-31T04:00:00+00:00
[2022-03-16 22:57:24,368] {processor.py:171} INFO - Processing /opt/airflow/dags/pbp_ingestion_dag.py took 1.570 seconds
[2022-03-16 23:03:58,042] {processor.py:163} INFO - Started process (PID=41) to work on /opt/airflow/dags/pbp_ingestion_dag.py
[2022-03-16 23:03:58,051] {processor.py:642} INFO - Processing file /opt/airflow/dags/pbp_ingestion_dag.py for tasks to queue
[2022-03-16 23:03:58,053] {logging_mixin.py:109} INFO - [2022-03-16 23:03:58,053] {dagbag.py:500} INFO - Filling up the DagBag from /opt/airflow/dags/pbp_ingestion_dag.py
[2022-03-16 23:04:01,306] {processor.py:654} INFO - DAG(s) dict_keys(['pbp_bucket_ingestion_dag']) retrieved from /opt/airflow/dags/pbp_ingestion_dag.py
[2022-03-16 23:04:01,941] {logging_mixin.py:109} INFO - [2022-03-16 23:04:01,940] {dag.py:2396} INFO - Sync 1 DAGs
[2022-03-16 23:04:01,971] {logging_mixin.py:109} INFO - [2022-03-16 23:04:01,971] {dag.py:2935} INFO - Setting next_dagrun for pbp_bucket_ingestion_dag to 2010-04-09T04:00:00+00:00
[2022-03-16 23:04:01,996] {processor.py:171} INFO - Processing /opt/airflow/dags/pbp_ingestion_dag.py took 3.958 seconds
[2022-03-16 23:04:09,259] {processor.py:163} INFO - Started process (PID=48) to work on /opt/airflow/dags/pbp_ingestion_dag.py
[2022-03-16 23:04:09,272] {processor.py:642} INFO - Processing file /opt/airflow/dags/pbp_ingestion_dag.py for tasks to queue
[2022-03-16 23:04:09,292] {logging_mixin.py:109} INFO - [2022-03-16 23:04:09,291] {dagbag.py:500} INFO - Filling up the DagBag from /opt/airflow/dags/pbp_ingestion_dag.py
[2022-03-16 23:04:29,704] {processor.py:654} INFO - DAG(s) dict_keys(['pbp_bucket_ingestion_dag']) retrieved from /opt/airflow/dags/pbp_ingestion_dag.py
[2022-03-16 23:04:30,490] {processor.py:608} INFO - Executed failure callback for <TaskInstance: pbp_bucket_ingestion_dag.get_pbp_data scheduled__2010-04-06T04:00:00+00:00 [failed]> in state failed
[2022-03-16 23:04:30,803] {processor.py:608} INFO - Executed failure callback for <TaskInstance: pbp_bucket_ingestion_dag.get_pbp_data scheduled__2010-04-06T04:00:00+00:00 [failed]> in state failed
[2022-03-16 23:04:30,832] {logging_mixin.py:109} INFO - [2022-03-16 23:04:30,831] {dag.py:2396} INFO - Sync 1 DAGs
[2022-03-16 23:04:31,176] {logging_mixin.py:109} INFO - [2022-03-16 23:04:31,150] {dag.py:2935} INFO - Setting next_dagrun for pbp_bucket_ingestion_dag to 2010-04-22T04:00:00+00:00
[2022-03-16 23:04:31,313] {processor.py:171} INFO - Processing /opt/airflow/dags/pbp_ingestion_dag.py took 22.081 seconds
[2022-03-16 23:05:02,433] {processor.py:163} INFO - Started process (PID=84) to work on /opt/airflow/dags/pbp_ingestion_dag.py
[2022-03-16 23:05:02,439] {processor.py:642} INFO - Processing file /opt/airflow/dags/pbp_ingestion_dag.py for tasks to queue
[2022-03-16 23:05:02,445] {logging_mixin.py:109} INFO - [2022-03-16 23:05:02,445] {dagbag.py:500} INFO - Filling up the DagBag from /opt/airflow/dags/pbp_ingestion_dag.py
[2022-03-16 23:05:07,509] {processor.py:654} INFO - DAG(s) dict_keys(['pbp_bucket_ingestion_dag']) retrieved from /opt/airflow/dags/pbp_ingestion_dag.py
[2022-03-16 23:05:07,573] {processor.py:608} INFO - Executed failure callback for <TaskInstance: pbp_bucket_ingestion_dag.get_pbp_data scheduled__2010-04-06T04:00:00+00:00 [failed]> in state failed
[2022-03-16 23:05:07,592] {logging_mixin.py:109} INFO - [2022-03-16 23:05:07,591] {dag.py:2396} INFO - Sync 1 DAGs
[2022-03-16 23:05:07,612] {logging_mixin.py:109} INFO - [2022-03-16 23:05:07,612] {dag.py:2935} INFO - Setting next_dagrun for pbp_bucket_ingestion_dag to 2010-05-07T04:00:00+00:00
[2022-03-16 23:05:07,629] {processor.py:171} INFO - Processing /opt/airflow/dags/pbp_ingestion_dag.py took 5.243 seconds
[2022-03-16 23:05:37,793] {processor.py:163} INFO - Started process (PID=126) to work on /opt/airflow/dags/pbp_ingestion_dag.py
[2022-03-16 23:05:37,798] {processor.py:642} INFO - Processing file /opt/airflow/dags/pbp_ingestion_dag.py for tasks to queue
[2022-03-16 23:05:37,803] {logging_mixin.py:109} INFO - [2022-03-16 23:05:37,803] {dagbag.py:500} INFO - Filling up the DagBag from /opt/airflow/dags/pbp_ingestion_dag.py
[2022-03-16 23:05:57,581] {processor.py:654} INFO - DAG(s) dict_keys(['pbp_bucket_ingestion_dag']) retrieved from /opt/airflow/dags/pbp_ingestion_dag.py
[2022-03-16 23:05:57,625] {logging_mixin.py:109} INFO - [2022-03-16 23:05:57,624] {dag.py:2396} INFO - Sync 1 DAGs
[2022-03-16 23:05:57,743] {processor.py:171} INFO - Processing /opt/airflow/dags/pbp_ingestion_dag.py took 19.964 seconds
[2022-03-16 23:06:28,119] {processor.py:163} INFO - Started process (PID=222) to work on /opt/airflow/dags/pbp_ingestion_dag.py
[2022-03-16 23:06:28,122] {processor.py:642} INFO - Processing file /opt/airflow/dags/pbp_ingestion_dag.py for tasks to queue
[2022-03-16 23:06:28,125] {logging_mixin.py:109} INFO - [2022-03-16 23:06:28,125] {dagbag.py:500} INFO - Filling up the DagBag from /opt/airflow/dags/pbp_ingestion_dag.py
[2022-03-16 23:06:30,221] {processor.py:654} INFO - DAG(s) dict_keys(['pbp_bucket_ingestion_dag']) retrieved from /opt/airflow/dags/pbp_ingestion_dag.py
[2022-03-16 23:06:30,243] {logging_mixin.py:109} INFO - [2022-03-16 23:06:30,243] {dag.py:2396} INFO - Sync 1 DAGs
[2022-03-16 23:06:30,301] {processor.py:171} INFO - Processing /opt/airflow/dags/pbp_ingestion_dag.py took 2.196 seconds
[2022-03-16 23:07:00,744] {processor.py:163} INFO - Started process (PID=302) to work on /opt/airflow/dags/pbp_ingestion_dag.py
[2022-03-16 23:07:00,750] {processor.py:642} INFO - Processing file /opt/airflow/dags/pbp_ingestion_dag.py for tasks to queue
[2022-03-16 23:07:00,754] {logging_mixin.py:109} INFO - [2022-03-16 23:07:00,754] {dagbag.py:500} INFO - Filling up the DagBag from /opt/airflow/dags/pbp_ingestion_dag.py
[2022-03-16 23:07:03,805] {processor.py:654} INFO - DAG(s) dict_keys(['pbp_bucket_ingestion_dag']) retrieved from /opt/airflow/dags/pbp_ingestion_dag.py
[2022-03-16 23:07:03,832] {logging_mixin.py:109} INFO - [2022-03-16 23:07:03,832] {dag.py:2396} INFO - Sync 1 DAGs
[2022-03-16 23:07:03,870] {logging_mixin.py:109} INFO - [2022-03-16 23:07:03,870] {dag.py:2935} INFO - Setting next_dagrun for pbp_bucket_ingestion_dag to 2010-05-23T04:00:00+00:00
[2022-03-16 23:07:03,905] {processor.py:171} INFO - Processing /opt/airflow/dags/pbp_ingestion_dag.py took 3.172 seconds
[2022-03-16 23:07:34,829] {processor.py:163} INFO - Started process (PID=330) to work on /opt/airflow/dags/pbp_ingestion_dag.py
[2022-03-16 23:07:34,834] {processor.py:642} INFO - Processing file /opt/airflow/dags/pbp_ingestion_dag.py for tasks to queue
[2022-03-16 23:07:34,839] {logging_mixin.py:109} INFO - [2022-03-16 23:07:34,838] {dagbag.py:500} INFO - Filling up the DagBag from /opt/airflow/dags/pbp_ingestion_dag.py
[2022-03-16 23:07:36,044] {processor.py:654} INFO - DAG(s) dict_keys(['pbp_bucket_ingestion_dag']) retrieved from /opt/airflow/dags/pbp_ingestion_dag.py
[2022-03-16 23:07:36,060] {logging_mixin.py:109} INFO - [2022-03-16 23:07:36,059] {dag.py:2396} INFO - Sync 1 DAGs
[2022-03-16 23:07:36,143] {logging_mixin.py:109} INFO - [2022-03-16 23:07:36,142] {dag.py:2935} INFO - Setting next_dagrun for pbp_bucket_ingestion_dag to 2010-06-21T04:00:00+00:00
[2022-03-16 23:07:36,207] {processor.py:171} INFO - Processing /opt/airflow/dags/pbp_ingestion_dag.py took 1.388 seconds
[2022-03-16 23:08:06,708] {processor.py:163} INFO - Started process (PID=357) to work on /opt/airflow/dags/pbp_ingestion_dag.py
[2022-03-16 23:08:06,711] {processor.py:642} INFO - Processing file /opt/airflow/dags/pbp_ingestion_dag.py for tasks to queue
[2022-03-16 23:08:06,714] {logging_mixin.py:109} INFO - [2022-03-16 23:08:06,714] {dagbag.py:500} INFO - Filling up the DagBag from /opt/airflow/dags/pbp_ingestion_dag.py
[2022-03-16 23:08:07,799] {processor.py:654} INFO - DAG(s) dict_keys(['pbp_bucket_ingestion_dag']) retrieved from /opt/airflow/dags/pbp_ingestion_dag.py
[2022-03-16 23:08:07,816] {logging_mixin.py:109} INFO - [2022-03-16 23:08:07,815] {dag.py:2396} INFO - Sync 1 DAGs
[2022-03-16 23:08:07,855] {logging_mixin.py:109} INFO - [2022-03-16 23:08:07,855] {dag.py:2935} INFO - Setting next_dagrun for pbp_bucket_ingestion_dag to 2010-07-09T04:00:00+00:00
[2022-03-16 23:08:07,877] {processor.py:171} INFO - Processing /opt/airflow/dags/pbp_ingestion_dag.py took 1.175 seconds
[2022-03-16 23:08:38,061] {processor.py:163} INFO - Started process (PID=393) to work on /opt/airflow/dags/pbp_ingestion_dag.py
[2022-03-16 23:08:38,075] {processor.py:642} INFO - Processing file /opt/airflow/dags/pbp_ingestion_dag.py for tasks to queue
[2022-03-16 23:08:38,083] {logging_mixin.py:109} INFO - [2022-03-16 23:08:38,082] {dagbag.py:500} INFO - Filling up the DagBag from /opt/airflow/dags/pbp_ingestion_dag.py
[2022-03-16 23:08:40,838] {processor.py:654} INFO - DAG(s) dict_keys(['pbp_bucket_ingestion_dag']) retrieved from /opt/airflow/dags/pbp_ingestion_dag.py
[2022-03-16 23:08:40,873] {logging_mixin.py:109} INFO - [2022-03-16 23:08:40,873] {dag.py:2396} INFO - Sync 1 DAGs
[2022-03-16 23:08:41,029] {logging_mixin.py:109} INFO - [2022-03-16 23:08:41,029] {dag.py:2935} INFO - Setting next_dagrun for pbp_bucket_ingestion_dag to 2010-08-07T04:00:00+00:00
[2022-03-16 23:08:41,075] {processor.py:171} INFO - Processing /opt/airflow/dags/pbp_ingestion_dag.py took 3.024 seconds
[2022-03-16 23:09:11,631] {processor.py:163} INFO - Started process (PID=420) to work on /opt/airflow/dags/pbp_ingestion_dag.py
[2022-03-16 23:09:11,635] {processor.py:642} INFO - Processing file /opt/airflow/dags/pbp_ingestion_dag.py for tasks to queue
[2022-03-16 23:09:11,637] {logging_mixin.py:109} INFO - [2022-03-16 23:09:11,637] {dagbag.py:500} INFO - Filling up the DagBag from /opt/airflow/dags/pbp_ingestion_dag.py
[2022-03-16 23:09:13,162] {processor.py:654} INFO - DAG(s) dict_keys(['pbp_bucket_ingestion_dag']) retrieved from /opt/airflow/dags/pbp_ingestion_dag.py
[2022-03-16 23:09:13,232] {logging_mixin.py:109} INFO - [2022-03-16 23:09:13,231] {dag.py:2396} INFO - Sync 1 DAGs
[2022-03-16 23:09:13,312] {logging_mixin.py:109} INFO - [2022-03-16 23:09:13,312] {dag.py:2935} INFO - Setting next_dagrun for pbp_bucket_ingestion_dag to 2010-09-02T04:00:00+00:00
[2022-03-16 23:09:13,334] {processor.py:171} INFO - Processing /opt/airflow/dags/pbp_ingestion_dag.py took 1.707 seconds
[2022-03-16 23:09:43,842] {processor.py:163} INFO - Started process (PID=446) to work on /opt/airflow/dags/pbp_ingestion_dag.py
[2022-03-16 23:09:43,846] {processor.py:642} INFO - Processing file /opt/airflow/dags/pbp_ingestion_dag.py for tasks to queue
[2022-03-16 23:09:43,848] {logging_mixin.py:109} INFO - [2022-03-16 23:09:43,848] {dagbag.py:500} INFO - Filling up the DagBag from /opt/airflow/dags/pbp_ingestion_dag.py
[2022-03-16 23:09:44,619] {processor.py:654} INFO - DAG(s) dict_keys(['pbp_bucket_ingestion_dag']) retrieved from /opt/airflow/dags/pbp_ingestion_dag.py
[2022-03-16 23:09:44,631] {logging_mixin.py:109} INFO - [2022-03-16 23:09:44,630] {dag.py:2396} INFO - Sync 1 DAGs
[2022-03-16 23:09:44,650] {logging_mixin.py:109} INFO - [2022-03-16 23:09:44,650] {dag.py:2935} INFO - Setting next_dagrun for pbp_bucket_ingestion_dag to 2010-09-28T04:00:00+00:00
[2022-03-16 23:09:44,662] {processor.py:171} INFO - Processing /opt/airflow/dags/pbp_ingestion_dag.py took 0.827 seconds
[2022-03-16 23:10:14,914] {processor.py:163} INFO - Started process (PID=472) to work on /opt/airflow/dags/pbp_ingestion_dag.py
[2022-03-16 23:10:14,916] {processor.py:642} INFO - Processing file /opt/airflow/dags/pbp_ingestion_dag.py for tasks to queue
[2022-03-16 23:10:14,918] {logging_mixin.py:109} INFO - [2022-03-16 23:10:14,918] {dagbag.py:500} INFO - Filling up the DagBag from /opt/airflow/dags/pbp_ingestion_dag.py
[2022-03-16 23:10:15,924] {processor.py:654} INFO - DAG(s) dict_keys(['pbp_bucket_ingestion_dag']) retrieved from /opt/airflow/dags/pbp_ingestion_dag.py
[2022-03-16 23:10:15,939] {logging_mixin.py:109} INFO - [2022-03-16 23:10:15,938] {dag.py:2396} INFO - Sync 1 DAGs
[2022-03-16 23:10:15,967] {logging_mixin.py:109} INFO - [2022-03-16 23:10:15,967] {dag.py:2935} INFO - Setting next_dagrun for pbp_bucket_ingestion_dag to 2010-10-28T04:00:00+00:00
[2022-03-16 23:10:15,978] {processor.py:171} INFO - Processing /opt/airflow/dags/pbp_ingestion_dag.py took 1.068 seconds
[2022-03-16 23:10:46,541] {processor.py:163} INFO - Started process (PID=498) to work on /opt/airflow/dags/pbp_ingestion_dag.py
[2022-03-16 23:10:46,555] {processor.py:642} INFO - Processing file /opt/airflow/dags/pbp_ingestion_dag.py for tasks to queue
[2022-03-16 23:10:46,565] {logging_mixin.py:109} INFO - [2022-03-16 23:10:46,564] {dagbag.py:500} INFO - Filling up the DagBag from /opt/airflow/dags/pbp_ingestion_dag.py
[2022-03-16 23:10:50,156] {processor.py:654} INFO - DAG(s) dict_keys(['pbp_bucket_ingestion_dag']) retrieved from /opt/airflow/dags/pbp_ingestion_dag.py
[2022-03-16 23:10:50,185] {logging_mixin.py:109} INFO - [2022-03-16 23:10:50,185] {dag.py:2396} INFO - Sync 1 DAGs
[2022-03-16 23:10:50,235] {logging_mixin.py:109} INFO - [2022-03-16 23:10:50,234] {dag.py:2935} INFO - Setting next_dagrun for pbp_bucket_ingestion_dag to 2010-11-30T04:00:00+00:00
[2022-03-16 23:10:50,251] {processor.py:171} INFO - Processing /opt/airflow/dags/pbp_ingestion_dag.py took 3.717 seconds
[2022-03-16 23:11:20,391] {processor.py:163} INFO - Started process (PID=525) to work on /opt/airflow/dags/pbp_ingestion_dag.py
[2022-03-16 23:11:20,393] {processor.py:642} INFO - Processing file /opt/airflow/dags/pbp_ingestion_dag.py for tasks to queue
[2022-03-16 23:11:20,395] {logging_mixin.py:109} INFO - [2022-03-16 23:11:20,395] {dagbag.py:500} INFO - Filling up the DagBag from /opt/airflow/dags/pbp_ingestion_dag.py
[2022-03-16 23:11:21,687] {processor.py:654} INFO - DAG(s) dict_keys(['pbp_bucket_ingestion_dag']) retrieved from /opt/airflow/dags/pbp_ingestion_dag.py
[2022-03-16 23:11:21,707] {logging_mixin.py:109} INFO - [2022-03-16 23:11:21,707] {dag.py:2396} INFO - Sync 1 DAGs
[2022-03-16 23:11:21,838] {logging_mixin.py:109} INFO - [2022-03-16 23:11:21,838] {dag.py:2935} INFO - Setting next_dagrun for pbp_bucket_ingestion_dag to 2010-12-30T04:00:00+00:00
[2022-03-16 23:11:21,867] {processor.py:171} INFO - Processing /opt/airflow/dags/pbp_ingestion_dag.py took 1.481 seconds
[2022-03-16 23:11:52,958] {processor.py:163} INFO - Started process (PID=563) to work on /opt/airflow/dags/pbp_ingestion_dag.py
[2022-03-16 23:11:52,964] {processor.py:642} INFO - Processing file /opt/airflow/dags/pbp_ingestion_dag.py for tasks to queue
[2022-03-16 23:11:52,969] {logging_mixin.py:109} INFO - [2022-03-16 23:11:52,969] {dagbag.py:500} INFO - Filling up the DagBag from /opt/airflow/dags/pbp_ingestion_dag.py
[2022-03-16 23:11:57,259] {processor.py:654} INFO - DAG(s) dict_keys(['pbp_bucket_ingestion_dag']) retrieved from /opt/airflow/dags/pbp_ingestion_dag.py
[2022-03-16 23:11:57,280] {logging_mixin.py:109} INFO - [2022-03-16 23:11:57,279] {dag.py:2396} INFO - Sync 1 DAGs
[2022-03-16 23:11:57,322] {logging_mixin.py:109} INFO - [2022-03-16 23:11:57,322] {dag.py:2935} INFO - Setting next_dagrun for pbp_bucket_ingestion_dag to 2011-01-23T04:00:00+00:00
[2022-03-16 23:11:57,350] {processor.py:171} INFO - Processing /opt/airflow/dags/pbp_ingestion_dag.py took 4.407 seconds
[2022-03-16 23:12:27,556] {processor.py:163} INFO - Started process (PID=591) to work on /opt/airflow/dags/pbp_ingestion_dag.py
[2022-03-16 23:12:27,559] {processor.py:642} INFO - Processing file /opt/airflow/dags/pbp_ingestion_dag.py for tasks to queue
[2022-03-16 23:12:27,561] {logging_mixin.py:109} INFO - [2022-03-16 23:12:27,561] {dagbag.py:500} INFO - Filling up the DagBag from /opt/airflow/dags/pbp_ingestion_dag.py
[2022-03-16 23:12:28,371] {processor.py:654} INFO - DAG(s) dict_keys(['pbp_bucket_ingestion_dag']) retrieved from /opt/airflow/dags/pbp_ingestion_dag.py
[2022-03-16 23:12:28,384] {logging_mixin.py:109} INFO - [2022-03-16 23:12:28,384] {dag.py:2396} INFO - Sync 1 DAGs
[2022-03-16 23:12:28,405] {logging_mixin.py:109} INFO - [2022-03-16 23:12:28,405] {dag.py:2935} INFO - Setting next_dagrun for pbp_bucket_ingestion_dag to 2011-02-13T04:00:00+00:00
[2022-03-16 23:12:28,417] {processor.py:171} INFO - Processing /opt/airflow/dags/pbp_ingestion_dag.py took 0.865 seconds
[2022-03-16 23:12:58,875] {processor.py:163} INFO - Started process (PID=623) to work on /opt/airflow/dags/pbp_ingestion_dag.py
[2022-03-16 23:12:58,886] {processor.py:642} INFO - Processing file /opt/airflow/dags/pbp_ingestion_dag.py for tasks to queue
[2022-03-16 23:12:58,890] {logging_mixin.py:109} INFO - [2022-03-16 23:12:58,889] {dagbag.py:500} INFO - Filling up the DagBag from /opt/airflow/dags/pbp_ingestion_dag.py
[2022-03-16 23:13:00,316] {processor.py:654} INFO - DAG(s) dict_keys(['pbp_bucket_ingestion_dag']) retrieved from /opt/airflow/dags/pbp_ingestion_dag.py
[2022-03-16 23:13:00,336] {logging_mixin.py:109} INFO - [2022-03-16 23:13:00,335] {dag.py:2396} INFO - Sync 1 DAGs
[2022-03-16 23:13:00,374] {logging_mixin.py:109} INFO - [2022-03-16 23:13:00,374] {dag.py:2935} INFO - Setting next_dagrun for pbp_bucket_ingestion_dag to 2011-03-12T04:00:00+00:00
[2022-03-16 23:13:00,401] {processor.py:171} INFO - Processing /opt/airflow/dags/pbp_ingestion_dag.py took 1.532 seconds
[2022-03-16 23:13:31,097] {processor.py:163} INFO - Started process (PID=653) to work on /opt/airflow/dags/pbp_ingestion_dag.py
[2022-03-16 23:13:31,107] {processor.py:642} INFO - Processing file /opt/airflow/dags/pbp_ingestion_dag.py for tasks to queue
[2022-03-16 23:13:31,110] {logging_mixin.py:109} INFO - [2022-03-16 23:13:31,109] {dagbag.py:500} INFO - Filling up the DagBag from /opt/airflow/dags/pbp_ingestion_dag.py
[2022-03-16 23:13:33,970] {processor.py:654} INFO - DAG(s) dict_keys(['pbp_bucket_ingestion_dag']) retrieved from /opt/airflow/dags/pbp_ingestion_dag.py
[2022-03-16 23:13:34,250] {logging_mixin.py:109} INFO - [2022-03-16 23:13:34,248] {dag.py:2396} INFO - Sync 1 DAGs
[2022-03-16 23:13:34,318] {logging_mixin.py:109} INFO - [2022-03-16 23:13:34,317] {dag.py:2935} INFO - Setting next_dagrun for pbp_bucket_ingestion_dag to 2011-04-05T04:00:00+00:00
[2022-03-16 23:13:34,372] {processor.py:171} INFO - Processing /opt/airflow/dags/pbp_ingestion_dag.py took 3.364 seconds
[2022-03-16 23:16:44,843] {processor.py:163} INFO - Started process (PID=42) to work on /opt/airflow/dags/pbp_ingestion_dag.py
[2022-03-16 23:16:44,846] {processor.py:642} INFO - Processing file /opt/airflow/dags/pbp_ingestion_dag.py for tasks to queue
[2022-03-16 23:16:44,848] {logging_mixin.py:109} INFO - [2022-03-16 23:16:44,848] {dagbag.py:500} INFO - Filling up the DagBag from /opt/airflow/dags/pbp_ingestion_dag.py
[2022-03-16 23:16:48,446] {processor.py:654} INFO - DAG(s) dict_keys(['pbp_bucket_ingestion_dag']) retrieved from /opt/airflow/dags/pbp_ingestion_dag.py
[2022-03-16 23:16:49,046] {logging_mixin.py:109} INFO - [2022-03-16 23:16:49,046] {dag.py:2396} INFO - Sync 1 DAGs
[2022-03-16 23:16:49,068] {logging_mixin.py:109} INFO - [2022-03-16 23:16:49,068] {dag.py:2935} INFO - Setting next_dagrun for pbp_bucket_ingestion_dag to 2011-04-28T04:00:00+00:00
[2022-03-16 23:16:49,085] {processor.py:171} INFO - Processing /opt/airflow/dags/pbp_ingestion_dag.py took 4.258 seconds
[2022-03-16 23:17:20,245] {processor.py:163} INFO - Started process (PID=72) to work on /opt/airflow/dags/pbp_ingestion_dag.py
[2022-03-16 23:17:20,256] {processor.py:642} INFO - Processing file /opt/airflow/dags/pbp_ingestion_dag.py for tasks to queue
[2022-03-16 23:17:20,270] {logging_mixin.py:109} INFO - [2022-03-16 23:17:20,270] {dagbag.py:500} INFO - Filling up the DagBag from /opt/airflow/dags/pbp_ingestion_dag.py
[2022-03-16 23:17:23,381] {processor.py:654} INFO - DAG(s) dict_keys(['pbp_bucket_ingestion_dag']) retrieved from /opt/airflow/dags/pbp_ingestion_dag.py
[2022-03-16 23:17:23,406] {logging_mixin.py:109} INFO - [2022-03-16 23:17:23,405] {dag.py:2396} INFO - Sync 1 DAGs
[2022-03-16 23:17:23,462] {logging_mixin.py:109} INFO - [2022-03-16 23:17:23,462] {dag.py:2935} INFO - Setting next_dagrun for pbp_bucket_ingestion_dag to 2011-05-17T04:00:00+00:00
[2022-03-16 23:17:23,490] {processor.py:171} INFO - Processing /opt/airflow/dags/pbp_ingestion_dag.py took 3.278 seconds
[2022-03-16 23:17:54,832] {processor.py:163} INFO - Started process (PID=98) to work on /opt/airflow/dags/pbp_ingestion_dag.py
[2022-03-16 23:17:54,885] {processor.py:642} INFO - Processing file /opt/airflow/dags/pbp_ingestion_dag.py for tasks to queue
[2022-03-16 23:17:54,912] {logging_mixin.py:109} INFO - [2022-03-16 23:17:54,910] {dagbag.py:500} INFO - Filling up the DagBag from /opt/airflow/dags/pbp_ingestion_dag.py
[2022-03-16 23:17:58,720] {processor.py:654} INFO - DAG(s) dict_keys(['pbp_bucket_ingestion_dag']) retrieved from /opt/airflow/dags/pbp_ingestion_dag.py
[2022-03-16 23:17:58,741] {logging_mixin.py:109} INFO - [2022-03-16 23:17:58,741] {dag.py:2396} INFO - Sync 1 DAGs
[2022-03-16 23:17:58,898] {logging_mixin.py:109} INFO - [2022-03-16 23:17:58,898] {dag.py:2935} INFO - Setting next_dagrun for pbp_bucket_ingestion_dag to 2011-06-06T04:00:00+00:00
[2022-03-16 23:17:58,961] {processor.py:171} INFO - Processing /opt/airflow/dags/pbp_ingestion_dag.py took 4.253 seconds
[2022-03-16 23:18:29,424] {processor.py:163} INFO - Started process (PID=125) to work on /opt/airflow/dags/pbp_ingestion_dag.py
[2022-03-16 23:18:29,429] {processor.py:642} INFO - Processing file /opt/airflow/dags/pbp_ingestion_dag.py for tasks to queue
[2022-03-16 23:18:29,439] {logging_mixin.py:109} INFO - [2022-03-16 23:18:29,439] {dagbag.py:500} INFO - Filling up the DagBag from /opt/airflow/dags/pbp_ingestion_dag.py
[2022-03-16 23:18:30,556] {processor.py:654} INFO - DAG(s) dict_keys(['pbp_bucket_ingestion_dag']) retrieved from /opt/airflow/dags/pbp_ingestion_dag.py
[2022-03-16 23:18:30,569] {logging_mixin.py:109} INFO - [2022-03-16 23:18:30,569] {dag.py:2396} INFO - Sync 1 DAGs
[2022-03-16 23:18:30,591] {logging_mixin.py:109} INFO - [2022-03-16 23:18:30,590] {dag.py:2935} INFO - Setting next_dagrun for pbp_bucket_ingestion_dag to 2011-06-26T04:00:00+00:00
[2022-03-16 23:18:30,605] {processor.py:171} INFO - Processing /opt/airflow/dags/pbp_ingestion_dag.py took 1.190 seconds
[2022-03-16 23:19:00,711] {processor.py:163} INFO - Started process (PID=153) to work on /opt/airflow/dags/pbp_ingestion_dag.py
[2022-03-16 23:19:00,715] {processor.py:642} INFO - Processing file /opt/airflow/dags/pbp_ingestion_dag.py for tasks to queue
[2022-03-16 23:19:00,718] {logging_mixin.py:109} INFO - [2022-03-16 23:19:00,717] {dagbag.py:500} INFO - Filling up the DagBag from /opt/airflow/dags/pbp_ingestion_dag.py
[2022-03-16 23:19:02,434] {processor.py:654} INFO - DAG(s) dict_keys(['pbp_bucket_ingestion_dag']) retrieved from /opt/airflow/dags/pbp_ingestion_dag.py
[2022-03-16 23:19:02,490] {logging_mixin.py:109} INFO - [2022-03-16 23:19:02,489] {dag.py:2396} INFO - Sync 1 DAGs
[2022-03-16 23:19:02,540] {logging_mixin.py:109} INFO - [2022-03-16 23:19:02,540] {dag.py:2935} INFO - Setting next_dagrun for pbp_bucket_ingestion_dag to 2011-07-26T04:00:00+00:00
[2022-03-16 23:19:02,557] {processor.py:171} INFO - Processing /opt/airflow/dags/pbp_ingestion_dag.py took 1.857 seconds
[2022-03-16 23:19:16,459] {processor.py:163} INFO - Started process (PID=170) to work on /opt/airflow/dags/pbp_ingestion_dag.py
[2022-03-16 23:19:16,463] {processor.py:642} INFO - Processing file /opt/airflow/dags/pbp_ingestion_dag.py for tasks to queue
[2022-03-16 23:19:16,465] {logging_mixin.py:109} INFO - [2022-03-16 23:19:16,465] {dagbag.py:500} INFO - Filling up the DagBag from /opt/airflow/dags/pbp_ingestion_dag.py
[2022-03-16 23:19:17,764] {processor.py:654} INFO - DAG(s) dict_keys(['pbp_bucket_ingestion_dag']) retrieved from /opt/airflow/dags/pbp_ingestion_dag.py
[2022-03-16 23:19:18,183] {logging_mixin.py:109} INFO - [2022-03-16 23:19:18,182] {dag.py:2396} INFO - Sync 1 DAGs
[2022-03-16 23:19:18,227] {logging_mixin.py:109} INFO - [2022-03-16 23:19:18,227] {dag.py:2935} INFO - Setting next_dagrun for pbp_bucket_ingestion_dag to 2011-08-06T04:00:00+00:00
[2022-03-16 23:19:18,275] {processor.py:171} INFO - Processing /opt/airflow/dags/pbp_ingestion_dag.py took 1.821 seconds
[2022-03-16 23:20:53,296] {processor.py:163} INFO - Started process (PID=41) to work on /opt/airflow/dags/pbp_ingestion_dag.py
[2022-03-16 23:20:53,305] {processor.py:642} INFO - Processing file /opt/airflow/dags/pbp_ingestion_dag.py for tasks to queue
[2022-03-16 23:20:53,309] {logging_mixin.py:109} INFO - [2022-03-16 23:20:53,309] {dagbag.py:500} INFO - Filling up the DagBag from /opt/airflow/dags/pbp_ingestion_dag.py
[2022-03-16 23:20:56,076] {processor.py:654} INFO - DAG(s) dict_keys(['pbp_bucket_ingestion_dag']) retrieved from /opt/airflow/dags/pbp_ingestion_dag.py
[2022-03-16 23:20:56,088] {logging_mixin.py:109} INFO - [2022-03-16 23:20:56,087] {dag.py:2396} INFO - Sync 1 DAGs
[2022-03-16 23:20:56,109] {logging_mixin.py:109} INFO - [2022-03-16 23:20:56,109] {dag.py:2935} INFO - Setting next_dagrun for pbp_bucket_ingestion_dag to 2011-08-13T04:00:00+00:00
[2022-03-16 23:20:56,122] {processor.py:171} INFO - Processing /opt/airflow/dags/pbp_ingestion_dag.py took 2.831 seconds
[2022-03-16 23:21:26,681] {processor.py:163} INFO - Started process (PID=68) to work on /opt/airflow/dags/pbp_ingestion_dag.py
[2022-03-16 23:21:26,684] {processor.py:642} INFO - Processing file /opt/airflow/dags/pbp_ingestion_dag.py for tasks to queue
[2022-03-16 23:21:26,686] {logging_mixin.py:109} INFO - [2022-03-16 23:21:26,686] {dagbag.py:500} INFO - Filling up the DagBag from /opt/airflow/dags/pbp_ingestion_dag.py
[2022-03-16 23:21:27,435] {processor.py:654} INFO - DAG(s) dict_keys(['pbp_bucket_ingestion_dag']) retrieved from /opt/airflow/dags/pbp_ingestion_dag.py
[2022-03-16 23:21:27,445] {logging_mixin.py:109} INFO - [2022-03-16 23:21:27,444] {dag.py:2396} INFO - Sync 1 DAGs
[2022-03-16 23:21:27,460] {logging_mixin.py:109} INFO - [2022-03-16 23:21:27,460] {dag.py:2935} INFO - Setting next_dagrun for pbp_bucket_ingestion_dag to 2011-08-19T04:00:00+00:00
[2022-03-16 23:21:27,470] {processor.py:171} INFO - Processing /opt/airflow/dags/pbp_ingestion_dag.py took 0.793 seconds
[2022-03-16 23:21:57,621] {processor.py:163} INFO - Started process (PID=100) to work on /opt/airflow/dags/pbp_ingestion_dag.py
[2022-03-16 23:21:57,629] {processor.py:642} INFO - Processing file /opt/airflow/dags/pbp_ingestion_dag.py for tasks to queue
[2022-03-16 23:21:57,635] {logging_mixin.py:109} INFO - [2022-03-16 23:21:57,633] {dagbag.py:500} INFO - Filling up the DagBag from /opt/airflow/dags/pbp_ingestion_dag.py
[2022-03-16 23:21:59,896] {processor.py:654} INFO - DAG(s) dict_keys(['pbp_bucket_ingestion_dag']) retrieved from /opt/airflow/dags/pbp_ingestion_dag.py
[2022-03-16 23:21:59,933] {logging_mixin.py:109} INFO - [2022-03-16 23:21:59,932] {dag.py:2396} INFO - Sync 1 DAGs
[2022-03-16 23:21:59,974] {logging_mixin.py:109} INFO - [2022-03-16 23:21:59,974] {dag.py:2935} INFO - Setting next_dagrun for pbp_bucket_ingestion_dag to 2011-09-13T04:00:00+00:00
[2022-03-16 23:22:00,002] {processor.py:171} INFO - Processing /opt/airflow/dags/pbp_ingestion_dag.py took 2.395 seconds
[2022-03-16 23:22:30,973] {processor.py:163} INFO - Started process (PID=129) to work on /opt/airflow/dags/pbp_ingestion_dag.py
[2022-03-16 23:22:30,980] {processor.py:642} INFO - Processing file /opt/airflow/dags/pbp_ingestion_dag.py for tasks to queue
[2022-03-16 23:22:30,984] {logging_mixin.py:109} INFO - [2022-03-16 23:22:30,984] {dagbag.py:500} INFO - Filling up the DagBag from /opt/airflow/dags/pbp_ingestion_dag.py
[2022-03-16 23:22:32,792] {processor.py:654} INFO - DAG(s) dict_keys(['pbp_bucket_ingestion_dag']) retrieved from /opt/airflow/dags/pbp_ingestion_dag.py
[2022-03-16 23:22:32,803] {logging_mixin.py:109} INFO - [2022-03-16 23:22:32,803] {dag.py:2396} INFO - Sync 1 DAGs
[2022-03-16 23:22:32,824] {logging_mixin.py:109} INFO - [2022-03-16 23:22:32,824] {dag.py:2935} INFO - Setting next_dagrun for pbp_bucket_ingestion_dag to 2011-10-03T04:00:00+00:00
[2022-03-16 23:22:32,837] {processor.py:171} INFO - Processing /opt/airflow/dags/pbp_ingestion_dag.py took 1.878 seconds
[2022-03-16 23:23:03,719] {processor.py:163} INFO - Started process (PID=155) to work on /opt/airflow/dags/pbp_ingestion_dag.py
[2022-03-16 23:23:03,722] {processor.py:642} INFO - Processing file /opt/airflow/dags/pbp_ingestion_dag.py for tasks to queue
[2022-03-16 23:23:03,724] {logging_mixin.py:109} INFO - [2022-03-16 23:23:03,724] {dagbag.py:500} INFO - Filling up the DagBag from /opt/airflow/dags/pbp_ingestion_dag.py
[2022-03-16 23:23:04,859] {processor.py:654} INFO - DAG(s) dict_keys(['pbp_bucket_ingestion_dag']) retrieved from /opt/airflow/dags/pbp_ingestion_dag.py
[2022-03-16 23:23:04,872] {logging_mixin.py:109} INFO - [2022-03-16 23:23:04,871] {dag.py:2396} INFO - Sync 1 DAGs
[2022-03-16 23:23:04,893] {logging_mixin.py:109} INFO - [2022-03-16 23:23:04,893] {dag.py:2935} INFO - Setting next_dagrun for pbp_bucket_ingestion_dag to 2011-10-15T04:00:00+00:00
[2022-03-16 23:23:04,905] {processor.py:171} INFO - Processing /opt/airflow/dags/pbp_ingestion_dag.py took 1.226 seconds
[2022-03-16 23:23:35,092] {processor.py:163} INFO - Started process (PID=181) to work on /opt/airflow/dags/pbp_ingestion_dag.py
[2022-03-16 23:23:35,099] {processor.py:642} INFO - Processing file /opt/airflow/dags/pbp_ingestion_dag.py for tasks to queue
[2022-03-16 23:23:35,108] {logging_mixin.py:109} INFO - [2022-03-16 23:23:35,108] {dagbag.py:500} INFO - Filling up the DagBag from /opt/airflow/dags/pbp_ingestion_dag.py
[2022-03-16 23:23:38,123] {processor.py:654} INFO - DAG(s) dict_keys(['pbp_bucket_ingestion_dag']) retrieved from /opt/airflow/dags/pbp_ingestion_dag.py
[2022-03-16 23:23:38,143] {logging_mixin.py:109} INFO - [2022-03-16 23:23:38,143] {dag.py:2396} INFO - Sync 1 DAGs
[2022-03-16 23:23:38,176] {logging_mixin.py:109} INFO - [2022-03-16 23:23:38,176] {dag.py:2935} INFO - Setting next_dagrun for pbp_bucket_ingestion_dag to 2011-11-08T04:00:00+00:00
[2022-03-16 23:23:38,199] {processor.py:171} INFO - Processing /opt/airflow/dags/pbp_ingestion_dag.py took 3.116 seconds
[2022-03-16 23:24:08,869] {processor.py:163} INFO - Started process (PID=207) to work on /opt/airflow/dags/pbp_ingestion_dag.py
[2022-03-16 23:24:08,876] {processor.py:642} INFO - Processing file /opt/airflow/dags/pbp_ingestion_dag.py for tasks to queue
[2022-03-16 23:24:08,883] {logging_mixin.py:109} INFO - [2022-03-16 23:24:08,882] {dagbag.py:500} INFO - Filling up the DagBag from /opt/airflow/dags/pbp_ingestion_dag.py
[2022-03-16 23:24:10,782] {processor.py:654} INFO - DAG(s) dict_keys(['pbp_bucket_ingestion_dag']) retrieved from /opt/airflow/dags/pbp_ingestion_dag.py
[2022-03-16 23:24:10,793] {logging_mixin.py:109} INFO - [2022-03-16 23:24:10,793] {dag.py:2396} INFO - Sync 1 DAGs
[2022-03-16 23:24:10,815] {logging_mixin.py:109} INFO - [2022-03-16 23:24:10,815] {dag.py:2935} INFO - Setting next_dagrun for pbp_bucket_ingestion_dag to 2011-12-02T04:00:00+00:00
[2022-03-16 23:24:10,828] {processor.py:171} INFO - Processing /opt/airflow/dags/pbp_ingestion_dag.py took 1.987 seconds
[2022-03-16 23:24:40,950] {processor.py:163} INFO - Started process (PID=244) to work on /opt/airflow/dags/pbp_ingestion_dag.py
[2022-03-16 23:24:40,964] {processor.py:642} INFO - Processing file /opt/airflow/dags/pbp_ingestion_dag.py for tasks to queue
[2022-03-16 23:24:40,967] {logging_mixin.py:109} INFO - [2022-03-16 23:24:40,967] {dagbag.py:500} INFO - Filling up the DagBag from /opt/airflow/dags/pbp_ingestion_dag.py
[2022-03-16 23:24:43,479] {processor.py:654} INFO - DAG(s) dict_keys(['pbp_bucket_ingestion_dag']) retrieved from /opt/airflow/dags/pbp_ingestion_dag.py
[2022-03-16 23:24:43,504] {logging_mixin.py:109} INFO - [2022-03-16 23:24:43,503] {dag.py:2396} INFO - Sync 1 DAGs
[2022-03-16 23:24:43,546] {logging_mixin.py:109} INFO - [2022-03-16 23:24:43,546] {dag.py:2935} INFO - Setting next_dagrun for pbp_bucket_ingestion_dag to 2011-12-23T04:00:00+00:00
[2022-03-16 23:24:43,586] {processor.py:171} INFO - Processing /opt/airflow/dags/pbp_ingestion_dag.py took 2.651 seconds
[2022-03-16 23:25:08,794] {processor.py:163} INFO - Started process (PID=260) to work on /opt/airflow/dags/pbp_ingestion_dag.py
[2022-03-16 23:25:08,811] {processor.py:642} INFO - Processing file /opt/airflow/dags/pbp_ingestion_dag.py for tasks to queue
[2022-03-16 23:25:08,814] {logging_mixin.py:109} INFO - [2022-03-16 23:25:08,814] {dagbag.py:500} INFO - Filling up the DagBag from /opt/airflow/dags/pbp_ingestion_dag.py
[2022-03-16 23:27:04,423] {processor.py:163} INFO - Started process (PID=40) to work on /opt/airflow/dags/pbp_ingestion_dag.py
[2022-03-16 23:27:04,429] {processor.py:642} INFO - Processing file /opt/airflow/dags/pbp_ingestion_dag.py for tasks to queue
[2022-03-16 23:27:04,435] {logging_mixin.py:109} INFO - [2022-03-16 23:27:04,434] {dagbag.py:500} INFO - Filling up the DagBag from /opt/airflow/dags/pbp_ingestion_dag.py
[2022-03-16 23:27:08,142] {processor.py:654} INFO - DAG(s) dict_keys(['pbp_bucket_ingestion_dag']) retrieved from /opt/airflow/dags/pbp_ingestion_dag.py
[2022-03-16 23:27:09,194] {logging_mixin.py:109} INFO - [2022-03-16 23:27:09,194] {dag.py:2396} INFO - Sync 1 DAGs
[2022-03-16 23:27:09,213] {logging_mixin.py:109} INFO - [2022-03-16 23:27:09,212] {dag.py:2935} INFO - Setting next_dagrun for pbp_bucket_ingestion_dag to 2012-01-15T04:00:00+00:00
[2022-03-16 23:27:09,232] {processor.py:171} INFO - Processing /opt/airflow/dags/pbp_ingestion_dag.py took 4.817 seconds
[2022-03-16 23:27:39,754] {processor.py:163} INFO - Started process (PID=78) to work on /opt/airflow/dags/pbp_ingestion_dag.py
[2022-03-16 23:27:39,757] {processor.py:642} INFO - Processing file /opt/airflow/dags/pbp_ingestion_dag.py for tasks to queue
[2022-03-16 23:27:39,759] {logging_mixin.py:109} INFO - [2022-03-16 23:27:39,759] {dagbag.py:500} INFO - Filling up the DagBag from /opt/airflow/dags/pbp_ingestion_dag.py
[2022-03-16 23:27:41,524] {processor.py:654} INFO - DAG(s) dict_keys(['pbp_bucket_ingestion_dag']) retrieved from /opt/airflow/dags/pbp_ingestion_dag.py
[2022-03-16 23:27:41,542] {logging_mixin.py:109} INFO - [2022-03-16 23:27:41,542] {dag.py:2396} INFO - Sync 1 DAGs
[2022-03-16 23:27:41,574] {logging_mixin.py:109} INFO - [2022-03-16 23:27:41,574] {dag.py:2935} INFO - Setting next_dagrun for pbp_bucket_ingestion_dag to 2012-02-04T04:00:00+00:00
[2022-03-16 23:27:41,598] {processor.py:171} INFO - Processing /opt/airflow/dags/pbp_ingestion_dag.py took 1.850 seconds
[2022-03-16 23:28:11,903] {processor.py:163} INFO - Started process (PID=107) to work on /opt/airflow/dags/pbp_ingestion_dag.py
[2022-03-16 23:28:11,906] {processor.py:642} INFO - Processing file /opt/airflow/dags/pbp_ingestion_dag.py for tasks to queue
[2022-03-16 23:28:11,908] {logging_mixin.py:109} INFO - [2022-03-16 23:28:11,907] {dagbag.py:500} INFO - Filling up the DagBag from /opt/airflow/dags/pbp_ingestion_dag.py
[2022-03-16 23:28:12,828] {processor.py:654} INFO - DAG(s) dict_keys(['pbp_bucket_ingestion_dag']) retrieved from /opt/airflow/dags/pbp_ingestion_dag.py
[2022-03-16 23:28:12,840] {logging_mixin.py:109} INFO - [2022-03-16 23:28:12,840] {dag.py:2396} INFO - Sync 1 DAGs
[2022-03-16 23:28:12,863] {logging_mixin.py:109} INFO - [2022-03-16 23:28:12,863] {dag.py:2935} INFO - Setting next_dagrun for pbp_bucket_ingestion_dag to 2012-02-24T04:00:00+00:00
[2022-03-16 23:28:12,877] {processor.py:171} INFO - Processing /opt/airflow/dags/pbp_ingestion_dag.py took 0.977 seconds
[2022-03-16 23:28:43,362] {processor.py:163} INFO - Started process (PID=134) to work on /opt/airflow/dags/pbp_ingestion_dag.py
[2022-03-16 23:28:43,364] {processor.py:642} INFO - Processing file /opt/airflow/dags/pbp_ingestion_dag.py for tasks to queue
[2022-03-16 23:28:43,366] {logging_mixin.py:109} INFO - [2022-03-16 23:28:43,366] {dagbag.py:500} INFO - Filling up the DagBag from /opt/airflow/dags/pbp_ingestion_dag.py
[2022-03-16 23:28:44,197] {processor.py:654} INFO - DAG(s) dict_keys(['pbp_bucket_ingestion_dag']) retrieved from /opt/airflow/dags/pbp_ingestion_dag.py
[2022-03-16 23:28:44,211] {logging_mixin.py:109} INFO - [2022-03-16 23:28:44,211] {dag.py:2396} INFO - Sync 1 DAGs
[2022-03-16 23:28:44,239] {logging_mixin.py:109} INFO - [2022-03-16 23:28:44,239] {dag.py:2935} INFO - Setting next_dagrun for pbp_bucket_ingestion_dag to 2012-03-16T04:00:00+00:00
[2022-03-16 23:28:44,253] {processor.py:171} INFO - Processing /opt/airflow/dags/pbp_ingestion_dag.py took 0.896 seconds
[2022-03-16 23:29:14,427] {processor.py:163} INFO - Started process (PID=161) to work on /opt/airflow/dags/pbp_ingestion_dag.py
[2022-03-16 23:29:14,432] {processor.py:642} INFO - Processing file /opt/airflow/dags/pbp_ingestion_dag.py for tasks to queue
[2022-03-16 23:29:14,436] {logging_mixin.py:109} INFO - [2022-03-16 23:29:14,435] {dagbag.py:500} INFO - Filling up the DagBag from /opt/airflow/dags/pbp_ingestion_dag.py
[2022-03-16 23:29:15,253] {processor.py:654} INFO - DAG(s) dict_keys(['pbp_bucket_ingestion_dag']) retrieved from /opt/airflow/dags/pbp_ingestion_dag.py
[2022-03-16 23:29:15,265] {logging_mixin.py:109} INFO - [2022-03-16 23:29:15,264] {dag.py:2396} INFO - Sync 1 DAGs
[2022-03-16 23:29:15,295] {logging_mixin.py:109} INFO - [2022-03-16 23:29:15,295] {dag.py:2935} INFO - Setting next_dagrun for pbp_bucket_ingestion_dag to 2012-04-04T04:00:00+00:00
[2022-03-16 23:29:15,317] {processor.py:171} INFO - Processing /opt/airflow/dags/pbp_ingestion_dag.py took 0.898 seconds
[2022-03-16 23:29:17,453] {processor.py:163} INFO - Started process (PID=173) to work on /opt/airflow/dags/pbp_ingestion_dag.py
[2022-03-16 23:29:17,458] {processor.py:642} INFO - Processing file /opt/airflow/dags/pbp_ingestion_dag.py for tasks to queue
[2022-03-16 23:29:17,464] {logging_mixin.py:109} INFO - [2022-03-16 23:29:17,464] {dagbag.py:500} INFO - Filling up the DagBag from /opt/airflow/dags/pbp_ingestion_dag.py
[2022-03-16 23:29:17,489] {logging_mixin.py:109} INFO - [2022-03-16 23:29:17,488] {dagbag.py:334} ERROR - Failed to import: /opt/airflow/dags/pbp_ingestion_dag.py
Traceback (most recent call last):
  File "/home/airflow/.local/lib/python3.7/site-packages/airflow/models/dagbag.py", line 331, in _load_modules_from_file
    loader.exec_module(new_module)
  File "<frozen importlib._bootstrap_external>", line 724, in exec_module
  File "<frozen importlib._bootstrap_external>", line 860, in get_code
  File "<frozen importlib._bootstrap_external>", line 791, in source_to_code
  File "<frozen importlib._bootstrap>", line 219, in _call_with_frames_removed
  File "/opt/airflow/dags/pbp_ingestion_dag.py", line 62
    for game in games['dates'][0]['games']:
    ^
IndentationError: unexpected indent
[2022-03-16 23:29:17,570] {processor.py:690} INFO - Deactivated 1 DAGs which are no longer present in /opt/airflow/dags/pbp_ingestion_dag.py
[2022-03-16 23:29:17,574] {processor.py:656} WARNING - No viable dags retrieved from /opt/airflow/dags/pbp_ingestion_dag.py
[2022-03-16 23:29:17,618] {processor.py:171} INFO - Processing /opt/airflow/dags/pbp_ingestion_dag.py took 0.177 seconds
[2022-03-16 23:29:30,704] {processor.py:163} INFO - Started process (PID=180) to work on /opt/airflow/dags/pbp_ingestion_dag.py
[2022-03-16 23:29:30,706] {processor.py:642} INFO - Processing file /opt/airflow/dags/pbp_ingestion_dag.py for tasks to queue
[2022-03-16 23:29:30,707] {logging_mixin.py:109} INFO - [2022-03-16 23:29:30,707] {dagbag.py:500} INFO - Filling up the DagBag from /opt/airflow/dags/pbp_ingestion_dag.py
[2022-03-16 23:29:31,874] {processor.py:654} INFO - DAG(s) dict_keys(['pbp_bucket_ingestion_dag']) retrieved from /opt/airflow/dags/pbp_ingestion_dag.py
[2022-03-16 23:29:31,895] {logging_mixin.py:109} INFO - [2022-03-16 23:29:31,894] {dag.py:2396} INFO - Sync 1 DAGs
[2022-03-16 23:29:31,940] {logging_mixin.py:109} INFO - [2022-03-16 23:29:31,939] {dag.py:2935} INFO - Setting next_dagrun for pbp_bucket_ingestion_dag to 2012-04-08T04:00:00+00:00
[2022-03-16 23:29:31,958] {processor.py:171} INFO - Processing /opt/airflow/dags/pbp_ingestion_dag.py took 1.258 seconds
[2022-03-16 23:31:25,185] {processor.py:163} INFO - Started process (PID=41) to work on /opt/airflow/dags/pbp_ingestion_dag.py
[2022-03-16 23:31:25,189] {processor.py:642} INFO - Processing file /opt/airflow/dags/pbp_ingestion_dag.py for tasks to queue
[2022-03-16 23:31:25,192] {logging_mixin.py:109} INFO - [2022-03-16 23:31:25,192] {dagbag.py:500} INFO - Filling up the DagBag from /opt/airflow/dags/pbp_ingestion_dag.py
[2022-03-16 23:31:28,455] {processor.py:654} INFO - DAG(s) dict_keys(['pbp_bucket_ingestion_dag']) retrieved from /opt/airflow/dags/pbp_ingestion_dag.py
[2022-03-16 23:31:28,471] {logging_mixin.py:109} INFO - [2022-03-16 23:31:28,471] {dag.py:2396} INFO - Sync 1 DAGs
[2022-03-16 23:31:28,515] {logging_mixin.py:109} INFO - [2022-03-16 23:31:28,514] {dag.py:2935} INFO - Setting next_dagrun for pbp_bucket_ingestion_dag to 2012-04-09T04:00:00+00:00
[2022-03-16 23:31:28,532] {processor.py:171} INFO - Processing /opt/airflow/dags/pbp_ingestion_dag.py took 3.359 seconds
[2022-03-16 23:31:58,781] {processor.py:163} INFO - Started process (PID=69) to work on /opt/airflow/dags/pbp_ingestion_dag.py
[2022-03-16 23:31:58,786] {processor.py:642} INFO - Processing file /opt/airflow/dags/pbp_ingestion_dag.py for tasks to queue
[2022-03-16 23:31:58,789] {logging_mixin.py:109} INFO - [2022-03-16 23:31:58,789] {dagbag.py:500} INFO - Filling up the DagBag from /opt/airflow/dags/pbp_ingestion_dag.py
[2022-03-16 23:31:59,846] {processor.py:654} INFO - DAG(s) dict_keys(['pbp_bucket_ingestion_dag']) retrieved from /opt/airflow/dags/pbp_ingestion_dag.py
[2022-03-16 23:31:59,858] {logging_mixin.py:109} INFO - [2022-03-16 23:31:59,858] {dag.py:2396} INFO - Sync 1 DAGs
[2022-03-16 23:31:59,876] {logging_mixin.py:109} INFO - [2022-03-16 23:31:59,876] {dag.py:2935} INFO - Setting next_dagrun for pbp_bucket_ingestion_dag to 2012-04-28T04:00:00+00:00
[2022-03-16 23:31:59,886] {processor.py:171} INFO - Processing /opt/airflow/dags/pbp_ingestion_dag.py took 1.113 seconds
[2022-03-16 23:32:30,385] {processor.py:163} INFO - Started process (PID=96) to work on /opt/airflow/dags/pbp_ingestion_dag.py
[2022-03-16 23:32:30,390] {processor.py:642} INFO - Processing file /opt/airflow/dags/pbp_ingestion_dag.py for tasks to queue
[2022-03-16 23:32:30,393] {logging_mixin.py:109} INFO - [2022-03-16 23:32:30,393] {dagbag.py:500} INFO - Filling up the DagBag from /opt/airflow/dags/pbp_ingestion_dag.py
[2022-03-16 23:32:32,588] {processor.py:654} INFO - DAG(s) dict_keys(['pbp_bucket_ingestion_dag']) retrieved from /opt/airflow/dags/pbp_ingestion_dag.py
[2022-03-16 23:32:32,603] {logging_mixin.py:109} INFO - [2022-03-16 23:32:32,603] {dag.py:2396} INFO - Sync 1 DAGs
[2022-03-16 23:32:32,626] {logging_mixin.py:109} INFO - [2022-03-16 23:32:32,626] {dag.py:2935} INFO - Setting next_dagrun for pbp_bucket_ingestion_dag to 2012-05-21T04:00:00+00:00
[2022-03-16 23:32:32,643] {processor.py:171} INFO - Processing /opt/airflow/dags/pbp_ingestion_dag.py took 2.273 seconds
[2022-03-16 23:33:02,789] {processor.py:163} INFO - Started process (PID=123) to work on /opt/airflow/dags/pbp_ingestion_dag.py
[2022-03-16 23:33:02,795] {processor.py:642} INFO - Processing file /opt/airflow/dags/pbp_ingestion_dag.py for tasks to queue
[2022-03-16 23:33:02,797] {logging_mixin.py:109} INFO - [2022-03-16 23:33:02,797] {dagbag.py:500} INFO - Filling up the DagBag from /opt/airflow/dags/pbp_ingestion_dag.py
[2022-03-16 23:33:04,883] {processor.py:654} INFO - DAG(s) dict_keys(['pbp_bucket_ingestion_dag']) retrieved from /opt/airflow/dags/pbp_ingestion_dag.py
[2022-03-16 23:33:04,904] {logging_mixin.py:109} INFO - [2022-03-16 23:33:04,904] {dag.py:2396} INFO - Sync 1 DAGs
[2022-03-16 23:33:04,950] {logging_mixin.py:109} INFO - [2022-03-16 23:33:04,950] {dag.py:2935} INFO - Setting next_dagrun for pbp_bucket_ingestion_dag to 2012-06-16T04:00:00+00:00
[2022-03-16 23:33:04,973] {processor.py:171} INFO - Processing /opt/airflow/dags/pbp_ingestion_dag.py took 2.230 seconds
[2022-03-16 23:33:33,200] {processor.py:163} INFO - Started process (PID=162) to work on /opt/airflow/dags/pbp_ingestion_dag.py
[2022-03-16 23:33:33,203] {processor.py:642} INFO - Processing file /opt/airflow/dags/pbp_ingestion_dag.py for tasks to queue
[2022-03-16 23:33:33,205] {logging_mixin.py:109} INFO - [2022-03-16 23:33:33,205] {dagbag.py:500} INFO - Filling up the DagBag from /opt/airflow/dags/pbp_ingestion_dag.py
[2022-03-16 23:33:34,576] {processor.py:654} INFO - DAG(s) dict_keys(['pbp_bucket_ingestion_dag']) retrieved from /opt/airflow/dags/pbp_ingestion_dag.py
[2022-03-16 23:33:34,588] {logging_mixin.py:109} INFO - [2022-03-16 23:33:34,588] {dag.py:2396} INFO - Sync 1 DAGs
[2022-03-16 23:33:34,635] {logging_mixin.py:109} INFO - [2022-03-16 23:33:34,634] {dag.py:2935} INFO - Setting next_dagrun for pbp_bucket_ingestion_dag to 2012-07-03T04:00:00+00:00
[2022-03-16 23:33:34,677] {processor.py:171} INFO - Processing /opt/airflow/dags/pbp_ingestion_dag.py took 1.517 seconds
[2022-03-16 23:33:39,845] {processor.py:163} INFO - Started process (PID=169) to work on /opt/airflow/dags/pbp_ingestion_dag.py
[2022-03-16 23:33:39,859] {processor.py:642} INFO - Processing file /opt/airflow/dags/pbp_ingestion_dag.py for tasks to queue
[2022-03-16 23:33:39,867] {logging_mixin.py:109} INFO - [2022-03-16 23:33:39,867] {dagbag.py:500} INFO - Filling up the DagBag from /opt/airflow/dags/pbp_ingestion_dag.py
[2022-03-16 23:35:24,901] {processor.py:163} INFO - Started process (PID=42) to work on /opt/airflow/dags/pbp_ingestion_dag.py
[2022-03-16 23:35:24,905] {processor.py:642} INFO - Processing file /opt/airflow/dags/pbp_ingestion_dag.py for tasks to queue
[2022-03-16 23:35:24,908] {logging_mixin.py:109} INFO - [2022-03-16 23:35:24,908] {dagbag.py:500} INFO - Filling up the DagBag from /opt/airflow/dags/pbp_ingestion_dag.py
[2022-03-16 23:35:27,798] {processor.py:654} INFO - DAG(s) dict_keys(['pbp_bucket_ingestion_dag']) retrieved from /opt/airflow/dags/pbp_ingestion_dag.py
[2022-03-16 23:35:27,818] {logging_mixin.py:109} INFO - [2022-03-16 23:35:27,818] {dag.py:2396} INFO - Sync 1 DAGs
[2022-03-16 23:35:27,857] {logging_mixin.py:109} INFO - [2022-03-16 23:35:27,857] {dag.py:2935} INFO - Setting next_dagrun for pbp_bucket_ingestion_dag to 2012-07-07T04:00:00+00:00
[2022-03-16 23:35:27,891] {processor.py:171} INFO - Processing /opt/airflow/dags/pbp_ingestion_dag.py took 3.005 seconds
[2022-03-16 23:35:58,108] {processor.py:163} INFO - Started process (PID=68) to work on /opt/airflow/dags/pbp_ingestion_dag.py
[2022-03-16 23:35:58,110] {processor.py:642} INFO - Processing file /opt/airflow/dags/pbp_ingestion_dag.py for tasks to queue
[2022-03-16 23:35:58,116] {logging_mixin.py:109} INFO - [2022-03-16 23:35:58,116] {dagbag.py:500} INFO - Filling up the DagBag from /opt/airflow/dags/pbp_ingestion_dag.py
[2022-03-16 23:35:59,693] {processor.py:654} INFO - DAG(s) dict_keys(['pbp_bucket_ingestion_dag']) retrieved from /opt/airflow/dags/pbp_ingestion_dag.py
[2022-03-16 23:35:59,714] {logging_mixin.py:109} INFO - [2022-03-16 23:35:59,713] {dag.py:2396} INFO - Sync 1 DAGs
[2022-03-16 23:35:59,759] {logging_mixin.py:109} INFO - [2022-03-16 23:35:59,759] {dag.py:2935} INFO - Setting next_dagrun for pbp_bucket_ingestion_dag to 2012-07-29T04:00:00+00:00
[2022-03-16 23:35:59,774] {processor.py:171} INFO - Processing /opt/airflow/dags/pbp_ingestion_dag.py took 1.671 seconds
[2022-03-16 23:36:30,543] {processor.py:163} INFO - Started process (PID=96) to work on /opt/airflow/dags/pbp_ingestion_dag.py
[2022-03-16 23:36:30,547] {processor.py:642} INFO - Processing file /opt/airflow/dags/pbp_ingestion_dag.py for tasks to queue
[2022-03-16 23:36:30,550] {logging_mixin.py:109} INFO - [2022-03-16 23:36:30,550] {dagbag.py:500} INFO - Filling up the DagBag from /opt/airflow/dags/pbp_ingestion_dag.py
[2022-03-16 23:36:32,462] {processor.py:654} INFO - DAG(s) dict_keys(['pbp_bucket_ingestion_dag']) retrieved from /opt/airflow/dags/pbp_ingestion_dag.py
[2022-03-16 23:36:32,486] {logging_mixin.py:109} INFO - [2022-03-16 23:36:32,486] {dag.py:2396} INFO - Sync 1 DAGs
[2022-03-16 23:36:32,545] {logging_mixin.py:109} INFO - [2022-03-16 23:36:32,543] {dag.py:2935} INFO - Setting next_dagrun for pbp_bucket_ingestion_dag to 2012-08-16T04:00:00+00:00
[2022-03-16 23:36:32,584] {processor.py:171} INFO - Processing /opt/airflow/dags/pbp_ingestion_dag.py took 2.076 seconds
[2022-03-16 23:37:03,442] {processor.py:163} INFO - Started process (PID=132) to work on /opt/airflow/dags/pbp_ingestion_dag.py
[2022-03-16 23:37:03,447] {processor.py:642} INFO - Processing file /opt/airflow/dags/pbp_ingestion_dag.py for tasks to queue
[2022-03-16 23:37:03,451] {logging_mixin.py:109} INFO - [2022-03-16 23:37:03,450] {dagbag.py:500} INFO - Filling up the DagBag from /opt/airflow/dags/pbp_ingestion_dag.py
[2022-03-16 23:37:05,383] {processor.py:654} INFO - DAG(s) dict_keys(['pbp_bucket_ingestion_dag']) retrieved from /opt/airflow/dags/pbp_ingestion_dag.py
[2022-03-16 23:37:05,396] {logging_mixin.py:109} INFO - [2022-03-16 23:37:05,395] {dag.py:2396} INFO - Sync 1 DAGs
[2022-03-16 23:37:05,419] {logging_mixin.py:109} INFO - [2022-03-16 23:37:05,418] {dag.py:2935} INFO - Setting next_dagrun for pbp_bucket_ingestion_dag to 2012-09-07T04:00:00+00:00
[2022-03-16 23:37:05,432] {processor.py:171} INFO - Processing /opt/airflow/dags/pbp_ingestion_dag.py took 2.030 seconds
[2022-03-16 23:37:35,560] {processor.py:163} INFO - Started process (PID=160) to work on /opt/airflow/dags/pbp_ingestion_dag.py
[2022-03-16 23:37:35,566] {processor.py:642} INFO - Processing file /opt/airflow/dags/pbp_ingestion_dag.py for tasks to queue
[2022-03-16 23:37:35,573] {logging_mixin.py:109} INFO - [2022-03-16 23:37:35,572] {dagbag.py:500} INFO - Filling up the DagBag from /opt/airflow/dags/pbp_ingestion_dag.py
[2022-03-16 23:37:36,846] {processor.py:654} INFO - DAG(s) dict_keys(['pbp_bucket_ingestion_dag']) retrieved from /opt/airflow/dags/pbp_ingestion_dag.py
[2022-03-16 23:37:36,857] {logging_mixin.py:109} INFO - [2022-03-16 23:37:36,856] {dag.py:2396} INFO - Sync 1 DAGs
[2022-03-16 23:37:36,877] {logging_mixin.py:109} INFO - [2022-03-16 23:37:36,877] {dag.py:2935} INFO - Setting next_dagrun for pbp_bucket_ingestion_dag to 2012-09-30T04:00:00+00:00
[2022-03-16 23:37:36,890] {processor.py:171} INFO - Processing /opt/airflow/dags/pbp_ingestion_dag.py took 1.337 seconds
[2022-03-16 23:38:06,972] {processor.py:163} INFO - Started process (PID=197) to work on /opt/airflow/dags/pbp_ingestion_dag.py
[2022-03-16 23:38:06,974] {processor.py:642} INFO - Processing file /opt/airflow/dags/pbp_ingestion_dag.py for tasks to queue
[2022-03-16 23:38:06,975] {logging_mixin.py:109} INFO - [2022-03-16 23:38:06,975] {dagbag.py:500} INFO - Filling up the DagBag from /opt/airflow/dags/pbp_ingestion_dag.py
[2022-03-16 23:38:08,055] {processor.py:654} INFO - DAG(s) dict_keys(['pbp_bucket_ingestion_dag']) retrieved from /opt/airflow/dags/pbp_ingestion_dag.py
[2022-03-16 23:38:08,083] {logging_mixin.py:109} INFO - [2022-03-16 23:38:08,083] {dag.py:2396} INFO - Sync 1 DAGs
[2022-03-16 23:38:08,126] {logging_mixin.py:109} INFO - [2022-03-16 23:38:08,126] {dag.py:2935} INFO - Setting next_dagrun for pbp_bucket_ingestion_dag to 2012-10-23T04:00:00+00:00
[2022-03-16 23:38:08,145] {processor.py:171} INFO - Processing /opt/airflow/dags/pbp_ingestion_dag.py took 1.176 seconds
[2022-03-16 23:38:39,392] {processor.py:163} INFO - Started process (PID=223) to work on /opt/airflow/dags/pbp_ingestion_dag.py
[2022-03-16 23:38:39,408] {processor.py:642} INFO - Processing file /opt/airflow/dags/pbp_ingestion_dag.py for tasks to queue
[2022-03-16 23:38:39,430] {logging_mixin.py:109} INFO - [2022-03-16 23:38:39,429] {dagbag.py:500} INFO - Filling up the DagBag from /opt/airflow/dags/pbp_ingestion_dag.py
[2022-03-16 23:38:42,265] {processor.py:654} INFO - DAG(s) dict_keys(['pbp_bucket_ingestion_dag']) retrieved from /opt/airflow/dags/pbp_ingestion_dag.py
[2022-03-16 23:38:42,327] {processor.py:608} INFO - Executed failure callback for <TaskInstance: pbp_bucket_ingestion_dag.get_pbp_data scheduled__2012-07-04T04:00:00+00:00 [failed]> in state failed
[2022-03-16 23:38:42,337] {logging_mixin.py:109} INFO - [2022-03-16 23:38:42,337] {dag.py:2396} INFO - Sync 1 DAGs
[2022-03-16 23:38:42,356] {logging_mixin.py:109} INFO - [2022-03-16 23:38:42,356] {dag.py:2935} INFO - Setting next_dagrun for pbp_bucket_ingestion_dag to 2012-11-10T04:00:00+00:00
[2022-03-16 23:38:42,367] {processor.py:171} INFO - Processing /opt/airflow/dags/pbp_ingestion_dag.py took 2.994 seconds
[2022-03-16 23:38:49,481] {processor.py:163} INFO - Started process (PID=230) to work on /opt/airflow/dags/pbp_ingestion_dag.py
[2022-03-16 23:38:49,488] {processor.py:642} INFO - Processing file /opt/airflow/dags/pbp_ingestion_dag.py for tasks to queue
[2022-03-16 23:38:49,491] {logging_mixin.py:109} INFO - [2022-03-16 23:38:49,491] {dagbag.py:500} INFO - Filling up the DagBag from /opt/airflow/dags/pbp_ingestion_dag.py
[2022-03-16 23:38:51,915] {processor.py:654} INFO - DAG(s) dict_keys(['pbp_bucket_ingestion_dag']) retrieved from /opt/airflow/dags/pbp_ingestion_dag.py
[2022-03-16 23:38:52,224] {processor.py:608} INFO - Executed failure callback for <TaskInstance: pbp_bucket_ingestion_dag.get_pbp_data scheduled__2012-07-05T04:00:00+00:00 [failed]> in state failed
[2022-03-16 23:38:52,265] {logging_mixin.py:109} INFO - [2022-03-16 23:38:52,264] {dag.py:2396} INFO - Sync 1 DAGs
[2022-03-16 23:38:52,311] {logging_mixin.py:109} INFO - [2022-03-16 23:38:52,310] {dag.py:2935} INFO - Setting next_dagrun for pbp_bucket_ingestion_dag to 2012-11-17T04:00:00+00:00
[2022-03-16 23:38:52,334] {processor.py:171} INFO - Processing /opt/airflow/dags/pbp_ingestion_dag.py took 2.867 seconds
[2022-03-16 23:39:22,838] {processor.py:163} INFO - Started process (PID=256) to work on /opt/airflow/dags/pbp_ingestion_dag.py
[2022-03-16 23:39:22,844] {processor.py:642} INFO - Processing file /opt/airflow/dags/pbp_ingestion_dag.py for tasks to queue
[2022-03-16 23:39:22,852] {logging_mixin.py:109} INFO - [2022-03-16 23:39:22,851] {dagbag.py:500} INFO - Filling up the DagBag from /opt/airflow/dags/pbp_ingestion_dag.py
[2022-03-16 23:39:26,039] {processor.py:654} INFO - DAG(s) dict_keys(['pbp_bucket_ingestion_dag']) retrieved from /opt/airflow/dags/pbp_ingestion_dag.py
[2022-03-16 23:39:26,061] {logging_mixin.py:109} INFO - [2022-03-16 23:39:26,060] {dag.py:2396} INFO - Sync 1 DAGs
[2022-03-16 23:39:26,102] {logging_mixin.py:109} INFO - [2022-03-16 23:39:26,101] {dag.py:2935} INFO - Setting next_dagrun for pbp_bucket_ingestion_dag to 2012-12-04T04:00:00+00:00
[2022-03-16 23:39:26,132] {processor.py:171} INFO - Processing /opt/airflow/dags/pbp_ingestion_dag.py took 3.301 seconds
[2022-03-16 23:39:56,811] {processor.py:163} INFO - Started process (PID=283) to work on /opt/airflow/dags/pbp_ingestion_dag.py
[2022-03-16 23:39:56,815] {processor.py:642} INFO - Processing file /opt/airflow/dags/pbp_ingestion_dag.py for tasks to queue
[2022-03-16 23:39:56,818] {logging_mixin.py:109} INFO - [2022-03-16 23:39:56,818] {dagbag.py:500} INFO - Filling up the DagBag from /opt/airflow/dags/pbp_ingestion_dag.py
[2022-03-16 23:39:58,377] {processor.py:654} INFO - DAG(s) dict_keys(['pbp_bucket_ingestion_dag']) retrieved from /opt/airflow/dags/pbp_ingestion_dag.py
[2022-03-16 23:39:58,387] {logging_mixin.py:109} INFO - [2022-03-16 23:39:58,386] {dag.py:2396} INFO - Sync 1 DAGs
[2022-03-16 23:39:58,405] {logging_mixin.py:109} INFO - [2022-03-16 23:39:58,404] {dag.py:2935} INFO - Setting next_dagrun for pbp_bucket_ingestion_dag to 2012-12-20T04:00:00+00:00
[2022-03-16 23:39:58,415] {processor.py:171} INFO - Processing /opt/airflow/dags/pbp_ingestion_dag.py took 1.611 seconds
[2022-03-16 23:40:28,945] {processor.py:163} INFO - Started process (PID=310) to work on /opt/airflow/dags/pbp_ingestion_dag.py
[2022-03-16 23:40:28,948] {processor.py:642} INFO - Processing file /opt/airflow/dags/pbp_ingestion_dag.py for tasks to queue
[2022-03-16 23:40:28,950] {logging_mixin.py:109} INFO - [2022-03-16 23:40:28,950] {dagbag.py:500} INFO - Filling up the DagBag from /opt/airflow/dags/pbp_ingestion_dag.py
[2022-03-16 23:40:29,814] {processor.py:654} INFO - DAG(s) dict_keys(['pbp_bucket_ingestion_dag']) retrieved from /opt/airflow/dags/pbp_ingestion_dag.py
[2022-03-16 23:40:29,828] {logging_mixin.py:109} INFO - [2022-03-16 23:40:29,828] {dag.py:2396} INFO - Sync 1 DAGs
[2022-03-16 23:40:29,848] {logging_mixin.py:109} INFO - [2022-03-16 23:40:29,848] {dag.py:2935} INFO - Setting next_dagrun for pbp_bucket_ingestion_dag to 2013-01-07T04:00:00+00:00
[2022-03-16 23:40:29,859] {processor.py:171} INFO - Processing /opt/airflow/dags/pbp_ingestion_dag.py took 0.919 seconds
[2022-03-16 23:41:00,117] {processor.py:163} INFO - Started process (PID=337) to work on /opt/airflow/dags/pbp_ingestion_dag.py
[2022-03-16 23:41:00,131] {processor.py:642} INFO - Processing file /opt/airflow/dags/pbp_ingestion_dag.py for tasks to queue
[2022-03-16 23:41:00,148] {logging_mixin.py:109} INFO - [2022-03-16 23:41:00,148] {dagbag.py:500} INFO - Filling up the DagBag from /opt/airflow/dags/pbp_ingestion_dag.py
[2022-03-16 23:41:02,539] {processor.py:654} INFO - DAG(s) dict_keys(['pbp_bucket_ingestion_dag']) retrieved from /opt/airflow/dags/pbp_ingestion_dag.py
[2022-03-16 23:41:02,559] {logging_mixin.py:109} INFO - [2022-03-16 23:41:02,558] {dag.py:2396} INFO - Sync 1 DAGs
[2022-03-16 23:41:02,602] {logging_mixin.py:109} INFO - [2022-03-16 23:41:02,601] {dag.py:2935} INFO - Setting next_dagrun for pbp_bucket_ingestion_dag to 2013-02-02T04:00:00+00:00
[2022-03-16 23:41:02,626] {processor.py:171} INFO - Processing /opt/airflow/dags/pbp_ingestion_dag.py took 2.515 seconds
[2022-03-16 23:41:32,784] {processor.py:163} INFO - Started process (PID=362) to work on /opt/airflow/dags/pbp_ingestion_dag.py
[2022-03-16 23:41:32,790] {processor.py:642} INFO - Processing file /opt/airflow/dags/pbp_ingestion_dag.py for tasks to queue
[2022-03-16 23:41:32,796] {logging_mixin.py:109} INFO - [2022-03-16 23:41:32,796] {dagbag.py:500} INFO - Filling up the DagBag from /opt/airflow/dags/pbp_ingestion_dag.py
[2022-03-16 23:41:33,856] {processor.py:654} INFO - DAG(s) dict_keys(['pbp_bucket_ingestion_dag']) retrieved from /opt/airflow/dags/pbp_ingestion_dag.py
[2022-03-16 23:41:33,870] {logging_mixin.py:109} INFO - [2022-03-16 23:41:33,869] {dag.py:2396} INFO - Sync 1 DAGs
[2022-03-16 23:41:33,888] {logging_mixin.py:109} INFO - [2022-03-16 23:41:33,888] {dag.py:2935} INFO - Setting next_dagrun for pbp_bucket_ingestion_dag to 2013-02-21T04:00:00+00:00
[2022-03-16 23:41:33,898] {processor.py:171} INFO - Processing /opt/airflow/dags/pbp_ingestion_dag.py took 1.118 seconds
[2022-03-16 23:42:04,021] {processor.py:163} INFO - Started process (PID=402) to work on /opt/airflow/dags/pbp_ingestion_dag.py
[2022-03-16 23:42:04,025] {processor.py:642} INFO - Processing file /opt/airflow/dags/pbp_ingestion_dag.py for tasks to queue
[2022-03-16 23:42:04,028] {logging_mixin.py:109} INFO - [2022-03-16 23:42:04,027] {dagbag.py:500} INFO - Filling up the DagBag from /opt/airflow/dags/pbp_ingestion_dag.py
[2022-03-16 23:42:06,377] {processor.py:654} INFO - DAG(s) dict_keys(['pbp_bucket_ingestion_dag']) retrieved from /opt/airflow/dags/pbp_ingestion_dag.py
[2022-03-16 23:42:06,595] {logging_mixin.py:109} INFO - [2022-03-16 23:42:06,595] {dag.py:2396} INFO - Sync 1 DAGs
[2022-03-16 23:42:06,657] {logging_mixin.py:109} INFO - [2022-03-16 23:42:06,657] {dag.py:2935} INFO - Setting next_dagrun for pbp_bucket_ingestion_dag to 2013-03-18T04:00:00+00:00
[2022-03-16 23:42:06,676] {processor.py:171} INFO - Processing /opt/airflow/dags/pbp_ingestion_dag.py took 2.702 seconds
[2022-03-16 23:42:36,879] {processor.py:163} INFO - Started process (PID=427) to work on /opt/airflow/dags/pbp_ingestion_dag.py
[2022-03-16 23:42:36,881] {processor.py:642} INFO - Processing file /opt/airflow/dags/pbp_ingestion_dag.py for tasks to queue
[2022-03-16 23:42:36,883] {logging_mixin.py:109} INFO - [2022-03-16 23:42:36,883] {dagbag.py:500} INFO - Filling up the DagBag from /opt/airflow/dags/pbp_ingestion_dag.py
[2022-03-16 23:42:37,813] {processor.py:654} INFO - DAG(s) dict_keys(['pbp_bucket_ingestion_dag']) retrieved from /opt/airflow/dags/pbp_ingestion_dag.py
[2022-03-16 23:42:37,825] {logging_mixin.py:109} INFO - [2022-03-16 23:42:37,825] {dag.py:2396} INFO - Sync 1 DAGs
[2022-03-16 23:42:37,858] {logging_mixin.py:109} INFO - [2022-03-16 23:42:37,858] {dag.py:2935} INFO - Setting next_dagrun for pbp_bucket_ingestion_dag to 2013-04-08T04:00:00+00:00
[2022-03-16 23:42:37,873] {processor.py:171} INFO - Processing /opt/airflow/dags/pbp_ingestion_dag.py took 0.999 seconds
[2022-03-16 23:43:08,069] {processor.py:163} INFO - Started process (PID=454) to work on /opt/airflow/dags/pbp_ingestion_dag.py
[2022-03-16 23:43:08,073] {processor.py:642} INFO - Processing file /opt/airflow/dags/pbp_ingestion_dag.py for tasks to queue
[2022-03-16 23:43:08,075] {logging_mixin.py:109} INFO - [2022-03-16 23:43:08,075] {dagbag.py:500} INFO - Filling up the DagBag from /opt/airflow/dags/pbp_ingestion_dag.py
[2022-03-16 23:43:09,854] {processor.py:654} INFO - DAG(s) dict_keys(['pbp_bucket_ingestion_dag']) retrieved from /opt/airflow/dags/pbp_ingestion_dag.py
[2022-03-16 23:43:09,882] {logging_mixin.py:109} INFO - [2022-03-16 23:43:09,882] {dag.py:2396} INFO - Sync 1 DAGs
[2022-03-16 23:43:09,959] {logging_mixin.py:109} INFO - [2022-03-16 23:43:09,959] {dag.py:2935} INFO - Setting next_dagrun for pbp_bucket_ingestion_dag to 2013-05-02T04:00:00+00:00
[2022-03-16 23:43:09,988] {processor.py:171} INFO - Processing /opt/airflow/dags/pbp_ingestion_dag.py took 1.924 seconds
[2022-03-16 23:43:40,623] {processor.py:163} INFO - Started process (PID=482) to work on /opt/airflow/dags/pbp_ingestion_dag.py
[2022-03-16 23:43:40,647] {processor.py:642} INFO - Processing file /opt/airflow/dags/pbp_ingestion_dag.py for tasks to queue
[2022-03-16 23:43:40,715] {logging_mixin.py:109} INFO - [2022-03-16 23:43:40,715] {dagbag.py:500} INFO - Filling up the DagBag from /opt/airflow/dags/pbp_ingestion_dag.py
[2022-03-16 23:43:44,750] {processor.py:654} INFO - DAG(s) dict_keys(['pbp_bucket_ingestion_dag']) retrieved from /opt/airflow/dags/pbp_ingestion_dag.py
[2022-03-16 23:43:44,782] {logging_mixin.py:109} INFO - [2022-03-16 23:43:44,782] {dag.py:2396} INFO - Sync 1 DAGs
[2022-03-16 23:43:44,839] {logging_mixin.py:109} INFO - [2022-03-16 23:43:44,839] {dag.py:2935} INFO - Setting next_dagrun for pbp_bucket_ingestion_dag to 2013-05-23T04:00:00+00:00
[2022-03-16 23:43:44,869] {processor.py:171} INFO - Processing /opt/airflow/dags/pbp_ingestion_dag.py took 4.259 seconds
[2022-03-16 23:44:15,203] {processor.py:163} INFO - Started process (PID=520) to work on /opt/airflow/dags/pbp_ingestion_dag.py
[2022-03-16 23:44:15,212] {processor.py:642} INFO - Processing file /opt/airflow/dags/pbp_ingestion_dag.py for tasks to queue
[2022-03-16 23:44:15,220] {logging_mixin.py:109} INFO - [2022-03-16 23:44:15,220] {dagbag.py:500} INFO - Filling up the DagBag from /opt/airflow/dags/pbp_ingestion_dag.py
[2022-03-16 23:44:17,591] {processor.py:654} INFO - DAG(s) dict_keys(['pbp_bucket_ingestion_dag']) retrieved from /opt/airflow/dags/pbp_ingestion_dag.py
[2022-03-16 23:44:17,604] {logging_mixin.py:109} INFO - [2022-03-16 23:44:17,604] {dag.py:2396} INFO - Sync 1 DAGs
[2022-03-16 23:44:17,633] {logging_mixin.py:109} INFO - [2022-03-16 23:44:17,632] {dag.py:2935} INFO - Setting next_dagrun for pbp_bucket_ingestion_dag to 2013-06-14T04:00:00+00:00
[2022-03-16 23:44:17,653] {processor.py:171} INFO - Processing /opt/airflow/dags/pbp_ingestion_dag.py took 2.464 seconds
[2022-03-16 23:44:47,803] {processor.py:163} INFO - Started process (PID=547) to work on /opt/airflow/dags/pbp_ingestion_dag.py
[2022-03-16 23:44:47,806] {processor.py:642} INFO - Processing file /opt/airflow/dags/pbp_ingestion_dag.py for tasks to queue
[2022-03-16 23:44:47,808] {logging_mixin.py:109} INFO - [2022-03-16 23:44:47,808] {dagbag.py:500} INFO - Filling up the DagBag from /opt/airflow/dags/pbp_ingestion_dag.py
[2022-03-16 23:44:50,024] {processor.py:654} INFO - DAG(s) dict_keys(['pbp_bucket_ingestion_dag']) retrieved from /opt/airflow/dags/pbp_ingestion_dag.py
[2022-03-16 23:44:50,063] {logging_mixin.py:109} INFO - [2022-03-16 23:44:50,062] {dag.py:2396} INFO - Sync 1 DAGs
[2022-03-16 23:44:50,115] {logging_mixin.py:109} INFO - [2022-03-16 23:44:50,115] {dag.py:2935} INFO - Setting next_dagrun for pbp_bucket_ingestion_dag to 2013-07-08T04:00:00+00:00
[2022-03-16 23:44:50,140] {processor.py:171} INFO - Processing /opt/airflow/dags/pbp_ingestion_dag.py took 2.342 seconds
[2022-03-16 23:45:20,334] {processor.py:163} INFO - Started process (PID=573) to work on /opt/airflow/dags/pbp_ingestion_dag.py
[2022-03-16 23:45:20,340] {processor.py:642} INFO - Processing file /opt/airflow/dags/pbp_ingestion_dag.py for tasks to queue
[2022-03-16 23:45:20,343] {logging_mixin.py:109} INFO - [2022-03-16 23:45:20,342] {dagbag.py:500} INFO - Filling up the DagBag from /opt/airflow/dags/pbp_ingestion_dag.py
[2022-03-16 23:45:22,348] {processor.py:654} INFO - DAG(s) dict_keys(['pbp_bucket_ingestion_dag']) retrieved from /opt/airflow/dags/pbp_ingestion_dag.py
[2022-03-16 23:45:22,371] {logging_mixin.py:109} INFO - [2022-03-16 23:45:22,370] {dag.py:2396} INFO - Sync 1 DAGs
[2022-03-16 23:45:22,422] {logging_mixin.py:109} INFO - [2022-03-16 23:45:22,422] {dag.py:2935} INFO - Setting next_dagrun for pbp_bucket_ingestion_dag to 2013-07-27T04:00:00+00:00
[2022-03-16 23:45:22,451] {processor.py:171} INFO - Processing /opt/airflow/dags/pbp_ingestion_dag.py took 2.133 seconds
[2022-03-16 23:45:52,628] {processor.py:163} INFO - Started process (PID=599) to work on /opt/airflow/dags/pbp_ingestion_dag.py
[2022-03-16 23:45:52,643] {processor.py:642} INFO - Processing file /opt/airflow/dags/pbp_ingestion_dag.py for tasks to queue
[2022-03-16 23:45:52,657] {logging_mixin.py:109} INFO - [2022-03-16 23:45:52,657] {dagbag.py:500} INFO - Filling up the DagBag from /opt/airflow/dags/pbp_ingestion_dag.py
[2022-03-16 23:45:54,032] {processor.py:654} INFO - DAG(s) dict_keys(['pbp_bucket_ingestion_dag']) retrieved from /opt/airflow/dags/pbp_ingestion_dag.py
[2022-03-16 23:45:54,044] {logging_mixin.py:109} INFO - [2022-03-16 23:45:54,044] {dag.py:2396} INFO - Sync 1 DAGs
[2022-03-16 23:45:54,107] {logging_mixin.py:109} INFO - [2022-03-16 23:45:54,107] {dag.py:2935} INFO - Setting next_dagrun for pbp_bucket_ingestion_dag to 2013-08-18T04:00:00+00:00
[2022-03-16 23:45:54,124] {processor.py:171} INFO - Processing /opt/airflow/dags/pbp_ingestion_dag.py took 1.500 seconds
[2022-03-16 23:46:24,253] {processor.py:163} INFO - Started process (PID=626) to work on /opt/airflow/dags/pbp_ingestion_dag.py
[2022-03-16 23:46:24,256] {processor.py:642} INFO - Processing file /opt/airflow/dags/pbp_ingestion_dag.py for tasks to queue
[2022-03-16 23:46:24,258] {logging_mixin.py:109} INFO - [2022-03-16 23:46:24,257] {dagbag.py:500} INFO - Filling up the DagBag from /opt/airflow/dags/pbp_ingestion_dag.py
[2022-03-16 23:46:24,947] {processor.py:654} INFO - DAG(s) dict_keys(['pbp_bucket_ingestion_dag']) retrieved from /opt/airflow/dags/pbp_ingestion_dag.py
[2022-03-16 23:46:24,955] {logging_mixin.py:109} INFO - [2022-03-16 23:46:24,954] {dag.py:2396} INFO - Sync 1 DAGs
[2022-03-16 23:46:24,972] {logging_mixin.py:109} INFO - [2022-03-16 23:46:24,971] {dag.py:2935} INFO - Setting next_dagrun for pbp_bucket_ingestion_dag to 2013-09-08T04:00:00+00:00
[2022-03-16 23:46:24,980] {processor.py:171} INFO - Processing /opt/airflow/dags/pbp_ingestion_dag.py took 0.732 seconds
[2022-03-16 23:46:55,089] {processor.py:163} INFO - Started process (PID=653) to work on /opt/airflow/dags/pbp_ingestion_dag.py
[2022-03-16 23:46:55,093] {processor.py:642} INFO - Processing file /opt/airflow/dags/pbp_ingestion_dag.py for tasks to queue
[2022-03-16 23:46:55,096] {logging_mixin.py:109} INFO - [2022-03-16 23:46:55,095] {dagbag.py:500} INFO - Filling up the DagBag from /opt/airflow/dags/pbp_ingestion_dag.py
[2022-03-16 23:46:57,800] {processor.py:654} INFO - DAG(s) dict_keys(['pbp_bucket_ingestion_dag']) retrieved from /opt/airflow/dags/pbp_ingestion_dag.py
[2022-03-16 23:46:57,818] {logging_mixin.py:109} INFO - [2022-03-16 23:46:57,818] {dag.py:2396} INFO - Sync 1 DAGs
[2022-03-16 23:46:57,853] {logging_mixin.py:109} INFO - [2022-03-16 23:46:57,853] {dag.py:2935} INFO - Setting next_dagrun for pbp_bucket_ingestion_dag to 2013-10-05T04:00:00+00:00
[2022-03-16 23:46:57,882] {processor.py:171} INFO - Processing /opt/airflow/dags/pbp_ingestion_dag.py took 2.798 seconds
[2022-03-16 23:47:28,110] {processor.py:163} INFO - Started process (PID=690) to work on /opt/airflow/dags/pbp_ingestion_dag.py
[2022-03-16 23:47:28,113] {processor.py:642} INFO - Processing file /opt/airflow/dags/pbp_ingestion_dag.py for tasks to queue
[2022-03-16 23:47:28,116] {logging_mixin.py:109} INFO - [2022-03-16 23:47:28,116] {dagbag.py:500} INFO - Filling up the DagBag from /opt/airflow/dags/pbp_ingestion_dag.py
[2022-03-16 23:47:29,371] {processor.py:654} INFO - DAG(s) dict_keys(['pbp_bucket_ingestion_dag']) retrieved from /opt/airflow/dags/pbp_ingestion_dag.py
[2022-03-16 23:47:29,393] {logging_mixin.py:109} INFO - [2022-03-16 23:47:29,393] {dag.py:2396} INFO - Sync 1 DAGs
[2022-03-16 23:47:29,437] {logging_mixin.py:109} INFO - [2022-03-16 23:47:29,437] {dag.py:2935} INFO - Setting next_dagrun for pbp_bucket_ingestion_dag to 2013-10-25T04:00:00+00:00
[2022-03-16 23:47:29,461] {processor.py:171} INFO - Processing /opt/airflow/dags/pbp_ingestion_dag.py took 1.370 seconds
[2022-03-16 23:47:59,703] {processor.py:163} INFO - Started process (PID=717) to work on /opt/airflow/dags/pbp_ingestion_dag.py
[2022-03-16 23:47:59,723] {processor.py:642} INFO - Processing file /opt/airflow/dags/pbp_ingestion_dag.py for tasks to queue
[2022-03-16 23:47:59,735] {logging_mixin.py:109} INFO - [2022-03-16 23:47:59,734] {dagbag.py:500} INFO - Filling up the DagBag from /opt/airflow/dags/pbp_ingestion_dag.py
[2022-03-16 23:50:25,277] {processor.py:163} INFO - Started process (PID=40) to work on /opt/airflow/dags/pbp_ingestion_dag.py
[2022-03-16 23:50:25,281] {processor.py:642} INFO - Processing file /opt/airflow/dags/pbp_ingestion_dag.py for tasks to queue
[2022-03-16 23:50:25,284] {logging_mixin.py:109} INFO - [2022-03-16 23:50:25,284] {dagbag.py:500} INFO - Filling up the DagBag from /opt/airflow/dags/pbp_ingestion_dag.py
[2022-03-16 23:50:31,252] {processor.py:654} INFO - DAG(s) dict_keys(['pbp_bucket_ingestion_dag']) retrieved from /opt/airflow/dags/pbp_ingestion_dag.py
[2022-03-16 23:50:32,899] {logging_mixin.py:109} INFO - [2022-03-16 23:50:32,897] {dag.py:2396} INFO - Sync 1 DAGs
[2022-03-16 23:50:32,947] {logging_mixin.py:109} INFO - [2022-03-16 23:50:32,947] {dag.py:2935} INFO - Setting next_dagrun for pbp_bucket_ingestion_dag to 2013-11-15T04:00:00+00:00
[2022-03-16 23:50:32,984] {processor.py:171} INFO - Processing /opt/airflow/dags/pbp_ingestion_dag.py took 7.724 seconds
[2022-03-16 23:51:03,199] {processor.py:163} INFO - Started process (PID=77) to work on /opt/airflow/dags/pbp_ingestion_dag.py
[2022-03-16 23:51:03,224] {processor.py:642} INFO - Processing file /opt/airflow/dags/pbp_ingestion_dag.py for tasks to queue
[2022-03-16 23:51:03,251] {logging_mixin.py:109} INFO - [2022-03-16 23:51:03,250] {dagbag.py:500} INFO - Filling up the DagBag from /opt/airflow/dags/pbp_ingestion_dag.py
[2022-03-16 23:51:08,167] {processor.py:654} INFO - DAG(s) dict_keys(['pbp_bucket_ingestion_dag']) retrieved from /opt/airflow/dags/pbp_ingestion_dag.py
[2022-03-16 23:51:08,187] {logging_mixin.py:109} INFO - [2022-03-16 23:51:08,186] {dag.py:2396} INFO - Sync 1 DAGs
[2022-03-16 23:51:08,266] {logging_mixin.py:109} INFO - [2022-03-16 23:51:08,265] {dag.py:2935} INFO - Setting next_dagrun for pbp_bucket_ingestion_dag to 2013-12-01T04:00:00+00:00
[2022-03-16 23:51:08,410] {processor.py:171} INFO - Processing /opt/airflow/dags/pbp_ingestion_dag.py took 5.275 seconds
[2022-03-16 23:51:38,717] {processor.py:163} INFO - Started process (PID=109) to work on /opt/airflow/dags/pbp_ingestion_dag.py
[2022-03-16 23:51:38,720] {processor.py:642} INFO - Processing file /opt/airflow/dags/pbp_ingestion_dag.py for tasks to queue
[2022-03-16 23:51:38,722] {logging_mixin.py:109} INFO - [2022-03-16 23:51:38,722] {dagbag.py:500} INFO - Filling up the DagBag from /opt/airflow/dags/pbp_ingestion_dag.py
[2022-03-16 23:51:39,956] {processor.py:654} INFO - DAG(s) dict_keys(['pbp_bucket_ingestion_dag']) retrieved from /opt/airflow/dags/pbp_ingestion_dag.py
[2022-03-16 23:51:39,970] {logging_mixin.py:109} INFO - [2022-03-16 23:51:39,970] {dag.py:2396} INFO - Sync 1 DAGs
[2022-03-16 23:51:39,996] {logging_mixin.py:109} INFO - [2022-03-16 23:51:39,995] {dag.py:2935} INFO - Setting next_dagrun for pbp_bucket_ingestion_dag to 2013-12-16T04:00:00+00:00
[2022-03-16 23:51:40,010] {processor.py:171} INFO - Processing /opt/airflow/dags/pbp_ingestion_dag.py took 1.299 seconds
[2022-03-16 23:52:10,232] {processor.py:163} INFO - Started process (PID=126) to work on /opt/airflow/dags/pbp_ingestion_dag.py
[2022-03-16 23:52:10,242] {processor.py:642} INFO - Processing file /opt/airflow/dags/pbp_ingestion_dag.py for tasks to queue
[2022-03-16 23:52:10,252] {logging_mixin.py:109} INFO - [2022-03-16 23:52:10,250] {dagbag.py:500} INFO - Filling up the DagBag from /opt/airflow/dags/pbp_ingestion_dag.py
[2022-03-16 23:52:13,418] {processor.py:654} INFO - DAG(s) dict_keys(['pbp_bucket_ingestion_dag']) retrieved from /opt/airflow/dags/pbp_ingestion_dag.py
[2022-03-16 23:52:13,439] {logging_mixin.py:109} INFO - [2022-03-16 23:52:13,438] {dag.py:2396} INFO - Sync 1 DAGs
[2022-03-16 23:52:13,491] {logging_mixin.py:109} INFO - [2022-03-16 23:52:13,491] {dag.py:2935} INFO - Setting next_dagrun for pbp_bucket_ingestion_dag to 2013-12-30T04:00:00+00:00
[2022-03-16 23:52:13,550] {processor.py:171} INFO - Processing /opt/airflow/dags/pbp_ingestion_dag.py took 3.326 seconds
