[2022-03-18 15:21:41,742] {taskinstance.py:1032} INFO - Dependencies all met for <TaskInstance: pbp_bucket_ingestion_dag.get_pbp_data scheduled__2010-12-05T04:00:00+00:00 [queued]>
[2022-03-18 15:21:41,777] {taskinstance.py:1032} INFO - Dependencies all met for <TaskInstance: pbp_bucket_ingestion_dag.get_pbp_data scheduled__2010-12-05T04:00:00+00:00 [queued]>
[2022-03-18 15:21:41,779] {taskinstance.py:1238} INFO - 
--------------------------------------------------------------------------------
[2022-03-18 15:21:41,780] {taskinstance.py:1239} INFO - Starting attempt 2 of 3
[2022-03-18 15:21:41,785] {taskinstance.py:1240} INFO - 
--------------------------------------------------------------------------------
[2022-03-18 15:21:41,833] {taskinstance.py:1259} INFO - Executing <Task(PythonOperator): get_pbp_data> on 2010-12-05 04:00:00+00:00
[2022-03-18 15:21:41,853] {standard_task_runner.py:52} INFO - Started process 279 to run task
[2022-03-18 15:21:41,871] {standard_task_runner.py:76} INFO - Running: ['***', 'tasks', 'run', 'pbp_bucket_ingestion_dag', 'get_pbp_data', 'scheduled__2010-12-05T04:00:00+00:00', '--job-id', '6415', '--raw', '--subdir', 'DAGS_FOLDER/pbp_ingestion_dag.py', '--cfg-path', '/tmp/tmp0e6xdtf8', '--error-file', '/tmp/tmpmdcpz3fb']
[2022-03-18 15:21:41,874] {standard_task_runner.py:77} INFO - Job 6415: Subtask get_pbp_data
[2022-03-18 15:21:42,166] {logging_mixin.py:109} INFO - Running <TaskInstance: pbp_bucket_ingestion_dag.get_pbp_data scheduled__2010-12-05T04:00:00+00:00 [running]> on host 9a1698cd207d
[2022-03-18 15:21:42,366] {taskinstance.py:1426} INFO - Exporting the following env vars:
AIRFLOW_CTX_DAG_OWNER=***
AIRFLOW_CTX_DAG_ID=pbp_bucket_ingestion_dag
AIRFLOW_CTX_TASK_ID=get_pbp_data
AIRFLOW_CTX_EXECUTION_DATE=2010-12-05T04:00:00+00:00
AIRFLOW_CTX_DAG_RUN_ID=scheduled__2010-12-05T04:00:00+00:00
[2022-03-18 15:21:42,735] {python.py:175} INFO - Done. Returned value was: None
[2022-03-18 15:21:42,782] {taskinstance.py:1277} INFO - Marking task as SUCCESS. dag_id=pbp_bucket_ingestion_dag, task_id=get_pbp_data, execution_date=20101205T040000, start_date=20220318T152141, end_date=20220318T152142
[2022-03-18 15:21:42,868] {local_task_job.py:154} INFO - Task exited with return code 0
[2022-03-18 15:21:42,980] {local_task_job.py:264} INFO - 0 downstream tasks scheduled from follow-on schedule check
