[2022-03-18 04:45:50,957] {taskinstance.py:1032} INFO - Dependencies all met for <TaskInstance: pbp_bucket_ingestion_dag.get_pbp_data scheduled__2014-10-12T04:00:00+00:00 [queued]>
[2022-03-18 04:45:51,013] {taskinstance.py:1032} INFO - Dependencies all met for <TaskInstance: pbp_bucket_ingestion_dag.get_pbp_data scheduled__2014-10-12T04:00:00+00:00 [queued]>
[2022-03-18 04:45:51,014] {taskinstance.py:1238} INFO - 
--------------------------------------------------------------------------------
[2022-03-18 04:45:51,021] {taskinstance.py:1239} INFO - Starting attempt 2 of 2
[2022-03-18 04:45:51,023] {taskinstance.py:1240} INFO - 
--------------------------------------------------------------------------------
[2022-03-18 04:45:51,075] {taskinstance.py:1259} INFO - Executing <Task(PythonOperator): get_pbp_data> on 2014-10-12 04:00:00+00:00
[2022-03-18 04:45:51,093] {standard_task_runner.py:52} INFO - Started process 417 to run task
[2022-03-18 04:45:51,115] {standard_task_runner.py:76} INFO - Running: ['***', 'tasks', 'run', 'pbp_bucket_ingestion_dag', 'get_pbp_data', 'scheduled__2014-10-12T04:00:00+00:00', '--job-id', '6243', '--raw', '--subdir', 'DAGS_FOLDER/pbp_ingestion_dag.py', '--cfg-path', '/tmp/tmpy_isdfer', '--error-file', '/tmp/tmpfyv3gmc_']
[2022-03-18 04:45:51,125] {standard_task_runner.py:77} INFO - Job 6243: Subtask get_pbp_data
[2022-03-18 04:45:51,291] {logging_mixin.py:109} INFO - Running <TaskInstance: pbp_bucket_ingestion_dag.get_pbp_data scheduled__2014-10-12T04:00:00+00:00 [running]> on host a2ba0547c319
[2022-03-18 04:45:51,413] {taskinstance.py:1426} INFO - Exporting the following env vars:
AIRFLOW_CTX_DAG_OWNER=***
AIRFLOW_CTX_DAG_ID=pbp_bucket_ingestion_dag
AIRFLOW_CTX_TASK_ID=get_pbp_data
AIRFLOW_CTX_EXECUTION_DATE=2014-10-12T04:00:00+00:00
AIRFLOW_CTX_DAG_RUN_ID=scheduled__2014-10-12T04:00:00+00:00
[2022-03-18 04:45:54,474] {python.py:175} INFO - Done. Returned value was: None
[2022-03-18 04:45:54,497] {taskinstance.py:1277} INFO - Marking task as SUCCESS. dag_id=pbp_bucket_ingestion_dag, task_id=get_pbp_data, execution_date=20141012T040000, start_date=20220318T044550, end_date=20220318T044554
[2022-03-18 04:45:54,563] {local_task_job.py:154} INFO - Task exited with return code 0
[2022-03-18 04:45:54,677] {local_task_job.py:264} INFO - 0 downstream tasks scheduled from follow-on schedule check
