[2022-03-18 15:28:11,688] {taskinstance.py:1032} INFO - Dependencies all met for <TaskInstance: pbp_bucket_ingestion_dag.get_pbp_data scheduled__2011-07-06T04:00:00+00:00 [queued]>
[2022-03-18 15:28:11,718] {taskinstance.py:1032} INFO - Dependencies all met for <TaskInstance: pbp_bucket_ingestion_dag.get_pbp_data scheduled__2011-07-06T04:00:00+00:00 [queued]>
[2022-03-18 15:28:11,727] {taskinstance.py:1238} INFO - 
--------------------------------------------------------------------------------
[2022-03-18 15:28:11,736] {taskinstance.py:1239} INFO - Starting attempt 2 of 3
[2022-03-18 15:28:11,705] {taskinstance.py:1240} INFO - 
--------------------------------------------------------------------------------
[2022-03-18 15:28:11,731] {taskinstance.py:1259} INFO - Executing <Task(PythonOperator): get_pbp_data> on 2011-07-06 04:00:00+00:00
[2022-03-18 15:28:11,739] {standard_task_runner.py:52} INFO - Started process 142 to run task
[2022-03-18 15:28:11,746] {standard_task_runner.py:76} INFO - Running: ['***', 'tasks', 'run', 'pbp_bucket_ingestion_dag', 'get_pbp_data', 'scheduled__2011-07-06T04:00:00+00:00', '--job-id', '6527', '--raw', '--subdir', 'DAGS_FOLDER/pbp_ingestion_dag.py', '--cfg-path', '/tmp/tmppu9febyk', '--error-file', '/tmp/tmpvnxrlz6c']
[2022-03-18 15:28:11,748] {standard_task_runner.py:77} INFO - Job 6527: Subtask get_pbp_data
[2022-03-18 15:28:11,841] {logging_mixin.py:109} INFO - Running <TaskInstance: pbp_bucket_ingestion_dag.get_pbp_data scheduled__2011-07-06T04:00:00+00:00 [running]> on host 64466ce74801
[2022-03-18 15:28:11,934] {taskinstance.py:1426} INFO - Exporting the following env vars:
AIRFLOW_CTX_DAG_OWNER=***
AIRFLOW_CTX_DAG_ID=pbp_bucket_ingestion_dag
AIRFLOW_CTX_TASK_ID=get_pbp_data
AIRFLOW_CTX_EXECUTION_DATE=2011-07-06T04:00:00+00:00
AIRFLOW_CTX_DAG_RUN_ID=scheduled__2011-07-06T04:00:00+00:00
[2022-03-18 15:28:49,916] {python.py:175} INFO - Done. Returned value was: None
[2022-03-18 15:28:49,947] {taskinstance.py:1277} INFO - Marking task as SUCCESS. dag_id=pbp_bucket_ingestion_dag, task_id=get_pbp_data, execution_date=20110706T040000, start_date=20220318T152811, end_date=20220318T152849
[2022-03-18 15:28:50,026] {local_task_job.py:154} INFO - Task exited with return code 0
[2022-03-18 15:28:50,064] {local_task_job.py:264} INFO - 0 downstream tasks scheduled from follow-on schedule check
