[2022-03-18 04:45:58,222] {taskinstance.py:1032} INFO - Dependencies all met for <TaskInstance: pbp_bucket_ingestion_dag.get_pbp_data scheduled__2014-10-16T04:00:00+00:00 [queued]>
[2022-03-18 04:45:58,318] {taskinstance.py:1032} INFO - Dependencies all met for <TaskInstance: pbp_bucket_ingestion_dag.get_pbp_data scheduled__2014-10-16T04:00:00+00:00 [queued]>
[2022-03-18 04:45:58,321] {taskinstance.py:1238} INFO - 
--------------------------------------------------------------------------------
[2022-03-18 04:45:58,324] {taskinstance.py:1239} INFO - Starting attempt 2 of 2
[2022-03-18 04:45:58,327] {taskinstance.py:1240} INFO - 
--------------------------------------------------------------------------------
[2022-03-18 04:45:58,379] {taskinstance.py:1259} INFO - Executing <Task(PythonOperator): get_pbp_data> on 2014-10-16 04:00:00+00:00
[2022-03-18 04:45:58,400] {standard_task_runner.py:52} INFO - Started process 435 to run task
[2022-03-18 04:45:58,451] {standard_task_runner.py:76} INFO - Running: ['***', 'tasks', 'run', 'pbp_bucket_ingestion_dag', 'get_pbp_data', 'scheduled__2014-10-16T04:00:00+00:00', '--job-id', '6247', '--raw', '--subdir', 'DAGS_FOLDER/pbp_ingestion_dag.py', '--cfg-path', '/tmp/tmphc00_m68', '--error-file', '/tmp/tmpn5ajz1rb']
[2022-03-18 04:45:58,477] {standard_task_runner.py:77} INFO - Job 6247: Subtask get_pbp_data
[2022-03-18 04:45:58,924] {logging_mixin.py:109} INFO - Running <TaskInstance: pbp_bucket_ingestion_dag.get_pbp_data scheduled__2014-10-16T04:00:00+00:00 [running]> on host a2ba0547c319
[2022-03-18 04:45:59,128] {taskinstance.py:1426} INFO - Exporting the following env vars:
AIRFLOW_CTX_DAG_OWNER=***
AIRFLOW_CTX_DAG_ID=pbp_bucket_ingestion_dag
AIRFLOW_CTX_TASK_ID=get_pbp_data
AIRFLOW_CTX_EXECUTION_DATE=2014-10-16T04:00:00+00:00
AIRFLOW_CTX_DAG_RUN_ID=scheduled__2014-10-16T04:00:00+00:00
[2022-03-18 04:46:01,733] {python.py:175} INFO - Done. Returned value was: None
[2022-03-18 04:46:01,750] {taskinstance.py:1277} INFO - Marking task as SUCCESS. dag_id=pbp_bucket_ingestion_dag, task_id=get_pbp_data, execution_date=20141016T040000, start_date=20220318T044558, end_date=20220318T044601
[2022-03-18 04:46:01,814] {local_task_job.py:154} INFO - Task exited with return code 0
[2022-03-18 04:46:01,856] {local_task_job.py:264} INFO - 0 downstream tasks scheduled from follow-on schedule check
