[2022-03-17 01:57:28,466] {taskinstance.py:1032} INFO - Dependencies all met for <TaskInstance: pbp_bucket_ingestion_dag.get_pbp_data scheduled__2015-06-21T04:00:00+00:00 [queued]>
[2022-03-17 01:57:28,494] {taskinstance.py:1032} INFO - Dependencies all met for <TaskInstance: pbp_bucket_ingestion_dag.get_pbp_data scheduled__2015-06-21T04:00:00+00:00 [queued]>
[2022-03-17 01:57:28,497] {taskinstance.py:1238} INFO - 
--------------------------------------------------------------------------------
[2022-03-17 01:57:28,499] {taskinstance.py:1239} INFO - Starting attempt 1 of 1
[2022-03-17 01:57:28,501] {taskinstance.py:1240} INFO - 
--------------------------------------------------------------------------------
[2022-03-17 01:57:28,532] {taskinstance.py:1259} INFO - Executing <Task(PythonOperator): get_pbp_data> on 2015-06-21 04:00:00+00:00
[2022-03-17 01:57:28,548] {standard_task_runner.py:52} INFO - Started process 94 to run task
[2022-03-17 01:57:28,587] {standard_task_runner.py:76} INFO - Running: ['***', 'tasks', 'run', 'pbp_bucket_ingestion_dag', 'get_pbp_data', 'scheduled__2015-06-21T04:00:00+00:00', '--job-id', '5863', '--raw', '--subdir', 'DAGS_FOLDER/pbp_ingestion_dag.py', '--cfg-path', '/tmp/tmpyekrinbv', '--error-file', '/tmp/tmp47fpca7q']
[2022-03-17 01:57:28,594] {standard_task_runner.py:77} INFO - Job 5863: Subtask get_pbp_data
[2022-03-17 01:57:28,787] {logging_mixin.py:109} INFO - Running <TaskInstance: pbp_bucket_ingestion_dag.get_pbp_data scheduled__2015-06-21T04:00:00+00:00 [running]> on host 4a1a6cb52d3f
[2022-03-17 01:57:29,008] {taskinstance.py:1426} INFO - Exporting the following env vars:
AIRFLOW_CTX_DAG_OWNER=***
AIRFLOW_CTX_DAG_ID=pbp_bucket_ingestion_dag
AIRFLOW_CTX_TASK_ID=get_pbp_data
AIRFLOW_CTX_EXECUTION_DATE=2015-06-21T04:00:00+00:00
AIRFLOW_CTX_DAG_RUN_ID=scheduled__2015-06-21T04:00:00+00:00
[2022-03-17 01:57:55,793] {python.py:175} INFO - Done. Returned value was: None
[2022-03-17 01:57:55,809] {taskinstance.py:1277} INFO - Marking task as SUCCESS. dag_id=pbp_bucket_ingestion_dag, task_id=get_pbp_data, execution_date=20150621T040000, start_date=20220317T015728, end_date=20220317T015755
[2022-03-17 01:57:55,855] {local_task_job.py:154} INFO - Task exited with return code 0
[2022-03-17 01:57:55,891] {local_task_job.py:264} INFO - 0 downstream tasks scheduled from follow-on schedule check
