[2022-03-17 02:51:26,653] {taskinstance.py:1032} INFO - Dependencies all met for <TaskInstance: pbp_bucket_ingestion_dag.get_pbp_data scheduled__2014-08-22T04:00:00+00:00 [queued]>
[2022-03-17 02:51:26,668] {taskinstance.py:1032} INFO - Dependencies all met for <TaskInstance: pbp_bucket_ingestion_dag.get_pbp_data scheduled__2014-08-22T04:00:00+00:00 [queued]>
[2022-03-17 02:51:26,669] {taskinstance.py:1238} INFO - 
--------------------------------------------------------------------------------
[2022-03-17 02:51:26,670] {taskinstance.py:1239} INFO - Starting attempt 2 of 2
[2022-03-17 02:51:26,671] {taskinstance.py:1240} INFO - 
--------------------------------------------------------------------------------
[2022-03-17 02:51:26,684] {taskinstance.py:1259} INFO - Executing <Task(PythonOperator): get_pbp_data> on 2014-08-22 04:00:00+00:00
[2022-03-17 02:51:26,691] {standard_task_runner.py:52} INFO - Started process 677 to run task
[2022-03-17 02:51:26,697] {standard_task_runner.py:76} INFO - Running: ['***', 'tasks', 'run', 'pbp_bucket_ingestion_dag', 'get_pbp_data', 'scheduled__2014-08-22T04:00:00+00:00', '--job-id', '6006', '--raw', '--subdir', 'DAGS_FOLDER/pbp_ingestion_dag.py', '--cfg-path', '/tmp/tmp_w9odwx4', '--error-file', '/tmp/tmp56yly726']
[2022-03-17 02:51:26,699] {standard_task_runner.py:77} INFO - Job 6006: Subtask get_pbp_data
[2022-03-17 02:51:26,779] {logging_mixin.py:109} INFO - Running <TaskInstance: pbp_bucket_ingestion_dag.get_pbp_data scheduled__2014-08-22T04:00:00+00:00 [running]> on host 0e12c27218bc
[2022-03-17 02:51:26,859] {taskinstance.py:1426} INFO - Exporting the following env vars:
AIRFLOW_CTX_DAG_OWNER=***
AIRFLOW_CTX_DAG_ID=pbp_bucket_ingestion_dag
AIRFLOW_CTX_TASK_ID=get_pbp_data
AIRFLOW_CTX_EXECUTION_DATE=2014-08-22T04:00:00+00:00
AIRFLOW_CTX_DAG_RUN_ID=scheduled__2014-08-22T04:00:00+00:00
[2022-03-17 02:51:56,755] {python.py:175} INFO - Done. Returned value was: None
[2022-03-17 02:51:56,771] {taskinstance.py:1277} INFO - Marking task as SUCCESS. dag_id=pbp_bucket_ingestion_dag, task_id=get_pbp_data, execution_date=20140822T040000, start_date=20220317T025126, end_date=20220317T025156
[2022-03-17 02:51:56,838] {local_task_job.py:154} INFO - Task exited with return code 0
[2022-03-17 02:51:56,873] {local_task_job.py:264} INFO - 0 downstream tasks scheduled from follow-on schedule check
